# hmmsearch :: search profile(s) against a sequence database
# HMMER 3.3.2 (Nov 2020); http://hmmer.org/
# Copyright (C) 2020 Howard Hughes Medical Institute.
# Freely distributed under the BSD open source license.
# - - - - - - - - - - - - - - - - - - - - - - - - - - - - - - - - - - - -
# query HMM file:                  /home/kyle/Desktop/HMMER_WORK/HMMs/Full/SIN1_FULL.hmm
# target sequence database:        /home/kyle/Desktop/HMMER_WORK/Metazoa/Proteins/Schistosoma_mansoni.Smansoni_v7.pep.all.fa
# - - - - - - - - - - - - - - - - - - - - - - - - - - - - - - - - - - - -

Query:       PTHR13335.orig.30.pir  [M=672]
Scores for complete sequences (score includes all domains):
   --- full sequence ---   --- best 1 domain ---    -#dom-
    E-value  score  bias    E-value  score  bias    exp  N  Sequence     Description
    ------- ------ -----    ------- ------ -----   ---- --  --------     -----------
    2.2e-24   86.1   0.8    2.2e-24   86.1   0.8    2.4  2  Smp_136490.2  pep scaffold:Smansoni_v7:SM_V7_ZW:84494551:8451
    3.7e-24   85.4   0.5    3.7e-24   85.4   0.5    3.4  3  Smp_136490.1  pep scaffold:Smansoni_v7:SM_V7_ZW:84493244:8451
    0.00036   19.3   6.5    0.00042   19.1   6.5    1.2  1  Smp_139600.1  pep scaffold:Smansoni_v7:SM_V7_1:51060559:51094


Domain annotation for each sequence (and alignments):
>> Smp_136490.2  pep scaffold:Smansoni_v7:SM_V7_ZW:84494551:84511763:-1 gene:Smp_136490 transcript:Smp_136490.2 gene_bio
   #    score  bias  c-Evalue  i-Evalue hmmfrom  hmm to    alifrom  ali to    envfrom  env to     acc
 ---   ------ ----- --------- --------- ------- -------    ------- -------    ------- -------    ----
   1 !   86.1   0.8   4.6e-28   2.2e-24     225     621 ..      81     506 ..       3     514 .. 0.77
   2 ?   -4.6   4.1       1.2     6e+03     187     226 ..     524     580 ..     515     595 .. 0.34

  Alignments for each domain:
  == domain 1  score: 86.1 bits;  conditional E-value: 4.6e-28
  PTHR13335.orig.30.pir 225 q......lsaeesdslfekkskssstktqkskkpssa.akqsi..............sslssaLekkps....qlnnpfneyakfdgk 287
                                   + +++++sl +kk++s++++   ++  +   + ++i              s l+ aLe++++    ++n+ f  +a +d+ 
           Smp_136490.2  81 FyssinsFEDSQQSSLSHKKNASNIRQLSAEEVDKYFpS-KPIvrtnkpdtalksekSGLTLALEQAKLsghlKRNKLFSDFAIYDAR 167
                            044444466666666666666666666655555555522.3333334444445555677788*******8887799999********* PP

  PTHR13335.orig.30.pir 288 gvgttaslkidiylplssepdkllpltv...............vvkasatVqevIGlaLwqyteegrepklpdnk.....vn...... 349
                            +  +t+++  d  +p    ++ l  + v                 +  +tVq+++Gl+Lwqy++e   ++  +       ++      
           Smp_136490.2 168 STLGTNQRVPDSRFPDANVDPSLRQFNVwlwrlrgfprtsikvQPRLGTTVQQFVGLTLWQYFNEFSTSDVDSTLaptqlDDldesfl 255
                            *6699999999999998885555555555555555544443226667******************98777777666666611555677 PP

  PTHR13335.orig.30.pir 350 .aycLrivE......dDGe.vddDFPpLDrnepiskfgfselaLveatdsegktnndlqtplpreqkkrleeakrsagsaneagssls 429
                             +  L++ +      dD+e vd +FPpL+ n pi+k+ f  +aLve+   + ++                                  
           Smp_136490.2 256 nRLALHMFDtlddeyDDNEdVDSEFPPLELNDPIHKYEFKSFALVERVQTPLEEAS-------------------------------- 311
                            7******9888888888888*******************************88811................................ PP

  PTHR13335.orig.30.pir 430 tesskeslfvkvnlaypgdsvrskttivvptdvtladvlekackkrkldqkky....................rllkvsepnvivdld 497
                             +++ + + v++++a+ g s      + +p+d+ l+ vle a+ +r+l q                          +++++n  +dl 
           Smp_136490.2 312 -KKEISHVLVTIHMAQ-GMS-----VLRFPSDTCLSTVLERAVYRRRLRQHGGyayrlelwprntdqqnnnikSNNILLNKNSQLDLS 392
                            .125667889999955.666.....8************************9989*******************9999*********** PP

  PTHR13335.orig.30.pir 498 rtve...sldgleflllrknssradgvlekteskssssanatissksaaedsqiqiatvqddlsssayksfkVsrkhkmrfktdrelg 582
                            ++++   +++     ll++ ssr d++l+ ++++    a++t+      e+  + + t  +   + + ++++V++ + +++  +++l 
           Smp_136490.2 393 KPLSyfiAAGLPLHFLLVRESSRCDTALSDQNDDI--EATKTL------ESMLALDTTLEPVHTALHLRQYQVTYLKGLFP-PEVQLN 471
                            ****9985655444555556667888888333222..222222......8889999999999***************8877.****** PP

  PTHR13335.orig.30.pir 583 IdgdyieimPvenqkaatkfwekqKtisihisqvvackl 621
                            I+ +   i + + + ++    +  K+i i i+ +++c+l
           Smp_136490.2 472 ISSNELKIEQKRPKLFS----KLMKPIIIQINAIADCEL 506
                            **********9999998....99**************98 PP

  == domain 2  score: -4.6 bits;  conditional E-value: 1.2
  PTHR13335.orig.30.pir 187 dsvqrassesslsserssdssssssapsr.rq.........snkldseq.................l 226
                            + ++++   +++  + + +    ss+ ++ ++                +                 +
           Smp_136490.2 524 TNTTSTNTTTTTNATNNNN----SSIDEFnQKfssvnktdnL------SsdyiikgnhktfnkhhiT 580
                            3333333333333333333....3333332223222222220......1223333333333333332 PP

>> Smp_136490.1  pep scaffold:Smansoni_v7:SM_V7_ZW:84493244:84511763:-1 gene:Smp_136490 transcript:Smp_136490.1 gene_bio
   #    score  bias  c-Evalue  i-Evalue hmmfrom  hmm to    alifrom  ali to    envfrom  env to     acc
 ---   ------ ----- --------- --------- ------- -------    ------- -------    ------- -------    ----
   1 ?   -1.4   0.0      0.14   6.7e+02       7      40 ..       8      44 ..       1      68 [. 0.74
   2 !   85.4   0.5   7.6e-28   3.7e-24     225     621 ..      83     506 ..      19     513 .. 0.77
   3 ?  -15.8  17.8         3   1.4e+04     160     160 ..     661     661 ..     509     753 .. 0.47

  Alignments for each domain:
  == domain 1  score: -1.4 bits;  conditional E-value: 0.14
  PTHR13335.orig.30.pir  7 edillahlRtsyltsdddgmcerilndd....dvdlek 40
                           ++il++  R+ + + dd+g ce++ln+     d ++e+
           Smp_136490.1  8 ATILNY-VRNCFASGDDSGFCEKLLNKVkdvtDEEIES 44
                           455555.9******************975555444444 PP

  == domain 2  score: 85.4 bits;  conditional E-value: 7.6e-28
  PTHR13335.orig.30.pir 225 q....lsaeesdslfekkskssstktqkskkpssa.akqsi..............sslssaLekkps....qlnnpfneyakfdgkgv 289
                            +    + +++++sl +kk++s++++   ++  +   + ++i              s l+ aLe++++    ++n+ f  +a +d+ + 
           Smp_136490.1  83 SsinsFEDSQQSSLSHKKNASNIRQLSAEEVDKYFpS-KPIvrtnkpdtalksekSGLTLALEQAKLsghlKRNKLFSDFAIYDARST 169
                            0333356666666666666666666555555555522.3333333333444555677788*******8887799999**********6 PP

  PTHR13335.orig.30.pir 290 gttaslkidiylplssepdkllpltv...............vvkasatVqevIGlaLwqyteegrepklpdnk.....vn.......a 350
                             +t+++  d  +p    ++ l  + v                 +  +tVq+++Gl+Lwqy++e   ++  +       ++       +
           Smp_136490.1 170 LGTNQRVPDSRFPDANVDPSLRQFNVwlwrlrgfprtsikvQPRLGTTVQQFVGLTLWQYFNEFSTSDVDSTLaptqlDDldesflnR 257
                            699999999999998885555555555555555544443226667******************987777776666666115556777* PP

  PTHR13335.orig.30.pir 351 ycLrivE......dDGe.vddDFPpLDrnepiskfgfselaLveatdsegktnndlqtplpreqkkrleeakrsagsaneagsslste 431
                              L++ +      dD+e vd +FPpL+ n pi+k+ f  +aLve+   + ++                                   +
           Smp_136490.1 258 LALHMFDtlddeyDDNEdVDSEFPPLELNDPIHKYEFKSFALVERVQTPLEEAS---------------------------------K 312
                            *****9888888888888*******************************88811.................................1 PP

  PTHR13335.orig.30.pir 432 sskeslfvkvnlaypgdsvrskttivvptdvtladvlekackkrkldqkky....................rllkvsepnvivdldrt 499
                            ++ + + v++++a+ g s      + +p+d+ l+ vle a+ +r+l q                          +++++n  +dl ++
           Smp_136490.1 313 KEISHVLVTIHMAQ-GMS-----VLRFPSDTCLSTVLERAVYRRRLRQHGGyayrlelwprntdqqnnnikSNNILLNKNSQLDLSKP 394
                            25667889999955.666.....8************************9989*******************9999************* PP

  PTHR13335.orig.30.pir 500 ve...sldgleflllrknssradgvlekteskssssanatissksaaedsqiqiatvqddlsssayksfkVsrkhkmrfktdrelgId 584
                            ++   +++     ll++ ssr d++l+ ++++    a++t+      e+  + + t  +   + + ++++V++ + +++  +++l I+
           Smp_136490.1 395 LSyfiAAGLPLHFLLVRESSRCDTALSDQNDDI--EATKTL------ESMLALDTTLEPVHTALHLRQYQVTYLKGLFP-PEVQLNIS 473
                            **9985655444555556667888888333222..222222......8889999999999***************8877.******** PP

  PTHR13335.orig.30.pir 585 gdyieimPvenqkaatkfwekqKtisihisqvvackl 621
                             +   i + + + ++    +  K+i i i+ +++c+l
           Smp_136490.1 474 SNELKIEQKRPKLFS----KLMKPIIIQINAIADCEL 506
                            ********9999998....99**************98 PP

  == domain 3  score: -15.8 bits;  conditional E-value: 3
  PTHR13335.orig.30.pir 160 a 160
                             
           Smp_136490.1 661 P 661
                            0 PP

>> Smp_139600.1  pep scaffold:Smansoni_v7:SM_V7_1:51060559:51094893:1 gene:Smp_139600 transcript:Smp_139600.1 gene_bioty
   #    score  bias  c-Evalue  i-Evalue hmmfrom  hmm to    alifrom  ali to    envfrom  env to     acc
 ---   ------ ----- --------- --------- ------- -------    ------- -------    ------- -------    ----
   1 !   19.1   6.5   8.8e-08   0.00042      86     158 ..     246     330 ..      46     360 .. 0.73

  Alignments for each domain:
  == domain 1  score: 19.1 bits;  conditional E-value: 8.8e-08
  PTHR13335.orig.30.pir  86 g..................gdtkarrkkpsldqrretqgekqssesesspsyeeelqsvdissssldegsrrrrantavkleklrker 155
                            +                   +t+++++++ l++++e+     ++ +e  +++++++q++  + ++++ + + +++ ++++l+ l+ + 
           Smp_139600.1 246 HvasvhkktpfpisfmvprQQTQQQQQHQTLQTQQEQ-----QQIQEMLQQQQQQQQEQHQQ-QQQQHQLIHHQQEQQQQLTVLQTQP 327
                            0444444444455543111233333333333333333.....34445555566555666666.5555556666669999999999986 PP

  PTHR13335.orig.30.pir 156 rsk 158
                            +s+
           Smp_139600.1 328 HSQ 330
                            654 PP



Internal pipeline statistics summary:
-------------------------------------
Query model(s):                            1  (672 nodes)
Target sequences:                      14499  (8563460 residues searched)
Passed MSV filter:                      3611  (0.249052); expected 290.0 (0.02)
Passed bias filter:                      336  (0.023174); expected 290.0 (0.02)
Passed Vit filter:                       112  (0.00772467); expected 14.5 (0.001)
Passed Fwd filter:                         8  (0.000551762); expected 0.1 (1e-05)
Initial search space (Z):              14499  [actual number of targets]
Domain search space  (domZ):               3  [number of targets reported over threshold]
# CPU time: 0.44u 0.01s 00:00:00.45 Elapsed: 00:00:00.22
# Mc/sec: 26080.50
//
[ok]
