#                                                                --- full sequence ---- --- best 1 domain ---- --- domain number estimation ----
# target name        accession  query name            accession    E-value  score  bias   E-value  score  bias   exp reg clu  ov env dom rep inc description of target
#------------------- ----------  -------------------- ---------- --------- ------ ----- --------- ------ -----   --- --- --- --- --- --- --- --- ---------------------
CAA9988733.1         -          PTHR12848.orig.30.pir -              7e-17   59.0  12.2   2.3e-14   50.7  12.0   2.1   1   1   1   2   2   2   2 WD repeat-containing protein, putative [Plasmodium knowlesi strain H]
CAA9989261.1         -          PTHR12848.orig.30.pir -            8.4e-17   58.8   0.0   1.1e-11   41.9   0.0   2.9   1   1   1   2   2   2   2 coatomer alpha subunit, putative [Plasmodium knowlesi strain H]
CAA9986297.1         -          PTHR12848.orig.30.pir -              1e-15   55.2   0.0   1.1e-15   55.0   0.0   1.0   1   0   0   1   1   1   1 chromatin assembly factor 1 protein WD40 domain, putative [Plasmodium knowlesi strain H]
CAA9987326.1         -          PTHR12848.orig.30.pir -              6e-14   49.3   0.7     6e-14   49.3   0.7   1.6   2   0   0   2   2   2   1 beta subunit of coatomer complex, putative [Plasmodium knowlesi strain H]
CAA9988045.1         -          PTHR12848.orig.30.pir -            3.3e-13   46.8  10.3   1.2e-09   35.0   6.0   2.2   1   1   1   2   2   2   2 pre-mRNA-splicing factor PRP46, putative [Plasmodium knowlesi strain H]
CAA9987159.1         -          PTHR12848.orig.30.pir -            1.7e-12   44.5   0.5   2.3e-12   44.1   0.5   1.0   1   0   0   1   1   1   1 cell division cycle protein 20 homolog, putative [Plasmodium knowlesi strain H]
CAA9990715.1         -          PTHR12848.orig.30.pir -            1.1e-11   41.8   0.2   1.2e-11   41.6   0.2   1.0   1   0   0   1   1   1   1 alternative splicing regulator, putative [Plasmodium knowlesi strain H]
CAA9990247.1         -          PTHR12848.orig.30.pir -            1.2e-11   41.6   2.5     2e-09   34.3   1.2   2.3   1   1   1   2   2   2   2 receptor for activated c kinase, putative [Plasmodium knowlesi strain H]
CAA9988895.1         -          PTHR12848.orig.30.pir -            5.3e-11   39.5   0.1   4.1e-09   33.3   0.1   2.0   1   1   0   1   1   1   1 WD repeat-containing protein, putative [Plasmodium knowlesi strain H]
CAA9989122.1         -          PTHR12848.orig.30.pir -            8.9e-11   38.8   3.9   1.7e-06   24.6   0.5   2.1   1   1   1   2   2   2   2 cleavage stimulation factor subunit 1, putative [Plasmodium knowlesi strain H]
CAA9989864.1         -          PTHR12848.orig.30.pir -              1e-10   38.6   0.0   3.2e-08   30.4   0.0   2.0   1   1   1   2   2   2   2 WD repeat-containing protein 92, putative [Plasmodium knowlesi strain H]
CAA9989018.1         -          PTHR12848.orig.30.pir -            2.4e-10   37.4   0.7   4.9e-10   36.4   0.7   1.4   1   1   0   1   1   1   1 ribosome biogenesis protein YTM1, putative [Plasmodium knowlesi strain H]
CAA9989669.1         -          PTHR12848.orig.30.pir -              4e-10   36.6  11.7   8.7e-06   22.3   0.2   4.9   2   2   2   4   4   4   2 U3 small nucleolar RNA-associated protein 12, putative [Plasmodium knowlesi strain H]
CAA9989900.1         -          PTHR12848.orig.30.pir -            4.8e-10   36.4   7.9   9.7e-05   18.8   0.0   3.0   1   1   1   3   3   3   3 U4/U6 small nuclear ribonucleoprotein PRP4, putative [Plasmodium knowlesi strain H]
CAA9986837.1         -          PTHR12848.orig.30.pir -            5.7e-10   36.1   2.2   6.9e-10   35.9   2.2   1.1   1   0   0   1   1   1   1 chromatin assembly factor 1 P55 subunit, putative [Plasmodium knowlesi strain H]
CAA9991199.1         -          PTHR12848.orig.30.pir -            9.1e-10   35.5   0.1   1.6e-09   34.7   0.1   1.3   1   1   0   1   1   1   1 polyadenylation factor subunit 2, putative [Plasmodium knowlesi strain H]
CAA9986931.1         -          PTHR12848.orig.30.pir -            9.4e-10   35.4   0.3   1.3e-09   34.9   0.3   1.1   1   0   0   1   1   1   1 ribosome assembly protein RRB1, putative [Plasmodium knowlesi strain H]
CAA9990029.1         -          PTHR12848.orig.30.pir -            1.2e-08   31.8   0.0   1.5e-08   31.5   0.0   1.3   1   0   0   1   1   1   1 chromatin assembly factor 1 subunit B, putative [Plasmodium knowlesi strain H]
CAA9990360.1         -          PTHR12848.orig.30.pir -            7.7e-08   29.1   0.7   2.5e-07   27.4   0.6   1.8   1   1   0   1   1   1   1 dynein intermediate chain, putative [Plasmodium knowlesi strain H]
CAA9987772.1         -          PTHR12848.orig.30.pir -            1.4e-07   28.2   1.4   2.3e-05   20.9   0.4   2.6   2   1   1   3   3   3   1 U3 small nucleolar RNA-associated protein 13, putative [Plasmodium knowlesi strain H]
CAA9990206.1         -          PTHR12848.orig.30.pir -            2.4e-07   27.4   0.1     3e-07   27.1   0.1   1.2   1   0   0   1   1   1   1 U5 small nuclear ribonucleoprotein 40 kDa protein, putative [Plasmodium knowlesi strain H]
CAA9986247.1         -          PTHR12848.orig.30.pir -              4e-07   26.7   0.0   2.1e-06   24.3   0.0   2.2   1   1   0   1   1   1   1 periodic tryptophan protein 2, putative [Plasmodium knowlesi strain H]
CAA9987323.1         -          PTHR12848.orig.30.pir -            4.8e-07   26.4   0.1   3.7e-06   23.5   0.0   2.1   1   1   0   1   1   1   1 WD repeat-containing protein 66, putative [Plasmodium knowlesi strain H]
CAA9989467.1         -          PTHR12848.orig.30.pir -              7e-07   25.9   0.1   1.3e-06   25.0   0.1   1.6   1   1   0   1   1   1   1 WD repeat-containing protein 79, putative [Plasmodium knowlesi strain H]
CAA9988571.1         -          PTHR12848.orig.30.pir -            9.1e-07   25.5   0.6   1.4e-06   24.9   0.6   1.3   1   1   0   1   1   1   1 WD repeat-containing protein 55, putative [Plasmodium knowlesi strain H]
CAA9990879.1         -          PTHR12848.orig.30.pir -            1.4e-06   24.9   2.3     2e-06   24.4   1.8   1.4   1   1   0   1   1   1   1 karyopherin alpha, putative [Plasmodium knowlesi strain H]
CAA9989847.1         -          PTHR12848.orig.30.pir -            1.5e-06   24.8   0.1     3e-05   20.5   0.1   2.1   1   1   0   1   1   1   1 WD repeat-containing protein 16, putative [Plasmodium knowlesi strain H]
CAA9986237.1         -          PTHR12848.orig.30.pir -            2.2e-06   24.3   0.6   4.7e-06   23.2   0.6   1.5   1   1   0   1   1   1   1 mitogen-activated protein kinase organizer 1, putative [Plasmodium knowlesi strain H]
CAA9991170.1         -          PTHR12848.orig.30.pir -            3.1e-06   23.7  10.6   8.2e-05   19.0  10.6   2.4   1   1   0   1   1   1   1 periodic tryptophan protein 1, putative [Plasmodium knowlesi strain H]
CAA9988482.1         -          PTHR12848.orig.30.pir -            7.2e-06   22.5   6.3    0.0042   13.4   0.0   2.7   1   1   1   2   2   2   2 ribosome assembly protein 4, putative [Plasmodium knowlesi strain H]
CAA9991003.1         -          PTHR12848.orig.30.pir -            2.6e-05   20.7   0.2    0.0039   13.5   0.0   1.5   1   1   1   2   2   2   2 protein TSSC1, putative [Plasmodium knowlesi strain H]
CAA9986605.1         -          PTHR12848.orig.30.pir -            6.5e-05   19.4   4.1    0.0013   15.0   0.0   2.5   2   1   1   3   3   3   1 U3 small nucleolar RNA-associated protein 7, putative [Plasmodium knowlesi strain H]
CAA9989249.1         -          PTHR12848.orig.30.pir -            6.8e-05   19.3   0.1   8.3e-05   19.0   0.1   1.1   1   0   0   1   1   1   1 diphthine methyltransferase, putative [Plasmodium knowlesi strain H]
CAA9990519.1         -          PTHR12848.orig.30.pir -            0.00015   18.1   0.0     0.042   10.1   0.0   2.0   1   1   0   2   2   2   2 WD repeat-containing protein, putative [Plasmodium knowlesi strain H]
CAA9988595.1         -          PTHR12848.orig.30.pir -            0.00019   17.9   3.6   0.00044   16.6   0.1   2.1   1   1   0   2   2   2   1 karyopherin beta, putative [Plasmodium knowlesi strain H]
CAA9986540.1         -          PTHR12848.orig.30.pir -            0.00051   16.4   0.0    0.0015   14.9   0.1   1.5   1   1   1   2   2   2   1 eukaryotic translation initiation factor 3 subunit I, putative [Plasmodium knowlesi strain H]
CAA9988333.1         -          PTHR12848.orig.30.pir -             0.0083   12.4  13.4   0.00088   15.6   6.7   2.1   1   1   1   2   2   2   1 armadillo repeat protein PF16, putative [Plasmodium knowlesi strain H]
CAA9986255.1         -          PTHR12848.orig.30.pir -              0.013   11.7   0.0     0.015   11.6   0.0   1.1   1   0   0   1   1   1   0 nucleolar protein 10, putative [Plasmodium knowlesi strain H]
CAA9986513.1         -          PTHR12848.orig.30.pir -              0.036   10.3   0.6     0.042   10.1   0.6   1.1   1   0   0   1   1   1   0 conserved protein, unknown function [Plasmodium knowlesi strain H]
CAA9986174.1         -          PTHR12848.orig.30.pir -              0.038   10.2   9.5     0.042   10.1   9.5   1.0   1   0   0   1   1   1   0 conserved Plasmodium protein, unknown function [Plasmodium knowlesi strain H]
CAA9989319.1         -          PTHR12848.orig.30.pir -               0.12    8.6  14.0      0.14    8.3  14.0   1.0   1   0   0   1   1   1   0 Plasmodium exported protein, unknown function [Plasmodium knowlesi strain H]
CAA9987691.1         -          PTHR12848.orig.30.pir -                3.4    3.7   9.5       3.8    3.6   9.5   1.1   1   0   0   1   1   1   0 IMP1-like protein, putative [Plasmodium knowlesi strain H]
#
# Program:         hmmsearch
# Version:         3.4 (Aug 2023)
# Pipeline mode:   SEARCH
# Query file:      /share/korflab/project/torture/Analysis/HMMs/RAPTOR_FULL.hmm
# Target file:     /share/korflab/project/torture/Analysis/Proteomes/Alveolata/Alveolata-genome-proteins/ncbi_dataset/data/GCA_000006355.3/protein.faa
# Option settings: hmmsearch --tblout /share/korflab/project/torture/Analysis/HMMER_Output/Alveolata/RAPTOR/GCA_000006355.3_RAPTOR_FULL.out /share/korflab/project/torture/Analysis/HMMs/RAPTOR_FULL.hmm /share/korflab/project/torture/Analysis/Proteomes/Alveolata/Alveolata-genome-proteins/ncbi_dataset/data/GCA_000006355.3/protein.faa 
# Current dir:     /share/korflab/project/torture/Analysis
# Date:            Mon Oct  7 11:27:41 2024
# [ok]
