#                                                                --- full sequence ---- --- best 1 domain ---- --- domain number estimation ----
# target name        accession  query name            accession    E-value  score  bias   E-value  score  bias   exp reg clu  ov env dom rep inc description of target
#------------------- ----------  -------------------- ---------- --------- ------ ----- --------- ------ -----   --- --- --- --- --- --- --- --- ---------------------
EUT94430.1           -          PTHR12848.orig.30.pir -            6.8e-19   65.9   0.0   7.8e-19   65.7   0.0   1.0   1   0   0   1   1   1   1 hypothetical protein PFAG_00089 [Plasmodium falciparum Santa Lucia]
EUT90603.1           -          PTHR12848.orig.30.pir -              1e-17   62.0   4.5   4.9e-13   46.5   5.6   2.1   1   1   1   2   2   2   2 hypothetical protein PFAG_00960 [Plasmodium falciparum Santa Lucia]
EUT90072.1           -          PTHR12848.orig.30.pir -            3.2e-15   53.8   6.8   3.4e-11   40.4   0.0   3.9   2   1   2   4   4   3   3 hypothetical protein PFAG_01273 [Plasmodium falciparum Santa Lucia]
EUT86421.1           -          PTHR12848.orig.30.pir -            4.2e-14   50.0   3.1   2.9e-07   27.4   0.0   2.6   2   1   1   3   3   3   2 hypothetical protein PFAG_02291 [Plasmodium falciparum Santa Lucia]
EUT92183.1           -          PTHR12848.orig.30.pir -            3.1e-13   47.2   9.7   1.6e-09   34.9   5.7   2.4   1   1   1   2   2   2   2 hypothetical protein PFAG_00323 [Plasmodium falciparum Santa Lucia]
EUT78830.1           -          PTHR12848.orig.30.pir -              3e-12   43.9   3.1   7.2e-12   42.6   3.1   1.6   1   1   0   1   1   1   1 hypothetical protein PFAG_05407 [Plasmodium falciparum Santa Lucia]
EUT87341.1           -          PTHR12848.orig.30.pir -            4.2e-12   43.4   2.9   2.2e-09   34.4   1.3   2.2   1   1   1   2   2   2   2 hypothetical protein PFAG_02163 [Plasmodium falciparum Santa Lucia]
EUT80156.1           -          PTHR12848.orig.30.pir -            1.5e-11   41.6   0.0   1.9e-08   31.3   0.0   2.0   1   1   1   2   2   2   2 hypothetical protein PFAG_04800 [Plasmodium falciparum Santa Lucia]
EUT81900.1           -          PTHR12848.orig.30.pir -            4.6e-11   40.0   1.0   1.6e-10   38.2   1.0   1.7   1   1   0   1   1   1   1 hypothetical protein PFAG_04081 [Plasmodium falciparum Santa Lucia]
EUT85255.1           -          PTHR12848.orig.30.pir -            5.4e-11   39.7   1.8   6.8e-11   39.4   1.8   1.1   1   0   0   1   1   1   1 hypothetical protein PFAG_02950 [Plasmodium falciparum Santa Lucia]
EUT81131.1           -          PTHR12848.orig.30.pir -            6.1e-11   39.6   0.1   6.2e-11   39.6   0.1   1.1   1   0   0   1   1   1   1 hypothetical protein PFAG_04350 [Plasmodium falciparum Santa Lucia]
EUT81341.1           -          PTHR12848.orig.30.pir -            5.6e-10   36.4   0.1   6.5e-10   36.2   0.1   1.1   1   0   0   1   1   1   1 hypothetical protein PFAG_04554 [Plasmodium falciparum Santa Lucia]
EUT80125.1           -          PTHR12848.orig.30.pir -            1.3e-09   35.2  12.4   4.2e-07   26.8  12.5   3.0   1   1   0   1   1   1   1 hypothetical protein PFAG_04769 [Plasmodium falciparum Santa Lucia]
EUT87301.1           -          PTHR12848.orig.30.pir -            1.4e-09   35.1   0.1   1.6e-09   34.8   0.1   1.1   1   0   0   1   1   1   1 hypothetical protein PFAG_02123 [Plasmodium falciparum Santa Lucia]
EUT89282.1           -          PTHR12848.orig.30.pir -              5e-09   33.2  10.3   1.3e-08   31.9  10.3   1.7   1   1   0   1   1   1   1 hypothetical protein PFAG_01432 [Plasmodium falciparum Santa Lucia]
EUT90776.1           -          PTHR12848.orig.30.pir -            1.2e-06   25.3   0.7   1.7e-06   24.8   0.7   1.2   1   0   0   1   1   1   1 hypothetical protein PFAG_01133 [Plasmodium falciparum Santa Lucia]
EUT82546.1           -          PTHR12848.orig.30.pir -            1.9e-06   24.7  27.1   1.9e-05   21.3  27.1   1.9   1   1   0   1   1   1   1 hypothetical protein PFAG_03921 [Plasmodium falciparum Santa Lucia]
EUT87189.1           -          PTHR12848.orig.30.pir -              3e-06   24.0   1.8     3e-06   24.0   1.8   1.3   1   1   0   1   1   1   1 hypothetical protein PFAG_02013 [Plasmodium falciparum Santa Lucia]
EUT90085.1           -          PTHR12848.orig.30.pir -            7.6e-05   19.4   0.1    0.0001   19.0   0.1   1.3   1   0   0   1   1   1   1 hypothetical protein PFAG_01286 [Plasmodium falciparum Santa Lucia]
EUT80181.1           -          PTHR12848.orig.30.pir -            0.00017   18.3   0.0   0.00069   16.2   0.0   1.7   1   1   0   2   2   2   1 hypothetical protein PFAG_04825 [Plasmodium falciparum Santa Lucia]
EUT90748.1           -          PTHR12848.orig.30.pir -            0.00024   17.7   1.5    0.0044   13.5   0.3   2.2   2   0   0   2   2   2   1 hypothetical protein PFAG_01105 [Plasmodium falciparum Santa Lucia]
EUT83712.1           -          PTHR12848.orig.30.pir -            0.00096   15.7  17.3     0.025   11.0   9.7   2.9   1   1   1   2   2   2   1 hypothetical protein PFAG_03586 [Plasmodium falciparum Santa Lucia]
EUT80217.1           -          PTHR12848.orig.30.pir -             0.0011   15.5   0.0    0.0014   15.2   0.0   1.1   1   0   0   1   1   1   1 hypothetical protein PFAG_04859 [Plasmodium falciparum Santa Lucia]
EUT86418.1           -          PTHR12848.orig.30.pir -              0.003   14.1  14.6    0.0018   14.8   8.7   2.5   2   1   0   2   2   2   1 hypothetical protein PFAG_02288 [Plasmodium falciparum Santa Lucia]
EUT87568.1           -          PTHR12848.orig.30.pir -             0.0045   13.5   0.0     0.006   13.1   0.0   1.2   1   0   0   1   1   1   1 hypothetical protein PFAG_01892 [Plasmodium falciparum Santa Lucia]
EUT81043.1           -          PTHR12848.orig.30.pir -             0.0072   12.8   8.5      0.11    8.9   8.4   2.3   1   1   0   1   1   1   1 hypothetical protein PFAG_04262 [Plasmodium falciparum Santa Lucia]
EUT91683.1           -          PTHR12848.orig.30.pir -             0.0072   12.8   0.2     0.009   12.5   0.2   1.0   1   0   0   1   1   1   1 hypothetical protein PFAG_00671 [Plasmodium falciparum Santa Lucia]
EUT88240.1           -          PTHR12848.orig.30.pir -             0.0082   12.6   0.2     0.012   12.1   0.2   1.2   1   1   0   1   1   1   1 hypothetical protein PFAG_01702 [Plasmodium falciparum Santa Lucia]
EUT83540.1           -          PTHR12848.orig.30.pir -              0.026   11.0  13.6      0.31    7.4   8.2   2.2   1   1   1   2   2   2   0 hypothetical protein PFAG_03415 [Plasmodium falciparum Santa Lucia]
EUT82606.1           -          PTHR12848.orig.30.pir -               0.85    6.0   6.9       4.2    3.7   7.3   1.5   1   1   0   1   1   1   0 hypothetical protein PFAG_03981 [Plasmodium falciparum Santa Lucia]
EUT82958.1           -          PTHR12848.orig.30.pir -                1.3    5.3  14.8       1.9    4.8  14.8   1.2   1   0   0   1   1   1   0 hypothetical protein PFAG_03707 [Plasmodium falciparum Santa Lucia]
#
# Program:         hmmsearch
# Version:         3.4 (Aug 2023)
# Pipeline mode:   SEARCH
# Query file:      /share/korflab/project/torture/Analysis/HMMs/RAPTOR_FULL.hmm
# Target file:     /share/korflab/project/torture/Analysis/Proteomes/Alveolata/Alveolata-genome-proteins/ncbi_dataset/data/GCA_000150455.3/protein.faa
# Option settings: hmmsearch --tblout /share/korflab/project/torture/Analysis/HMMER_Output/Alveolata/RAPTOR/GCA_000150455.3_RAPTOR_FULL.out /share/korflab/project/torture/Analysis/HMMs/RAPTOR_FULL.hmm /share/korflab/project/torture/Analysis/Proteomes/Alveolata/Alveolata-genome-proteins/ncbi_dataset/data/GCA_000150455.3/protein.faa 
# Current dir:     /share/korflab/project/torture/Analysis
# Date:            Mon Oct  7 11:27:51 2024
# [ok]
