#                                                                --- full sequence ---- --- best 1 domain ---- --- domain number estimation ----
# target name        accession  query name            accession    E-value  score  bias   E-value  score  bias   exp reg clu  ov env dom rep inc description of target
#------------------- ----------  -------------------- ---------- --------- ------ ----- --------- ------ -----   --- --- --- --- --- --- --- --- ---------------------
EER16646.1           -          PTHR12848.orig.30.pir -            3.8e-65  221.1   0.4   3.8e-65  221.1   0.4   2.0   1   1   0   2   2   1   1 hypothetical protein Pmar_PMAR019327 [Perkinsus marinus ATCC 50983]
EER08516.1           -          PTHR12848.orig.30.pir -            1.1e-38  133.4   7.5   3.1e-29  102.1   0.5   3.1   1   1   2   3   3   3   3 hypothetical protein Pmar_PMAR015935 [Perkinsus marinus ATCC 50983]
EER18254.1           -          PTHR12848.orig.30.pir -            3.6e-18   65.5   0.0   3.1e-14   52.4   0.0   2.2   1   1   1   2   2   2   2 wd-repeat protein, putative [Perkinsus marinus ATCC 50983]
EEQ97755.1           -          PTHR12848.orig.30.pir -            1.4e-16   60.2   0.0   1.2e-14   53.8   0.1   2.3   1   1   0   2   2   2   1 Pleiotropic regulator, putative [Perkinsus marinus ATCC 50983]
EER06265.1           -          PTHR12848.orig.30.pir -            1.6e-16   60.0   0.0   2.4e-14   52.8   0.1   2.3   1   1   0   2   2   2   1 Pleiotropic regulator, putative [Perkinsus marinus ATCC 50983]
EER18446.1           -          PTHR12848.orig.30.pir -              3e-16   59.1   6.0     2e-12   46.4   1.6   1.9   1   1   1   2   2   2   2 U5 snRNP-specific subunit, putative [Perkinsus marinus ATCC 50983]
EER12558.1           -          PTHR12848.orig.30.pir -              3e-16   59.1   0.2     3e-16   59.1   0.2   1.0   1   0   0   1   1   1   1 hypothetical protein Pmar_PMAR027376, partial [Perkinsus marinus ATCC 50983]
EER17966.1           -          PTHR12848.orig.30.pir -            1.6e-15   56.7   2.3   4.8e-09   35.2   1.3   2.6   1   1   2   3   3   3   3 WD-repeat protein, putative [Perkinsus marinus ATCC 50983]
EER08765.1           -          PTHR12848.orig.30.pir -            5.5e-15   54.9   0.3   4.9e-10   38.5   0.4   2.7   1   1   1   2   2   2   2 receptor for activated C kinase 1, putative [Perkinsus marinus ATCC 50983]
EER09568.1           -          PTHR12848.orig.30.pir -            2.3e-14   52.9   6.6   2.4e-10   39.5   1.5   2.4   1   1   1   2   2   2   2 u5 snrnp-specific protein, putative [Perkinsus marinus ATCC 50983]
EER08932.1           -          PTHR12848.orig.30.pir -            2.6e-14   52.7   5.9   1.3e-06   27.2   0.3   3.1   2   1   1   3   3   3   3 conserved hypothetical protein [Perkinsus marinus ATCC 50983]
EER08265.1           -          PTHR12848.orig.30.pir -            6.1e-14   51.4   5.7   4.6e-07   28.7   0.2   3.2   2   1   1   3   3   3   3 conserved hypothetical protein [Perkinsus marinus ATCC 50983]
EER07416.1           -          PTHR12848.orig.30.pir -            1.5e-13   50.1   0.5   0.00054   18.5   0.2   3.0   1   1   2   3   3   3   3 hypothetical protein Pmar_PMAR020581 [Perkinsus marinus ATCC 50983]
EER08960.1           -          PTHR12848.orig.30.pir -            2.6e-13   49.4   0.9   9.7e-05   20.9   0.5   2.9   1   1   2   3   3   3   3 conserved hypothetical protein [Perkinsus marinus ATCC 50983]
EER08959.1           -          PTHR12848.orig.30.pir -            2.8e-13   49.2   0.9   7.2e-06   24.7   0.1   2.9   1   1   1   2   2   2   2 conserved hypothetical protein [Perkinsus marinus ATCC 50983]
EER15977.1           -          PTHR12848.orig.30.pir -            5.9e-13   48.2   0.0   4.1e-07   28.8   0.0   2.3   1   1   1   2   2   2   2 conserved hypothetical protein [Perkinsus marinus ATCC 50983]
EER18458.1           -          PTHR12848.orig.30.pir -            1.5e-12   46.9   0.4   2.3e-11   42.9   0.4   2.3   1   1   0   1   1   1   1 Polyadenylation factor subunit, putative [Perkinsus marinus ATCC 50983]
EER12559.1           -          PTHR12848.orig.30.pir -            2.4e-12   46.1   0.0   2.4e-12   46.1   0.0   1.1   1   0   0   1   1   1   1 hypothetical protein Pmar_PMAR027377 [Perkinsus marinus ATCC 50983]
EEQ97245.1           -          PTHR12848.orig.30.pir -            5.3e-12   45.0   0.0   2.3e-07   29.7   0.0   2.0   1   1   1   2   2   2   2 eukaryotic translation initiation factor 3 subunit, putative [Perkinsus marinus ATCC 50983]
EER05005.1           -          PTHR12848.orig.30.pir -            5.7e-12   44.9   0.0   1.6e-06   26.9   0.0   2.2   1   1   1   2   2   2   2 coatomer alpha subunit, putative [Perkinsus marinus ATCC 50983]
EER16823.1           -          PTHR12848.orig.30.pir -            5.9e-12   44.8   0.3   7.9e-12   44.4   0.3   1.2   1   0   0   1   1   1   1 WD-repeat protein, putative [Perkinsus marinus ATCC 50983]
EER08941.1           -          PTHR12848.orig.30.pir -            6.5e-12   44.7   0.1   1.6e-11   43.4   0.0   1.5   1   1   0   1   1   1   1 Guanine nucleotide-binding protein subunit beta, putative [Perkinsus marinus ATCC 50983]
EEQ97323.1           -          PTHR12848.orig.30.pir -              8e-12   44.4   0.1   9.1e-12   44.2   0.1   1.1   1   0   0   1   1   1   1 wd-repeat protein, putative [Perkinsus marinus ATCC 50983]
EER11376.1           -          PTHR12848.orig.30.pir -              1e-11   44.1   0.0   1.2e-11   43.8   0.0   1.1   1   0   0   1   1   1   1 WD-repeat protein, putative [Perkinsus marinus ATCC 50983]
EER19886.1           -          PTHR12848.orig.30.pir -              4e-11   42.1   0.1   2.6e-09   36.1   0.0   2.0   1   1   1   2   2   2   1 conserved hypothetical protein [Perkinsus marinus ATCC 50983]
EER03730.1           -          PTHR12848.orig.30.pir -            1.6e-10   40.1   0.0   1.5e-06   27.0   0.0   2.1   1   1   0   2   2   2   2 hypothetical protein Pmar_PMAR023029 [Perkinsus marinus ATCC 50983]
EER08045.1           -          PTHR12848.orig.30.pir -            2.7e-10   39.4   0.0   3.5e-10   39.0   0.0   1.0   1   0   0   1   1   1   1 WD-repeat protein, putative, partial [Perkinsus marinus ATCC 50983]
EER16095.1           -          PTHR12848.orig.30.pir -            3.5e-10   39.0   0.8   1.2e-06   27.3   0.0   2.2   1   1   0   2   2   2   2 dynein intermediate chain 1, axonemal, putative [Perkinsus marinus ATCC 50983]
EEQ97522.1           -          PTHR12848.orig.30.pir -            3.8e-10   38.8   0.0   4.8e-10   38.5   0.0   1.1   1   0   0   1   1   1   1 mitotic checkpoint protein, putative [Perkinsus marinus ATCC 50983]
EER13130.1           -          PTHR12848.orig.30.pir -            3.9e-10   38.8   0.0   1.6e-09   36.8   0.0   1.7   1   1   1   2   2   2   1 WD-repeat protein, putative [Perkinsus marinus ATCC 50983]
EER20354.1           -          PTHR12848.orig.30.pir -            4.8e-10   38.5   0.0   3.2e-09   35.8   0.0   2.2   2   1   0   2   2   2   1 COPI protein, putative [Perkinsus marinus ATCC 50983]
EER15832.1           -          PTHR12848.orig.30.pir -            4.9e-10   38.5   0.0   1.8e-07   30.0   0.0   2.3   1   1   1   2   2   2   2 WD40 protein, putative [Perkinsus marinus ATCC 50983]
EER08600.1           -          PTHR12848.orig.30.pir -            6.4e-10   38.1   0.0   1.9e-07   30.0   0.0   2.5   2   1   1   3   3   2   2 U3 small nucleolar RNA-associated protein, putative [Perkinsus marinus ATCC 50983]
EER05845.1           -          PTHR12848.orig.30.pir -            6.8e-10   38.0   0.0   8.4e-10   37.7   0.0   1.1   1   0   0   1   1   1   1 Peroxisomal targeting signal 2 receptor, putative [Perkinsus marinus ATCC 50983]
EER11495.1           -          PTHR12848.orig.30.pir -            9.3e-10   37.6   0.2   1.1e-09   37.4   0.2   1.2   1   0   0   1   1   1   1 receptor for activated protein kinase C, putative, partial [Perkinsus marinus ATCC 50983]
EER17910.1           -          PTHR12848.orig.30.pir -            1.4e-09   37.0   0.0   2.5e-05   22.9   0.0   2.1   1   1   1   2   2   2   2 hypothetical protein Pmar_PMAR027626 [Perkinsus marinus ATCC 50983]
EER00031.1           -          PTHR12848.orig.30.pir -            1.4e-09   37.0   0.8   2.2e-05   23.1   0.2   2.0   1   1   1   2   2   2   2 mRNA export protein, putative [Perkinsus marinus ATCC 50983]
EER10614.1           -          PTHR12848.orig.30.pir -            2.1e-09   36.4   0.2     3e-08   32.6   0.2   2.2   1   1   0   1   1   1   1 protein SOF1, putative [Perkinsus marinus ATCC 50983]
EER01710.1           -          PTHR12848.orig.30.pir -            3.2e-09   35.8   0.1     2e-07   29.9   0.1   2.5   1   1   1   2   2   2   1 WD-repeat protein 51A, putative [Perkinsus marinus ATCC 50983]
EER02237.1           -          PTHR12848.orig.30.pir -            3.3e-09   35.8   0.1   4.2e-08   32.1   0.1   2.1   1   1   0   1   1   1   1 protein SOF1, putative [Perkinsus marinus ATCC 50983]
EER05546.1           -          PTHR12848.orig.30.pir -            6.9e-09   34.7   0.7   7.9e-09   34.5   0.7   1.1   1   0   0   1   1   1   1 conserved hypothetical protein [Perkinsus marinus ATCC 50983]
EER07763.1           -          PTHR12848.orig.30.pir -            6.9e-09   34.7   0.0   2.4e-05   23.0   0.0   2.0   1   1   1   2   2   2   2 G-beta repeat protein, putative [Perkinsus marinus ATCC 50983]
EER08980.1           -          PTHR12848.orig.30.pir -            8.1e-09   34.5   0.4   2.5e-08   32.8   0.4   1.5   1   1   0   1   1   1   1 Cell cycle control protein cwf17, putative [Perkinsus marinus ATCC 50983]
EER05369.1           -          PTHR12848.orig.30.pir -              1e-08   34.1   0.0   1.3e-08   33.8   0.0   1.2   1   0   0   1   1   1   1 wd-repeat protein, putative [Perkinsus marinus ATCC 50983]
EER18130.1           -          PTHR12848.orig.30.pir -            1.2e-08   33.9   0.2   1.2e-05   24.0   0.0   2.0   1   1   1   2   2   2   2 WD-repeat protein, putative [Perkinsus marinus ATCC 50983]
EER06749.1           -          PTHR12848.orig.30.pir -            1.3e-08   33.8   0.2     5e-07   28.5   0.1   2.0   1   1   1   2   2   2   1 WD-repeat protein, putative [Perkinsus marinus ATCC 50983]
EER02329.1           -          PTHR12848.orig.30.pir -            1.3e-08   33.8   2.0    0.0014   17.1   0.4   2.0   1   1   1   2   2   2   2 WD-repeat protein, putative [Perkinsus marinus ATCC 50983]
EER06806.1           -          PTHR12848.orig.30.pir -            1.4e-08   33.7   0.0   1.4e-08   33.7   0.0   2.1   2   1   0   2   2   1   1 hypothetical protein Pmar_PMAR002175 [Perkinsus marinus ATCC 50983]
EER09218.1           -          PTHR12848.orig.30.pir -            1.6e-08   33.5   0.2   1.8e-08   33.3   0.2   1.0   1   0   0   1   1   1   1 receptor for activated protein kinase C, putative [Perkinsus marinus ATCC 50983]
EEQ99623.1           -          PTHR12848.orig.30.pir -            4.6e-08   32.0   0.2   5.9e-08   31.6   0.2   1.1   1   0   0   1   1   1   1 wd-repeat protein, putative [Perkinsus marinus ATCC 50983]
EER10847.1           -          PTHR12848.orig.30.pir -            5.2e-08   31.8   0.1   6.8e-08   31.4   0.1   1.0   1   0   0   1   1   1   1 WD-repeat protein, putative [Perkinsus marinus ATCC 50983]
EER00994.1           -          PTHR12848.orig.30.pir -            5.8e-08   31.6   0.0   5.9e-05   21.7   0.0   2.0   1   1   1   2   2   2   2 conserved hypothetical protein [Perkinsus marinus ATCC 50983]
EEQ99807.1           -          PTHR12848.orig.30.pir -            6.7e-08   31.4   2.0   1.5e-05   23.6   0.1   3.0   1   1   1   2   2   2   1 WD-repeat protein, putative [Perkinsus marinus ATCC 50983]
EER19076.1           -          PTHR12848.orig.30.pir -              7e-08   31.3   0.1   8.6e-08   31.1   0.1   1.1   1   0   0   1   1   1   1 guanine nucleotide-binding protein, putative, partial [Perkinsus marinus ATCC 50983]
EEQ97097.1           -          PTHR12848.orig.30.pir -            8.3e-08   31.1   0.3   9.3e-08   30.9   0.3   1.0   1   0   0   1   1   1   1 WD-repeat protein, putative [Perkinsus marinus ATCC 50983]
EER09503.1           -          PTHR12848.orig.30.pir -            8.5e-08   31.1   0.2   4.5e-07   28.7   0.1   1.9   1   1   0   1   1   1   1 Mitogen-activated protein kinase organizer, putative [Perkinsus marinus ATCC 50983]
EEQ97656.1           -          PTHR12848.orig.30.pir -            1.1e-07   30.7   0.0   3.5e-06   25.7   0.0   2.1   1   1   0   2   2   2   1 WD protein, putative [Perkinsus marinus ATCC 50983]
EER05565.1           -          PTHR12848.orig.30.pir -            1.1e-07   30.7   3.2   7.9e-07   27.9   1.7   2.0   1   1   1   2   2   2   2 Set1 complex component swd3, putative [Perkinsus marinus ATCC 50983]
EEQ99642.1           -          PTHR12848.orig.30.pir -            1.3e-07   30.4   0.1   1.6e-07   30.2   0.1   1.1   1   0   0   1   1   1   1 histone-binding protein RBBP4, putative [Perkinsus marinus ATCC 50983]
EER02200.1           -          PTHR12848.orig.30.pir -            1.3e-07   30.4   0.1   1.6e-07   30.2   0.1   1.1   1   0   0   1   1   1   1 histone-binding protein RBBP4, putative [Perkinsus marinus ATCC 50983]
EER02183.1           -          PTHR12848.orig.30.pir -            2.1e-07   29.7   0.5     6e-06   25.0   0.1   2.0   1   1   0   2   2   2   1 wd-repeat protein, putative [Perkinsus marinus ATCC 50983]
EER16024.1           -          PTHR12848.orig.30.pir -            2.9e-07   29.3   0.1   2.2e-05   23.1   0.0   2.3   1   1   2   3   3   3   1 pre-mRNA-splicing factor PRP17, putative [Perkinsus marinus ATCC 50983]
EER03694.1           -          PTHR12848.orig.30.pir -            3.1e-07   29.2   0.0    0.0056   15.1   0.0   2.1   1   1   0   2   2   2   2 conserved hypothetical protein [Perkinsus marinus ATCC 50983]
EER15730.1           -          PTHR12848.orig.30.pir -            4.4e-07   28.7   0.0   0.00037   19.0   0.0   2.0   1   1   0   2   2   2   2 conserved hypothetical protein [Perkinsus marinus ATCC 50983]
EER17247.1           -          PTHR12848.orig.30.pir -            4.6e-07   28.7   0.2   7.7e-06   24.6   0.0   2.2   1   1   0   1   1   1   1 wd-repeat protein, putative [Perkinsus marinus ATCC 50983]
EER05459.1           -          PTHR12848.orig.30.pir -            6.3e-07   28.2   0.7   7.5e-07   27.9   0.7   1.0   1   0   0   1   1   1   1 protein transport protein sec13, putative [Perkinsus marinus ATCC 50983]
EER11720.1           -          PTHR12848.orig.30.pir -            6.8e-07   28.1   0.0   8.5e-07   27.8   0.0   1.2   1   0   0   1   1   1   1 hypothetical protein Pmar_PMAR002322 [Perkinsus marinus ATCC 50983]
EER11719.1           -          PTHR12848.orig.30.pir -            7.4e-07   28.0   0.0   9.4e-07   27.6   0.0   1.2   1   0   0   1   1   1   1 hypothetical protein Pmar_PMAR002322 [Perkinsus marinus ATCC 50983]
EER11131.1           -          PTHR12848.orig.30.pir -            8.9e-07   27.7   0.1   3.1e-05   22.6   0.0   2.0   1   1   0   1   1   1   1 axonemal dynein intermediate chain inner arm i1, putative [Perkinsus marinus ATCC 50983]
EER15511.1           -          PTHR12848.orig.30.pir -            1.4e-06   27.1   1.5   1.6e-06   26.9   1.5   1.0   1   0   0   1   1   1   1 protein transport protein sec13, putative, partial [Perkinsus marinus ATCC 50983]
EER14252.1           -          PTHR12848.orig.30.pir -            1.4e-06   27.0   0.0    0.0015   17.0   0.0   2.6   1   1   2   3   3   3   1 cytoplasmic dynein intermediate chain, putative [Perkinsus marinus ATCC 50983]
EER12433.1           -          PTHR12848.orig.30.pir -            1.7e-06   26.8   0.0   2.1e-06   26.5   0.0   1.2   1   0   0   1   1   1   1 histone-binding protein RBBP4, putative [Perkinsus marinus ATCC 50983]
EER04460.1           -          PTHR12848.orig.30.pir -            1.7e-06   26.7   0.0   0.00079   17.9   0.0   1.9   1   1   0   2   2   2   1 conserved hypothetical protein [Perkinsus marinus ATCC 50983]
EER14955.1           -          PTHR12848.orig.30.pir -            1.9e-06   26.6   0.1   4.4e-06   25.4   0.1   1.6   1   1   0   1   1   1   1 hypothetical protein Pmar_PMAR023279 [Perkinsus marinus ATCC 50983]
EER08630.1           -          PTHR12848.orig.30.pir -            1.9e-06   26.6   3.4   2.7e-06   26.1   3.4   1.3   1   0   0   1   1   1   1 axoneme central apparatus protein, putative [Perkinsus marinus ATCC 50983]
EEQ97682.1           -          PTHR12848.orig.30.pir -            2.5e-06   26.2   0.0    0.0014   17.1   0.0   2.0   1   1   1   2   2   2   2 receptor for activated protein kinase C, putative [Perkinsus marinus ATCC 50983]
EER13541.1           -          PTHR12848.orig.30.pir -            2.7e-06   26.1   1.0      0.02   13.2   0.2   2.2   1   1   1   2   2   2   2 WD-repeat protein, putative [Perkinsus marinus ATCC 50983]
EER00515.1           -          PTHR12848.orig.30.pir -            3.2e-06   25.8   0.0   2.1e-05   23.1   0.0   1.8   1   1   1   2   2   2   1 wd-repeat protein, putative [Perkinsus marinus ATCC 50983]
EER10931.1           -          PTHR12848.orig.30.pir -              6e-06   24.9   0.1   7.4e-06   24.7   0.1   1.2   1   0   0   1   1   1   1 hypothetical protein Pmar_PMAR021411 [Perkinsus marinus ATCC 50983]
EER17684.1           -          PTHR12848.orig.30.pir -            6.4e-06   24.9   0.2   8.8e-06   24.4   0.2   1.1   1   0   0   1   1   1   1 hypothetical protein Pmar_PMAR023605 [Perkinsus marinus ATCC 50983]
EER20166.1           -          PTHR12848.orig.30.pir -            7.6e-06   24.6   0.1   9.5e-06   24.3   0.1   1.1   1   0   0   1   1   1   1 WD repeat pf20, putative, partial [Perkinsus marinus ATCC 50983]
EER13724.1           -          PTHR12848.orig.30.pir -            9.4e-06   24.3   0.0   1.3e-05   23.8   0.0   1.1   1   0   0   1   1   1   1 wd-repeat protein, putative [Perkinsus marinus ATCC 50983]
EER11721.1           -          PTHR12848.orig.30.pir -              1e-05   24.2   0.1   1.2e-05   23.9   0.1   1.0   1   0   0   1   1   1   1 conserved hypothetical protein [Perkinsus marinus ATCC 50983]
EER15821.1           -          PTHR12848.orig.30.pir -            1.3e-05   23.9   0.6   1.6e-05   23.5   0.6   1.2   1   0   0   1   1   1   1 karyopherin beta, putative [Perkinsus marinus ATCC 50983]
EER00138.1           -          PTHR12848.orig.30.pir -            1.4e-05   23.7   0.0   3.6e-05   22.4   0.0   1.7   1   1   0   1   1   1   1 hypothetical protein Pmar_PMAR014805 [Perkinsus marinus ATCC 50983]
EER03860.1           -          PTHR12848.orig.30.pir -            2.3e-05   23.0   0.8   0.00031   19.3   0.7   2.1   1   1   0   1   1   1   1 Cytoplasmic dynein 1 intermediate chain, putative [Perkinsus marinus ATCC 50983]
EER08704.1           -          PTHR12848.orig.30.pir -            2.5e-05   22.9   0.0   3.5e-05   22.4   0.0   1.2   1   0   0   1   1   1   1 Nucleolar protein, putative [Perkinsus marinus ATCC 50983]
EER10201.1           -          PTHR12848.orig.30.pir -            2.6e-05   22.8   0.0    0.0011   17.5   0.0   2.0   1   1   1   2   2   2   1 hypothetical protein Pmar_PMAR018202 [Perkinsus marinus ATCC 50983]
EER12269.1           -          PTHR12848.orig.30.pir -            2.9e-05   22.7   0.0   3.5e-05   22.4   0.0   1.2   1   0   0   1   1   1   1 WD repeat-containing protein crb3, putative [Perkinsus marinus ATCC 50983]
EER15037.1           -          PTHR12848.orig.30.pir -            3.1e-05   22.6   0.1   9.7e-05   20.9   0.0   1.8   2   1   0   2   2   1   1 WD repeat domain containing protein [Perkinsus marinus ATCC 50983]
EEQ99918.1           -          PTHR12848.orig.30.pir -            3.3e-05   22.5   0.0   3.3e-05   22.5   0.0   1.0   1   0   0   1   1   1   1 WD repeat pf20, putative [Perkinsus marinus ATCC 50983]
EER20101.1           -          PTHR12848.orig.30.pir -            3.3e-05   22.5   0.0   3.3e-05   22.5   0.0   1.0   1   0   0   1   1   1   1 WD repeat pf20, putative [Perkinsus marinus ATCC 50983]
EER01629.1           -          PTHR12848.orig.30.pir -            3.3e-05   22.5   0.0   3.3e-05   22.5   0.0   1.0   1   0   0   1   1   1   1 WD repeat pf20, putative [Perkinsus marinus ATCC 50983]
EER16603.1           -          PTHR12848.orig.30.pir -            3.3e-05   22.5   0.0   3.3e-05   22.5   0.0   1.0   1   0   0   1   1   1   1 WD repeat pf20, putative [Perkinsus marinus ATCC 50983]
EER19450.1           -          PTHR12848.orig.30.pir -            3.6e-05   22.4   0.0   4.3e-05   22.1   0.0   1.1   1   0   0   1   1   1   1 wd-repeat protein, putative [Perkinsus marinus ATCC 50983]
EEQ97442.1           -          PTHR12848.orig.30.pir -            3.9e-05   22.3   0.0   8.1e-05   21.2   0.0   1.3   1   1   0   1   1   1   1 WD-repeat protein, putative [Perkinsus marinus ATCC 50983]
EER09413.1           -          PTHR12848.orig.30.pir -              4e-05   22.2   0.0     0.042   12.2   0.0   2.9   2   1   0   3   3   3   1 hypothetical protein Pmar_PMAR025968 [Perkinsus marinus ATCC 50983]
EER02106.1           -          PTHR12848.orig.30.pir -            4.1e-05   22.2   0.0   6.2e-05   21.6   0.0   1.3   1   0   0   1   1   1   1 WD-repeat protein, putative [Perkinsus marinus ATCC 50983]
EER14583.1           -          PTHR12848.orig.30.pir -            4.2e-05   22.2   0.0   4.2e-05   22.1   0.0   1.0   1   0   0   1   1   1   1 WD repeat pf20, putative [Perkinsus marinus ATCC 50983]
EER16118.1           -          PTHR12848.orig.30.pir -            4.4e-05   22.1   0.0   5.3e-05   21.8   0.0   1.2   1   0   0   1   1   1   1 mitotic checkpoint protein, putative [Perkinsus marinus ATCC 50983]
EER08278.1           -          PTHR12848.orig.30.pir -            5.1e-05   21.9   0.4   0.00011   20.8   0.1   1.4   1   1   1   2   2   2   1 conserved hypothetical protein [Perkinsus marinus ATCC 50983]
EER15349.1           -          PTHR12848.orig.30.pir -            5.3e-05   21.8   1.6     0.023   13.1   0.2   3.1   1   1   2   3   3   3   1 protein phosphatase PP2A regulatory subunit A, putative [Perkinsus marinus ATCC 50983]
EER19268.1           -          PTHR12848.orig.30.pir -            6.7e-05   21.5   0.0   8.1e-05   21.2   0.0   1.1   1   0   0   1   1   1   1 importin alpha, putative [Perkinsus marinus ATCC 50983]
EER14884.1           -          PTHR12848.orig.30.pir -            6.7e-05   21.5   0.0   6.8e-05   21.5   0.0   1.0   1   0   0   1   1   1   1 WD repeat pf20, putative, partial [Perkinsus marinus ATCC 50983]
EER07929.1           -          PTHR12848.orig.30.pir -            8.1e-05   21.2   0.0   8.1e-05   21.2   0.0   1.0   1   0   0   1   1   1   1 axonemal dynein intermediate chain inner arm i1, putative, partial [Perkinsus marinus ATCC 50983]
EER03804.1           -          PTHR12848.orig.30.pir -            9.7e-05   20.9   0.0   0.00011   20.8   0.0   1.0   1   0   0   1   1   1   1 wd-repeat protein, putative [Perkinsus marinus ATCC 50983]
EER04457.1           -          PTHR12848.orig.30.pir -             0.0001   20.9   0.0    0.0035   15.8   0.0   2.4   1   1   1   3   3   3   1 wd-repeat protein, putative [Perkinsus marinus ATCC 50983]
EER19427.1           -          PTHR12848.orig.30.pir -            0.00011   20.8   0.0   0.00033   19.2   0.0   1.6   1   1   1   2   2   2   1 WD-repeat protein, putative [Perkinsus marinus ATCC 50983]
EER04123.1           -          PTHR12848.orig.30.pir -            0.00011   20.8   0.0   0.00012   20.6   0.0   1.0   1   0   0   1   1   1   1 g-protein beta wd-40 repeats containing protein, putative [Perkinsus marinus ATCC 50983]
EER08331.1           -          PTHR12848.orig.30.pir -            0.00013   20.6   0.0   0.00048   18.6   0.0   1.7   1   1   1   2   2   2   1 WD-repeat protein, putative [Perkinsus marinus ATCC 50983]
EER15629.1           -          PTHR12848.orig.30.pir -            0.00015   20.3   0.0   0.00046   18.7   0.0   1.3   1   1   0   1   1   1   1 calcium binding protein, putative [Perkinsus marinus ATCC 50983]
EER19136.1           -          PTHR12848.orig.30.pir -            0.00016   20.3   0.1   0.00018   20.0   0.1   1.0   1   0   0   1   1   1   1 WD repeat domain containing protein [Perkinsus marinus ATCC 50983]
EER09100.1           -          PTHR12848.orig.30.pir -            0.00017   20.1   0.0   0.00022   19.7   0.0   1.1   1   0   0   1   1   1   1 WD repeat pf20, putative [Perkinsus marinus ATCC 50983]
EER04775.1           -          PTHR12848.orig.30.pir -            0.00018   20.1   0.5   0.00029   19.4   0.0   1.5   2   0   0   2   2   2   1 YER082C, putative [Perkinsus marinus ATCC 50983]
EER08870.1           -          PTHR12848.orig.30.pir -            0.00019   20.0   0.0     0.014   13.7   0.0   2.0   2   0   0   2   2   2   1 conserved hypothetical protein [Perkinsus marinus ATCC 50983]
EER08611.1           -          PTHR12848.orig.30.pir -             0.0002   19.9   1.6   0.00026   19.5   1.6   1.2   1   0   0   1   1   1   1 karyopherin beta, putative [Perkinsus marinus ATCC 50983]
EER04039.1           -          PTHR12848.orig.30.pir -            0.00022   19.8   0.0   0.00092   17.7   0.0   1.5   1   1   0   1   1   1   1 conserved hypothetical protein [Perkinsus marinus ATCC 50983]
EER20530.1           -          PTHR12848.orig.30.pir -            0.00024   19.7   0.0    0.0041   15.6   0.0   2.2   1   1   0   1   1   1   1 conserved hypothetical protein [Perkinsus marinus ATCC 50983]
EER07751.1           -          PTHR12848.orig.30.pir -            0.00025   19.6   0.3   0.00035   19.1   0.3   1.2   1   0   0   1   1   1   1 hypothetical protein Pmar_PMAR029042 [Perkinsus marinus ATCC 50983]
EEQ99658.1           -          PTHR12848.orig.30.pir -            0.00025   19.6   0.0     0.041   12.2   0.0   2.2   1   1   1   2   2   2   2 Ribosome biogenesis protein BOP1, putative [Perkinsus marinus ATCC 50983]
EEQ99659.1           -          PTHR12848.orig.30.pir -            0.00025   19.6   0.0     0.041   12.2   0.0   2.2   1   1   1   2   2   2   2 Ribosome biogenesis protein BOP1, putative [Perkinsus marinus ATCC 50983]
EER14459.1           -          PTHR12848.orig.30.pir -            0.00026   19.5   0.1   0.00042   18.8   0.1   1.4   1   1   0   1   1   1   1 Guanine nucleotide-binding protein subunit beta, putative [Perkinsus marinus ATCC 50983]
EEQ97113.1           -          PTHR12848.orig.30.pir -            0.00034   19.1   0.5    0.0014   17.1   0.5   1.7   1   1   0   1   1   1   1 hypothetical protein Pmar_PMAR010663 [Perkinsus marinus ATCC 50983]
EEQ98412.1           -          PTHR12848.orig.30.pir -            0.00034   19.1   0.0   0.00039   18.9   0.0   1.2   1   0   0   1   1   1   1 hypothetical protein Pmar_PMAR013761 [Perkinsus marinus ATCC 50983]
EER03743.1           -          PTHR12848.orig.30.pir -            0.00035   19.1   0.0   0.00056   18.4   0.0   1.3   1   0   0   1   1   1   1 importin alpha, putative [Perkinsus marinus ATCC 50983]
EER00335.1           -          PTHR12848.orig.30.pir -            0.00035   19.1   0.1   0.00038   19.0   0.1   1.0   1   0   0   1   1   1   1 hypothetical protein Pmar_PMAR017199, partial [Perkinsus marinus ATCC 50983]
EER00079.1           -          PTHR12848.orig.30.pir -            0.00035   19.1   0.0   0.00037   19.0   0.0   1.1   1   0   0   1   1   1   1 hypothetical protein Pmar_PMAR024556 [Perkinsus marinus ATCC 50983]
EER16396.1           -          PTHR12848.orig.30.pir -            0.00038   19.0   0.1   0.00042   18.8   0.1   1.0   1   0   0   1   1   1   1 eukaryotic translation initiation factor 3 subunit, putative, partial [Perkinsus marinus ATCC 50983]
EER07552.1           -          PTHR12848.orig.30.pir -            0.00038   19.0   0.0   0.00043   18.8   0.0   1.0   1   0   0   1   1   1   1 axonemal dynein intermediate chain, putative, partial [Perkinsus marinus ATCC 50983]
EER20718.1           -          PTHR12848.orig.30.pir -            0.00043   18.8   0.0   0.00054   18.5   0.0   1.2   1   0   0   1   1   1   1 importin alpha, putative [Perkinsus marinus ATCC 50983]
EER02549.1           -          PTHR12848.orig.30.pir -            0.00045   18.8   0.0    0.0009   17.7   0.0   1.3   1   1   0   1   1   1   1 hypothetical protein, conserved [Perkinsus marinus ATCC 50983]
EER09092.1           -          PTHR12848.orig.30.pir -            0.00051   18.6   0.0    0.0071   14.8   0.0   2.1   1   1   0   1   1   1   1 conserved hypothetical protein [Perkinsus marinus ATCC 50983]
EER11939.1           -          PTHR12848.orig.30.pir -            0.00053   18.5   0.0   0.00061   18.3   0.0   1.0   1   0   0   1   1   1   1 eukaryotic translation initiation factor 3 subunit, putative, partial [Perkinsus marinus ATCC 50983]
EER11427.1           -          PTHR12848.orig.30.pir -            0.00057   18.4   1.8   0.00071   18.1   1.8   1.1   1   0   0   1   1   1   1 Guanine nucleotide-binding protein subunit beta, putative [Perkinsus marinus ATCC 50983]
EER12549.1           -          PTHR12848.orig.30.pir -            0.00067   18.2   0.0    0.0032   15.9   0.0   1.8   1   1   0   1   1   1   1 Set1 complex component swd2, putative [Perkinsus marinus ATCC 50983]
EER14990.1           -          PTHR12848.orig.30.pir -            0.00072   18.1   0.0   0.00087   17.8   0.0   1.1   1   0   0   1   1   1   1 hypothetical protein Pmar_PMAR023313 [Perkinsus marinus ATCC 50983]
EER10685.1           -          PTHR12848.orig.30.pir -             0.0009   17.7   0.0   0.00098   17.6   0.0   1.1   1   0   0   1   1   1   1 hypothetical protein Pmar_PMAR000718 [Perkinsus marinus ATCC 50983]
EER16134.1           -          PTHR12848.orig.30.pir -            0.00094   17.7   0.0     0.001   17.6   0.0   1.0   1   0   0   1   1   1   1 wd-repeat protein, putative [Perkinsus marinus ATCC 50983]
EER19024.1           -          PTHR12848.orig.30.pir -             0.0013   17.2   0.1    0.0013   17.2   0.1   1.2   1   0   0   1   1   1   1 hypothetical protein Pmar_PMAR024233, partial [Perkinsus marinus ATCC 50983]
EER03269.1           -          PTHR12848.orig.30.pir -             0.0015   17.0   0.3    0.0015   17.0   0.3   1.0   1   0   0   1   1   1   1 conserved hypothetical protein [Perkinsus marinus ATCC 50983]
EER06417.1           -          PTHR12848.orig.30.pir -             0.0017   16.8   0.0    0.0018   16.8   0.0   1.1   1   0   0   1   1   1   1 conserved hypothetical protein [Perkinsus marinus ATCC 50983]
EER11760.1           -          PTHR12848.orig.30.pir -             0.0017   16.8   0.1     0.002   16.6   0.1   1.0   1   0   0   1   1   1   1 regulatory protein, putative, partial [Perkinsus marinus ATCC 50983]
EER06739.1           -          PTHR12848.orig.30.pir -             0.0017   16.8   0.0    0.0036   15.8   0.0   1.4   1   1   1   2   2   2   1 regulatory protein, putative, partial [Perkinsus marinus ATCC 50983]
EEQ98643.1           -          PTHR12848.orig.30.pir -             0.0021   16.5   0.0     0.016   13.6   0.0   1.9   1   1   0   1   1   1   1 beta adaptin protein, putative [Perkinsus marinus ATCC 50983]
EER09499.1           -          PTHR12848.orig.30.pir -             0.0028   16.1   2.9     0.012   14.1   3.1   1.7   1   1   0   1   1   1   1 cell cycle switch protein, putative [Perkinsus marinus ATCC 50983]
EER05804.1           -          PTHR12848.orig.30.pir -             0.0029   16.1   0.0    0.0034   15.8   0.0   1.1   1   0   0   1   1   1   1 hypothetical protein Pmar_PMAR011853 [Perkinsus marinus ATCC 50983]
EER20198.1           -          PTHR12848.orig.30.pir -             0.0033   15.9   0.1     0.004   15.6   0.1   1.1   1   0   0   1   1   1   1 hypothetical protein Pmar_PMAR015189 [Perkinsus marinus ATCC 50983]
EER13207.1           -          PTHR12848.orig.30.pir -             0.0033   15.9   0.1     0.004   15.6   0.1   1.0   1   0   0   1   1   1   1 mRNA export protein, putative, partial [Perkinsus marinus ATCC 50983]
EEQ99798.1           -          PTHR12848.orig.30.pir -             0.0037   15.7   0.4     0.027   12.8   0.5   1.9   1   1   0   1   1   1   1 WD-repeat protein, putative [Perkinsus marinus ATCC 50983]
EEQ97136.1           -          PTHR12848.orig.30.pir -             0.0038   15.7   0.0    0.0044   15.4   0.0   1.1   1   0   0   1   1   1   1 hypothetical protein Pmar_PMAR015224 [Perkinsus marinus ATCC 50983]
EER07544.1           -          PTHR12848.orig.30.pir -              0.004   15.6   0.1    0.0047   15.4   0.1   1.2   1   0   0   1   1   1   1 AP-2 complex subunit beta-1, putative, partial [Perkinsus marinus ATCC 50983]
EEQ98912.1           -          PTHR12848.orig.30.pir -             0.0062   15.0   0.0     0.007   14.8   0.0   1.0   1   0   0   1   1   1   1 conserved hypothetical protein [Perkinsus marinus ATCC 50983]
EER06062.1           -          PTHR12848.orig.30.pir -             0.0063   14.9   0.0     0.011   14.1   0.0   1.3   1   0   0   1   1   1   1 F-box and WD domain protein, putative [Perkinsus marinus ATCC 50983]
EER09006.1           -          PTHR12848.orig.30.pir -             0.0065   14.9   0.0    0.0071   14.8   0.0   1.1   1   0   0   1   1   1   1 hypothetical protein, conserved [Perkinsus marinus ATCC 50983]
EER14397.1           -          PTHR12848.orig.30.pir -             0.0071   14.8   0.0    0.0077   14.6   0.0   1.1   1   0   0   1   1   1   1 ribosomal processing protein, putative, partial [Perkinsus marinus ATCC 50983]
EER03538.1           -          PTHR12848.orig.30.pir -             0.0074   14.7   0.0    0.0084   14.5   0.0   1.0   1   0   0   1   1   1   1 conserved hypothetical protein [Perkinsus marinus ATCC 50983]
EEQ97680.1           -          PTHR12848.orig.30.pir -              0.014   13.8   0.0     0.019   13.4   0.0   1.2   1   0   0   1   1   1   0 importin alpha, putative [Perkinsus marinus ATCC 50983]
EER17788.1           -          PTHR12848.orig.30.pir -              0.015   13.7   0.0     0.077   11.3   0.0   2.0   1   1   1   2   2   2   0 WD40 protein Ciao1, putative [Perkinsus marinus ATCC 50983]
EER12355.1           -          PTHR12848.orig.30.pir -              0.015   13.6   0.4     0.022   13.1   0.4   1.1   1   0   0   1   1   1   0 hypothetical protein Pmar_PMAR001154 [Perkinsus marinus ATCC 50983]
EER08671.1           -          PTHR12848.orig.30.pir -              0.018   13.5   0.5       2.2    6.5   0.0   2.5   2   1   0   3   3   2   0 hypothetical protein Pmar_PMAR017729 [Perkinsus marinus ATCC 50983]
EER09881.1           -          PTHR12848.orig.30.pir -              0.018   13.4   0.1     0.024   13.0   0.1   1.3   1   0   0   1   1   1   0 importin alpha, putative [Perkinsus marinus ATCC 50983]
EER15237.1           -          PTHR12848.orig.30.pir -              0.022   13.1   0.1     0.029   12.8   0.1   1.3   1   0   0   1   1   1   0 importin alpha, putative [Perkinsus marinus ATCC 50983]
EER19840.1           -          PTHR12848.orig.30.pir -              0.023   13.1   0.1     0.027   12.9   0.1   1.0   1   0   0   1   1   1   0 WD repeat domain containing protein [Perkinsus marinus ATCC 50983]
EER09240.1           -          PTHR12848.orig.30.pir -              0.023   13.1   0.0      0.13   10.5   0.0   2.0   1   1   1   2   2   2   0 WD40 protein Ciao1, putative [Perkinsus marinus ATCC 50983]
EER05239.1           -          PTHR12848.orig.30.pir -              0.028   12.8   1.4      0.05   12.0   0.5   1.8   2   1   0   2   2   1   0 serine/threonine protein phosphatase 2a regulatory subunit a, putative [Perkinsus marinus ATCC 50983]
EER15472.1           -          PTHR12848.orig.30.pir -              0.028   12.8   0.0     0.041   12.3   0.0   1.2   1   0   0   1   1   1   0 26S proteasome regulatory subunit RPN2, putative [Perkinsus marinus ATCC 50983]
EEQ99377.1           -          PTHR12848.orig.30.pir -               0.03   12.7   0.0     0.039   12.3   0.0   1.1   1   0   0   1   1   1   0 g-protein beta wd-40 repeats containing protein, putative, partial [Perkinsus marinus ATCC 50983]
EER17309.1           -          PTHR12848.orig.30.pir -              0.031   12.7   0.2     0.032   12.6   0.2   1.0   1   0   0   1   1   1   0 protein folding regulator, putative [Perkinsus marinus ATCC 50983]
EER00091.1           -          PTHR12848.orig.30.pir -              0.034   12.5   0.0      0.13   10.6   0.0   1.5   1   1   0   1   1   1   0 Peptidyl-prolyl cis-trans isomerase cyp15, putative [Perkinsus marinus ATCC 50983]
EER12419.1           -          PTHR12848.orig.30.pir -              0.036   12.4   0.0      0.15   10.4   0.0   1.8   1   1   0   1   1   1   0 Ribosome biogenesis protein BOP1, putative [Perkinsus marinus ATCC 50983]
EER17383.1           -          PTHR12848.orig.30.pir -              0.039   12.3   0.0     0.047   12.0   0.0   1.1   1   0   0   1   1   1   0 WD-repeat protein, putative [Perkinsus marinus ATCC 50983]
EER02673.1           -          PTHR12848.orig.30.pir -              0.046   12.1   0.0      0.11   10.9   0.0   1.5   1   1   0   1   1   1   0 conserved hypothetical protein [Perkinsus marinus ATCC 50983]
EER03597.1           -          PTHR12848.orig.30.pir -              0.064   11.6   0.0     0.083   11.2   0.0   1.2   1   0   0   1   1   1   0 hypothetical protein Pmar_PMAR026274 [Perkinsus marinus ATCC 50983]
EER13857.1           -          PTHR12848.orig.30.pir -              0.069   11.5   0.0     0.082   11.3   0.0   1.1   1   0   0   1   1   1   0 conserved hypothetical protein, partial [Perkinsus marinus ATCC 50983]
EER15073.1           -          PTHR12848.orig.30.pir -              0.077   11.4   0.0      0.18   10.1   0.0   1.5   1   1   0   1   1   1   0 WD-repeat protein, putative [Perkinsus marinus ATCC 50983]
EER07403.1           -          PTHR12848.orig.30.pir -              0.093   11.1   0.0       5.2    5.3   0.0   1.9   1   1   1   2   2   2   0 hypothetical protein Pmar_PMAR020568 [Perkinsus marinus ATCC 50983]
EER01507.1           -          PTHR12848.orig.30.pir -                0.1   10.9   0.9      0.11   10.8   0.1   1.4   1   1   0   1   1   1   0 WD-repeat protein C1A6.02, putative [Perkinsus marinus ATCC 50983]
EEQ98221.1           -          PTHR12848.orig.30.pir -               0.11   10.9   0.0      0.13   10.6   0.0   1.1   1   0   0   1   1   1   0 hypothetical protein Pmar_PMAR002040 [Perkinsus marinus ATCC 50983]
EER13959.1           -          PTHR12848.orig.30.pir -               0.17   10.2   2.1       1.7    6.8   0.6   2.1   2   0   0   2   2   2   0 conserved hypothetical protein [Perkinsus marinus ATCC 50983]
EER10499.1           -          PTHR12848.orig.30.pir -                1.3    7.3  18.9       1.6    7.0  18.9   1.0   1   0   0   1   1   1   0 U4/U6.U5 tri-snRNP-associated protein, putative [Perkinsus marinus ATCC 50983]
EER08965.1           -          PTHR12848.orig.30.pir -                3.2    6.0   7.5       3.9    5.7   7.5   1.1   1   0   0   1   1   1   0 translation initiation factor if-2, putative [Perkinsus marinus ATCC 50983]
EER13663.1           -          PTHR12848.orig.30.pir -                3.6    5.8   7.5       4.2    5.6   7.5   1.0   1   0   0   1   1   1   0 eukaryotic translation initiation factor 5B, putative, partial [Perkinsus marinus ATCC 50983]
EER07412.1           -          PTHR12848.orig.30.pir -                4.3    5.5   8.0       5.4    5.2   8.0   1.1   1   0   0   1   1   1   0 eukaryotic translation initiation factor 5B, putative [Perkinsus marinus ATCC 50983]
EER16637.1           -          PTHR12848.orig.30.pir -                9.3    4.4  25.7        10    4.3  25.7   1.1   1   0   0   1   1   1   0 conserved hypothetical protein [Perkinsus marinus ATCC 50983]
#
# Program:         hmmsearch
# Version:         3.4 (Aug 2023)
# Pipeline mode:   SEARCH
# Query file:      /share/korflab/project/torture/Analysis/HMMs/RAPTOR_FULL.hmm
# Target file:     /share/korflab/project/torture/Analysis/Proteomes/Alveolata/Alveolata-genome-proteins/ncbi_dataset/data/GCA_000006405.1/protein.faa
# Option settings: hmmsearch --tblout /share/korflab/project/torture/Analysis/HMMER_Output/Alveolata/RAPTOR/GCA_000006405.1_RAPTOR_FULL.out /share/korflab/project/torture/Analysis/HMMs/RAPTOR_FULL.hmm /share/korflab/project/torture/Analysis/Proteomes/Alveolata/Alveolata-genome-proteins/ncbi_dataset/data/GCA_000006405.1/protein.faa 
# Current dir:     /share/korflab/project/torture/Analysis
# Date:            Mon Oct  7 11:27:42 2024
# [ok]
