#                                                                --- full sequence ---- --- best 1 domain ---- --- domain number estimation ----
# target name        accession  query name            accession    E-value  score  bias   E-value  score  bias   exp reg clu  ov env dom rep inc description of target
#------------------- ----------  -------------------- ---------- --------- ------ ----- --------- ------ -----   --- --- --- --- --- --- --- --- ---------------------
EPT24684.1           -          PTHR12848.orig.30.pir -            8.1e-20   69.4   1.7   2.5e-13   47.9   0.3   2.5   1   1   1   2   2   2   2 WD domain, G-beta repeat-containing protein [Toxoplasma gondii ME49]
EPT28859.1           -          PTHR12848.orig.30.pir -            6.9e-17   59.7   0.0   5.8e-10   36.7   0.0   3.8   2   2   1   3   3   3   3 WD domain, G-beta repeat-containing protein [Toxoplasma gondii ME49]
EPT31569.1           -          PTHR12848.orig.30.pir -              1e-16   59.1   0.1   3.1e-10   37.7   0.0   2.3   1   1   1   2   2   2   2 WD domain, G-beta repeat domain containing protein [Toxoplasma gondii ME49]
EPT26143.1           -          PTHR12848.orig.30.pir -            1.6e-15   55.2   0.1   1.2e-14   52.2   0.1   1.9   1   1   0   1   1   1   1 U5 snRNP-specific protein [Toxoplasma gondii ME49]
EPT30684.1           -          PTHR12848.orig.30.pir -            1.1e-14   52.4   0.0   5.2e-09   33.6   0.0   2.5   1   1   2   3   3   3   2 coatomer protein complex, subunit alpha, putative [Toxoplasma gondii ME49]
EPT28575.1           -          PTHR12848.orig.30.pir -            3.1e-14   50.9   0.3     4e-14   50.5   0.3   1.1   1   0   0   1   1   1   1 mRNA export protein [Toxoplasma gondii ME49]
EPT26053.1           -          PTHR12848.orig.30.pir -            3.6e-14   50.7   0.0   5.1e-14   50.2   0.0   1.1   1   0   0   1   1   1   1 WD domain, G-beta repeat-containing protein [Toxoplasma gondii ME49]
EPT25294.1           -          PTHR12848.orig.30.pir -            5.8e-12   43.4   0.0   7.9e-12   42.9   0.0   1.3   1   0   0   1   1   1   1 guanine nucleotide-binding protein, putative [Toxoplasma gondii ME49]
EPT30275.1           -          PTHR12848.orig.30.pir -            6.5e-12   43.2   0.1   7.9e-12   42.9   0.1   1.1   1   0   0   1   1   1   1 WD domain, G-beta repeat-containing protein [Toxoplasma gondii ME49]
EPT30502.1           -          PTHR12848.orig.30.pir -            6.5e-12   43.2  17.4   8.7e-12   42.8  17.4   1.1   1   0   0   1   1   1   1 WD domain, G-beta repeat-containing protein [Toxoplasma gondii ME49]
EPT25597.1           -          PTHR12848.orig.30.pir -            1.6e-11   41.9   3.5   4.2e-09   33.9   2.0   2.3   1   1   1   2   2   2   2 guanine nucleotide-binding protein [Toxoplasma gondii ME49]
EPT25336.1           -          PTHR12848.orig.30.pir -            1.6e-11   41.9   0.0   6.4e-05   20.1   0.0   2.1   1   1   1   2   2   2   2 WD domain, G-beta repeat-containing protein [Toxoplasma gondii ME49]
EPT24789.1           -          PTHR12848.orig.30.pir -            2.4e-11   41.4   0.0   5.4e-11   40.2   0.0   1.5   1   1   0   1   1   1   1 mitotic checkpoint protein, BUB3 family protein [Toxoplasma gondii ME49]
EPT31311.1           -          PTHR12848.orig.30.pir -            6.5e-11   39.9   7.8   1.7e-06   25.2   0.0   3.3   3   0   0   3   3   3   2 ribosome biogenesis protein BOP1, putative [Toxoplasma gondii ME49]
EPT31759.1           -          PTHR12848.orig.30.pir -            1.1e-10   39.2   0.6   7.3e-09   33.1   0.2   2.2   1   1   1   2   2   2   1 dynein intermediate chain, putative [Toxoplasma gondii ME49]
EPT31802.1           -          PTHR12848.orig.30.pir -            1.4e-10   38.8   0.0   2.4e-09   34.7   0.0   2.0   1   1   0   1   1   1   1 WD repeat-containing protein 92, putative [Toxoplasma gondii ME49]
EPT29350.1           -          PTHR12848.orig.30.pir -            1.6e-10   38.6   0.0   4.7e-09   33.8   0.0   2.5   1   1   0   1   1   1   1 flagellar associated protein [Toxoplasma gondii ME49]
EPT30450.1           -          PTHR12848.orig.30.pir -            2.5e-10   37.9   0.2   3.5e-10   37.5   0.2   1.2   1   0   0   1   1   1   1 WD domain, G-beta repeat-containing protein [Toxoplasma gondii ME49]
EPT27722.1           -          PTHR12848.orig.30.pir -            7.8e-10   36.3   0.6   2.8e-09   34.5   0.0   1.7   1   1   0   2   2   2   1 G-protein beta WD-40 repeat containing protein [Toxoplasma gondii ME49]
EPT24913.1           -          PTHR12848.orig.30.pir -            2.8e-09   34.5   7.7   8.5e-09   32.9   7.7   1.9   1   1   0   1   1   1   1 RbAp46 [Toxoplasma gondii ME49]
EPT30482.1           -          PTHR12848.orig.30.pir -            3.7e-09   34.1   0.1   8.3e-09   32.9   0.0   1.4   1   1   0   1   1   1   1 WD domain, G-beta repeat-containing protein [Toxoplasma gondii ME49]
EPT29656.1           -          PTHR12848.orig.30.pir -            9.1e-09   32.8   0.0   1.6e-08   31.9   0.0   1.4   1   0   0   1   1   1   1 WD domain, G-beta repeat-containing protein [Toxoplasma gondii ME49]
EPT26420.1           -          PTHR12848.orig.30.pir -            9.3e-09   32.8   0.0   6.3e-08   30.0   0.0   1.9   1   1   0   1   1   1   1 notchless, putative [Toxoplasma gondii ME49]
EPT26759.1           -          PTHR12848.orig.30.pir -            9.5e-09   32.7   0.1   1.6e-08   32.0   0.1   1.3   1   0   0   1   1   1   1 COPI protein, putative [Toxoplasma gondii ME49]
EPT28767.1           -          PTHR12848.orig.30.pir -            1.3e-08   32.3   0.5   0.00037   17.5   0.0   2.2   1   1   1   2   2   2   2 Sof1 family domain-containing protein [Toxoplasma gondii ME49]
EPT30775.1           -          PTHR12848.orig.30.pir -            2.3e-08   31.5   8.4     4e-08   30.7   8.1   1.5   1   1   0   1   1   1   1 WD domain, G-beta repeat-containing protein [Toxoplasma gondii ME49]
EPT28932.1           -          PTHR12848.orig.30.pir -            3.2e-08   31.0   9.0   1.4e-05   22.2   0.1   3.0   3   0   0   3   3   3   2 HEAT repeat-containing protein [Toxoplasma gondii ME49]
EPT30408.1           -          PTHR12848.orig.30.pir -            3.6e-08   30.8   0.1   4.3e-08   30.5   0.1   1.3   1   0   0   1   1   1   1 WD domain, G-beta repeat-containing protein [Toxoplasma gondii ME49]
EPT26566.1           -          PTHR12848.orig.30.pir -              4e-08   30.6   3.3    0.0033   14.4   0.0   3.4   2   2   1   3   3   2   2 WD domain, G-beta repeat-containing protein [Toxoplasma gondii ME49]
EPT28043.1           -          PTHR12848.orig.30.pir -            4.5e-08   30.5   0.0   5.4e-08   30.2   0.0   1.1   1   0   0   1   1   1   1 WD-40 repeat protein [Toxoplasma gondii ME49]
EPT28236.1           -          PTHR12848.orig.30.pir -            4.5e-08   30.5   0.0   3.7e-05   20.8   0.0   2.1   1   1   0   2   2   2   2 hypothetical protein TGME49_268350 [Toxoplasma gondii ME49]
EPT30291.1           -          PTHR12848.orig.30.pir -              6e-08   30.1   0.1   1.4e-07   28.8   0.1   1.6   1   1   0   1   1   1   1 WD domain, G-beta repeat-containing protein [Toxoplasma gondii ME49]
EPT27233.1           -          PTHR12848.orig.30.pir -            1.8e-07   28.5   0.0   7.8e-06   23.1   0.0   2.4   1   1   0   1   1   1   1 WD domain, G-beta repeat-containing protein [Toxoplasma gondii ME49]
EPT31879.1           -          PTHR12848.orig.30.pir -            4.5e-07   27.2   0.1   2.5e-06   24.7   0.1   1.9   1   1   0   1   1   1   1 importin alpha, putative [Toxoplasma gondii ME49]
EPT28362.1           -          PTHR12848.orig.30.pir -            8.1e-07   26.3   0.0   0.00062   16.8   0.0   2.2   1   1   1   2   2   2   2 WD domain, G-beta repeat-containing protein [Toxoplasma gondii ME49]
EPT28226.1           -          PTHR12848.orig.30.pir -              9e-07   26.2   0.0   1.2e-06   25.8   0.0   1.2   1   0   0   1   1   1   1 WD domain, G-beta repeat-containing protein [Toxoplasma gondii ME49]
EPT32022.1           -          PTHR12848.orig.30.pir -            1.5e-06   25.4   0.0     8e-06   23.0   0.0   1.7   1   1   0   1   1   1   1 WD domain, G-beta repeat-containing protein [Toxoplasma gondii ME49]
EPT30240.1           -          PTHR12848.orig.30.pir -            2.1e-06   24.9   0.0    0.0001   19.4   0.0   2.5   3   0   0   3   3   3   1 WD domain, G-beta repeat-containing protein [Toxoplasma gondii ME49]
EPT27822.1           -          PTHR12848.orig.30.pir -            7.6e-06   23.1   0.2   1.2e-05   22.5   0.2   1.2   1   0   0   1   1   1   1 intraflagellar transport protein 172, putative [Toxoplasma gondii ME49]
EPT25399.1           -          PTHR12848.orig.30.pir -            8.3e-06   23.0   1.1   0.00033   17.7   0.0   2.7   2   1   1   3   3   3   1 cytoplasmic dynein intermediate chain [Toxoplasma gondii ME49]
EPT26848.1           -          PTHR12848.orig.30.pir -            1.5e-05   22.1   0.0   1.8e-05   21.8   0.0   1.1   1   0   0   1   1   1   1 WD domain, G-beta repeat-containing protein [Toxoplasma gondii ME49]
EPT26304.1           -          PTHR12848.orig.30.pir -            1.9e-05   21.8   0.0   0.00013   19.0   0.2   1.9   1   1   1   2   2   2   1 transducin beta-like protein TBL1 [Toxoplasma gondii ME49]
EPT28371.1           -          PTHR12848.orig.30.pir -            4.5e-05   20.5   0.1    0.0001   19.4   0.1   1.6   1   0   0   1   1   1   1 WD domain, G-beta repeat-containing protein [Toxoplasma gondii ME49]
EPT27949.1           -          PTHR12848.orig.30.pir -            5.5e-05   20.3   3.2   0.00022   18.3   3.0   1.9   1   1   0   1   1   1   1 WD domain, G-beta repeat-containing protein [Toxoplasma gondii ME49]
EPT26490.1           -          PTHR12848.orig.30.pir -            5.6e-05   20.2   5.6    0.0012   15.9   0.2   2.2   2   0   0   2   2   2   2 HEAT repeat-containing protein [Toxoplasma gondii ME49]
EPT32197.1           -          PTHR12848.orig.30.pir -            6.9e-05   19.9   5.0   0.00011   19.3   5.0   1.3   1   0   0   1   1   1   1 sperm associated antigen 6, putative [Toxoplasma gondii ME49]
EPT25636.1           -          PTHR12848.orig.30.pir -              8e-05   19.7   0.0     8e-05   19.7   0.0   2.5   2   1   1   3   3   2   1 WD domain, G-beta repeat-containing protein [Toxoplasma gondii ME49]
EPT29114.1           -          PTHR12848.orig.30.pir -            9.1e-05   19.5   1.4   0.00014   18.9   0.1   1.8   2   1   0   2   2   2   1 HEAT repeat-containing protein [Toxoplasma gondii ME49]
EPT27909.1           -          PTHR12848.orig.30.pir -             0.0001   19.4   0.4     0.046   10.6   1.0   2.2   1   1   0   2   2   2   1 HEAT repeat-containing protein [Toxoplasma gondii ME49]
EPT28201.1           -          PTHR12848.orig.30.pir -            0.00011   19.3  12.6   0.00024   18.2  12.2   1.7   1   1   0   1   1   1   1 WD domain, G-beta repeat-containing protein [Toxoplasma gondii ME49]
EPT31533.1           -          PTHR12848.orig.30.pir -            0.00015   18.8   0.0   0.00015   18.8   0.0   1.2   1   0   0   1   1   1   1 WD domain, G-beta repeat-containing protein [Toxoplasma gondii ME49]
EPT30022.1           -          PTHR12848.orig.30.pir -            0.00024   18.2   0.1   0.00057   16.9   0.1   1.5   1   1   0   1   1   1   1 WD domain, G-beta repeat-containing protein [Toxoplasma gondii ME49]
EPT30666.1           -          PTHR12848.orig.30.pir -            0.00029   17.9   0.6   0.00093   16.2   0.0   1.8   1   1   0   2   2   2   1 WD domain, G-beta repeat-containing protein [Toxoplasma gondii ME49]
EPT30333.1           -          PTHR12848.orig.30.pir -            0.00034   17.6   0.1    0.0031   14.5   0.1   2.7   1   1   0   1   1   1   1 WD domain, G-beta repeat-containing protein [Toxoplasma gondii ME49]
EPT27979.1           -          PTHR12848.orig.30.pir -            0.00034   17.6   0.2    0.0045   13.9   0.0   1.8   1   1   0   1   1   1   1 eukaryotic initiation factor-3, delta subunit, putative [Toxoplasma gondii ME49]
EPT29136.1           -          PTHR12848.orig.30.pir -            0.00095   16.2   1.3   0.00095   16.2   1.3   3.4   2   1   1   3   3   2   1 hypothetical protein TGME49_255240 [Toxoplasma gondii ME49]
EPT27282.1           -          PTHR12848.orig.30.pir -              0.001   16.1   1.3    0.0018   15.2   0.0   2.0   2   0   0   2   2   2   1 hypothetical protein TGME49_228100 [Toxoplasma gondii ME49]
EPT28934.1           -          PTHR12848.orig.30.pir -              0.001   16.0   0.0       4.2    4.1   0.8   4.2   2   1   0   3   3   3   0 GCN1, putative [Toxoplasma gondii ME49]
EPT32311.1           -          PTHR12848.orig.30.pir -              0.002   15.1  24.6    0.0029   14.6  24.6   1.2   1   0   0   1   1   1   1 hypothetical protein TGME49_209530 [Toxoplasma gondii ME49]
EPT26094.1           -          PTHR12848.orig.30.pir -             0.0024   14.8   0.1    0.0045   13.9   0.1   1.4   1   0   0   1   1   1   1 WD domain, G-beta repeat-containing protein [Toxoplasma gondii ME49]
EPT31839.1           -          PTHR12848.orig.30.pir -             0.0053   13.7   0.0      0.01   12.7   0.0   1.5   1   0   0   1   1   1   1 WD domain, G-beta repeat-containing protein [Toxoplasma gondii ME49]
EPT25567.1           -          PTHR12848.orig.30.pir -             0.0061   13.5   1.1     0.067   10.0   0.1   2.2   2   0   0   2   2   2   1 HEAT repeat-containing protein [Toxoplasma gondii ME49]
EPT31603.1           -          PTHR12848.orig.30.pir -             0.0088   13.0   0.0     0.015   12.2   0.0   1.5   1   1   0   1   1   1   1 peptidylprolyl isomerase domain-containing protein [Toxoplasma gondii ME49]
EPT31251.1           -          PTHR12848.orig.30.pir -              0.016   12.1   0.0     0.031   11.2   0.0   1.5   1   0   0   1   1   1   0 WD domain, G-beta repeat-containing protein [Toxoplasma gondii ME49]
EPT30910.1           -          PTHR12848.orig.30.pir -              0.029   11.2   0.2     0.031   11.1   0.2   1.0   1   0   0   1   1   1   0 hypothetical protein TGME49_284570 [Toxoplasma gondii ME49]
EPT27903.1           -          PTHR12848.orig.30.pir -              0.034   11.0   1.4      0.16    8.8   1.4   1.9   1   1   0   1   1   1   0 hypothetical protein TGME49_289027 [Toxoplasma gondii ME49]
EPT32532.1           -          PTHR12848.orig.30.pir -              0.036   10.9   0.1     0.053   10.4   0.1   1.3   1   0   0   1   1   1   0 HEAT repeat-containing protein [Toxoplasma gondii ME49]
EPT27358.1           -          PTHR12848.orig.30.pir -              0.081    9.8   4.1      0.13    9.0   4.1   1.3   1   0   0   1   1   1   0 HEAT repeat-containing protein [Toxoplasma gondii ME49]
EPT27920.1           -          PTHR12848.orig.30.pir -               0.18    8.6  20.8    0.0021   15.0  13.1   1.5   2   0   0   2   2   2   0 tetratricopeptide repeat-containing protein [Toxoplasma gondii ME49]
EPT26004.1           -          PTHR12848.orig.30.pir -               0.35    7.7  11.9      0.37    7.6  11.9   1.1   1   0   0   1   1   1   0 hypothetical protein TGME49_312490 [Toxoplasma gondii ME49]
EPT31710.1           -          PTHR12848.orig.30.pir -               0.54    7.0   0.0      0.54    7.0   0.0   2.1   1   1   0   2   2   1   0 hypothetical protein TGME49_254500 [Toxoplasma gondii ME49]
EPT27081.1           -          PTHR12848.orig.30.pir -                1.1    6.0   6.3       1.5    5.5   6.3   1.1   1   0   0   1   1   1   0 hypothetical protein TGME49_225830 [Toxoplasma gondii ME49]
EPT24953.1           -          PTHR12848.orig.30.pir -                1.3    5.8  10.1       2.4    4.9   4.2   2.0   2   0   0   2   2   2   0 hypothetical protein TGME49_247652 [Toxoplasma gondii ME49]
EPT27040.1           -          PTHR12848.orig.30.pir -                1.6    5.5  11.9         2    5.2  11.9   1.1   1   0   0   1   1   1   0 hypothetical protein TGME49_225330 [Toxoplasma gondii ME49]
EPT25798.1           -          PTHR12848.orig.30.pir -                  2    5.2  28.3       2.1    5.1  28.3   1.0   1   0   0   1   1   1   0 hypothetical protein TGME49_314760 [Toxoplasma gondii ME49]
EPT31951.1           -          PTHR12848.orig.30.pir -                2.8    4.7   7.9       3.2    4.5   7.9   1.0   1   0   0   1   1   1   0 acetyltransferase, GNAT family protein [Toxoplasma gondii ME49]
EPT32246.1           -          PTHR12848.orig.30.pir -                6.7    3.4  10.3       7.7    3.2  10.3   1.0   1   0   0   1   1   1   0 hypothetical protein TGME49_321550 [Toxoplasma gondii ME49]
EPT32035.1           -          PTHR12848.orig.30.pir -                7.6    3.2   8.1       8.9    3.0   8.1   1.1   1   0   0   1   1   1   0 brix domain-containing protein [Toxoplasma gondii ME49]
#
# Program:         hmmsearch
# Version:         3.4 (Aug 2023)
# Pipeline mode:   SEARCH
# Query file:      /share/korflab/project/torture/Analysis/HMMs/RAPTOR_FULL.hmm
# Target file:     /share/korflab/project/torture/Analysis/Proteomes/Alveolata/Alveolata-genome-proteins/ncbi_dataset/data/GCA_000006565.2/protein.faa
# Option settings: hmmsearch --tblout /share/korflab/project/torture/Analysis/HMMER_Output/Alveolata/RAPTOR/GCA_000006565.2_RAPTOR_FULL.out /share/korflab/project/torture/Analysis/HMMs/RAPTOR_FULL.hmm /share/korflab/project/torture/Analysis/Proteomes/Alveolata/Alveolata-genome-proteins/ncbi_dataset/data/GCA_000006565.2/protein.faa 
# Current dir:     /share/korflab/project/torture/Analysis
# Date:            Mon Oct  7 11:27:45 2024
# [ok]
