#                                                                --- full sequence ---- --- best 1 domain ---- --- domain number estimation ----
# target name        accession  query name            accession    E-value  score  bias   E-value  score  bias   exp reg clu  ov env dom rep inc description of target
#------------------- ----------  -------------------- ---------- --------- ------ ----- --------- ------ -----   --- --- --- --- --- --- --- --- ---------------------
EPR63808.1           -          PTHR12848.orig.30.pir -              2e-19   68.2   0.7   9.8e-13   45.9   0.1   2.5   1   1   1   2   2   2   2 WD domain, G-beta repeat-containing protein [Toxoplasma gondii GT1]
EPR64240.1           -          PTHR12848.orig.30.pir -            9.6e-17   59.2   0.0   5.9e-10   36.7   0.0   3.7   2   2   0   3   3   3   3 WD domain, G-beta repeat-containing protein [Toxoplasma gondii GT1]
EPR58096.1           -          PTHR12848.orig.30.pir -              1e-16   59.1   0.1   3.1e-10   37.7   0.0   2.3   1   1   1   2   2   2   2 WD domain, G-beta repeat domain containing protein [Toxoplasma gondii GT1]
EPR61158.1           -          PTHR12848.orig.30.pir -            1.3e-15   55.5   0.2   6.5e-15   53.2   0.2   1.8   1   1   0   1   1   1   1 U5 snRNP-specific protein [Toxoplasma gondii GT1]
EPR60528.1           -          PTHR12848.orig.30.pir -            1.1e-14   52.4   0.0   5.3e-09   33.6   0.0   2.5   1   1   2   3   3   3   2 putative coatomer protein complex, subunit alpha [Toxoplasma gondii GT1]
EPR64449.1           -          PTHR12848.orig.30.pir -            3.1e-14   50.9   0.3   4.1e-14   50.5   0.3   1.1   1   0   0   1   1   1   1 mRNA export protein [Toxoplasma gondii GT1]
EPR61071.1           -          PTHR12848.orig.30.pir -              5e-14   50.2   0.0     7e-14   49.7   0.0   1.1   1   0   0   1   1   1   1 WD domain, G-beta repeat-containing protein [Toxoplasma gondii GT1]
EPR63206.1           -          PTHR12848.orig.30.pir -            1.8e-12   45.1   0.1   1.1e-05   22.7   0.1   2.1   1   1   1   2   2   2   2 WD domain, G-beta repeat-containing protein [Toxoplasma gondii GT1]
EPR56669.1           -          PTHR12848.orig.30.pir -            4.4e-12   43.8  17.2   6.1e-12   43.3  17.2   1.1   1   0   0   1   1   1   1 WD domain, G-beta repeat-containing protein [Toxoplasma gondii GT1]
EPR63165.1           -          PTHR12848.orig.30.pir -            9.3e-12   42.7   0.0   1.3e-11   42.3   0.0   1.3   1   0   0   1   1   1   1 putative guanine nucleotide-binding protein [Toxoplasma gondii GT1]
EPR61732.1           -          PTHR12848.orig.30.pir -            9.6e-12   42.7   0.1   1.2e-11   42.4   0.1   1.1   1   0   0   1   1   1   1 WD domain, G-beta repeat-containing protein [Toxoplasma gondii GT1]
EPR58732.1           -          PTHR12848.orig.30.pir -            1.6e-11   41.9   3.5   4.2e-09   33.9   2.0   2.3   1   1   1   2   2   2   2 guanine nucleotide-binding protein [Toxoplasma gondii GT1]
EPR63744.1           -          PTHR12848.orig.30.pir -            2.4e-11   41.4   0.0   5.5e-11   40.2   0.0   1.5   1   1   0   1   1   1   1 mitotic checkpoint protein, BUB3 family protein [Toxoplasma gondii GT1]
EPR57206.1           -          PTHR12848.orig.30.pir -            6.6e-11   39.9   7.8   1.7e-06   25.2   0.0   3.3   3   0   0   3   3   3   2 putative ribosome biogenesis protein BOP1 [Toxoplasma gondii GT1]
EPR59037.1           -          PTHR12848.orig.30.pir -            1.1e-10   39.2   0.6   7.4e-09   33.1   0.2   2.2   1   1   1   2   2   2   1 putative dynein intermediate chain [Toxoplasma gondii GT1]
EPR62928.1           -          PTHR12848.orig.30.pir -            1.4e-10   38.9   0.0   5.9e-09   33.4   0.0   2.5   1   1   0   1   1   1   1 flagellar associated protein [Toxoplasma gondii GT1]
EPR58995.1           -          PTHR12848.orig.30.pir -            1.4e-10   38.8   0.0   2.5e-09   34.7   0.0   2.0   1   1   0   1   1   1   1 putative WD repeat-containing protein 92 [Toxoplasma gondii GT1]
EPR57376.1           -          PTHR12848.orig.30.pir -            7.9e-10   36.3   0.6   2.9e-09   34.5   0.0   1.7   1   1   0   2   2   2   1 G-protein beta WD-40 repeat containing protein [Toxoplasma gondii GT1]
EPR60693.1           -          PTHR12848.orig.30.pir -            8.8e-10   36.2   0.1   1.2e-09   35.7   0.1   1.2   1   0   0   1   1   1   1 WD domain, G-beta repeat-containing protein [Toxoplasma gondii GT1]
EPR63645.1           -          PTHR12848.orig.30.pir -            3.2e-09   34.3   8.7   9.4e-09   32.8   8.7   1.9   1   1   0   1   1   1   1 RbAp46 [Toxoplasma gondii GT1]
EPR56539.1           -          PTHR12848.orig.30.pir -            3.8e-09   34.1   0.0   8.1e-09   33.0   0.0   1.4   1   1   0   1   1   1   1 WD domain, G-beta repeat-containing protein [Toxoplasma gondii GT1]
EPR60081.1           -          PTHR12848.orig.30.pir -            9.6e-09   32.7   0.0   5.6e-08   30.2   0.0   1.9   1   1   0   1   1   1   1 putative notchless [Toxoplasma gondii GT1]
EPR61905.1           -          PTHR12848.orig.30.pir -            9.7e-09   32.7   0.1   1.6e-08   32.0   0.1   1.3   1   0   0   1   1   1   1 putative COPI protein [Toxoplasma gondii GT1]
EPR62617.1           -          PTHR12848.orig.30.pir -            1.2e-08   32.5   0.0   2.1e-08   31.6   0.0   1.4   1   0   0   1   1   1   1 WD domain, G-beta repeat-containing protein [Toxoplasma gondii GT1]
EPR64374.1           -          PTHR12848.orig.30.pir -            1.6e-08   32.0   0.7   0.00029   17.9   0.0   2.1   1   1   1   2   2   2   2 Sof1 family domain-containing protein [Toxoplasma gondii GT1]
EPR61716.1           -          PTHR12848.orig.30.pir -              2e-08   31.7   0.0   3.2e-08   31.0   0.0   1.3   1   0   0   1   1   1   1 WD domain, G-beta repeat-containing protein [Toxoplasma gondii GT1]
EPR60462.1           -          PTHR12848.orig.30.pir -              2e-08   31.7   8.3   3.9e-08   30.7   8.1   1.5   1   1   1   2   2   2   1 WD domain, G-beta repeat-containing protein [Toxoplasma gondii GT1]
EPR64962.1           -          PTHR12848.orig.30.pir -            2.9e-08   31.1   0.0   2.8e-05   21.2   0.0   2.1   1   1   0   2   2   2   2 hypothetical protein TGGT1_268350 [Toxoplasma gondii GT1]
EPR64311.1           -          PTHR12848.orig.30.pir -            3.3e-08   31.0   9.0   1.4e-05   22.2   0.1   3.0   3   0   0   3   3   3   2 HEAT repeat-containing protein [Toxoplasma gondii GT1]
EPR60639.1           -          PTHR12848.orig.30.pir -            3.5e-08   30.9   0.1   4.3e-08   30.6   0.1   1.3   1   0   0   1   1   1   1 WD domain, G-beta repeat-containing protein [Toxoplasma gondii GT1]
EPR59809.1           -          PTHR12848.orig.30.pir -            4.6e-08   30.5   0.0   5.5e-08   30.2   0.0   1.1   1   0   0   1   1   1   1 WD-40 repeat protein [Toxoplasma gondii GT1]
EPR63426.1           -          PTHR12848.orig.30.pir -            4.6e-08   30.5   0.0   4.6e-08   30.5   0.0   4.4   2   1   1   4   4   2   1 WD domain, G-beta repeat-containing protein [Toxoplasma gondii GT1]
EPR62396.1           -          PTHR12848.orig.30.pir -            1.8e-07   28.5   0.0   8.1e-06   23.0   0.0   2.4   1   1   0   1   1   1   1 WD domain, G-beta repeat-containing protein [Toxoplasma gondii GT1]
EPR59191.1           -          PTHR12848.orig.30.pir -            4.6e-07   27.2   0.1   2.5e-06   24.7   0.1   1.9   1   1   0   1   1   1   1 putative importin alpha [Toxoplasma gondii GT1]
EPR64826.1           -          PTHR12848.orig.30.pir -            6.2e-07   26.7   0.0   0.00071   16.6   0.0   2.3   1   1   1   2   2   2   2 WD domain, G-beta repeat-containing protein [Toxoplasma gondii GT1]
EPR60155.1           -          PTHR12848.orig.30.pir -            8.7e-07   26.2   5.0     0.019   11.9   0.0   3.4   2   2   1   3   3   2   2 WD domain, G-beta repeat-containing protein [Toxoplasma gondii GT1]
EPR58531.1           -          PTHR12848.orig.30.pir -            9.1e-07   26.2   0.0   1.8e-06   25.2   0.0   1.7   1   1   0   1   1   1   1 WD domain, G-beta repeat-containing protein [Toxoplasma gondii GT1]
EPR64952.1           -          PTHR12848.orig.30.pir -            9.4e-07   26.1   0.0   1.2e-06   25.7   0.0   1.2   1   0   0   1   1   1   1 WD domain, G-beta repeat-containing protein [Toxoplasma gondii GT1]
EPR61571.1           -          PTHR12848.orig.30.pir -            3.4e-06   24.3   0.0   0.00019   18.5   0.0   2.6   3   0   0   3   3   3   1 WD domain, G-beta repeat-containing protein [Toxoplasma gondii GT1]
EPR62594.1           -          PTHR12848.orig.30.pir -              7e-06   23.3   0.2     7e-06   23.3   0.2   7.1   3   2   3   7   7   2   1 WD domain, G-beta repeat-containing protein [Toxoplasma gondii GT1]
EPR61951.1           -          PTHR12848.orig.30.pir -            1.5e-05   22.1   0.0   1.9e-05   21.8   0.0   1.1   1   0   0   1   1   1   1 WD domain, G-beta repeat-containing protein [Toxoplasma gondii GT1]
EPR63270.1           -          PTHR12848.orig.30.pir -            1.9e-05   21.8   1.2   0.00099   16.1   0.0   2.8   2   1   1   3   3   3   1 cytoplasmic dynein intermediate chain [Toxoplasma gondii GT1]
EPR60748.1           -          PTHR12848.orig.30.pir -            1.9e-05   21.8   0.0   0.00013   19.0   0.2   1.9   1   1   1   2   2   2   1 transducin beta-like protein TBL1 [Toxoplasma gondii GT1]
EPR59717.1           -          PTHR12848.orig.30.pir -            3.2e-05   21.1   2.5   0.00014   19.0   1.4   1.9   1   1   0   1   1   1   1 WD domain, G-beta repeat-containing protein [Toxoplasma gondii GT1]
EPR60229.1           -          PTHR12848.orig.30.pir -            4.3e-05   20.7   4.2    0.0022   15.0   0.2   2.2   2   0   0   2   2   2   2 HEAT repeat-containing protein [Toxoplasma gondii GT1]
EPR64711.1           -          PTHR12848.orig.30.pir -            4.4e-05   20.6   0.1   9.9e-05   19.4   0.1   1.6   1   0   0   1   1   1   1 WD domain, G-beta repeat-containing protein [Toxoplasma gondii GT1]
EPR61502.1           -          PTHR12848.orig.30.pir -            5.6e-05   20.3   0.1   0.00061   16.8   0.0   1.6   1   1   0   1   1   1   1 WD domain, G-beta repeat-containing protein [Toxoplasma gondii GT1]
EPR58343.1           -          PTHR12848.orig.30.pir -              7e-05   19.9   5.0   0.00011   19.3   5.0   1.3   1   0   0   1   1   1   1 putative sperm associated antigen 6 [Toxoplasma gondii GT1]
EPR60588.1           -          PTHR12848.orig.30.pir -            8.9e-05   19.6   0.1   0.00036   17.6   0.0   1.7   1   1   0   2   2   2   1 WD domain, G-beta repeat-containing protein [Toxoplasma gondii GT1]
EPR64061.1           -          PTHR12848.orig.30.pir -            0.00011   19.3   0.7   0.00025   18.1   0.0   1.8   2   1   0   2   2   2   1 HEAT repeat-containing protein [Toxoplasma gondii GT1]
EPR64980.1           -          PTHR12848.orig.30.pir -            0.00013   19.0  12.7   0.00033   17.7  12.6   1.7   1   1   0   1   1   1   1 WD domain, G-beta repeat-containing protein [Toxoplasma gondii GT1]
EPR58161.1           -          PTHR12848.orig.30.pir -            0.00016   18.8   0.0   0.00016   18.8   0.0   1.2   1   0   0   1   1   1   1 WD domain, G-beta repeat-containing protein [Toxoplasma gondii GT1]
EPR59949.1           -          PTHR12848.orig.30.pir -            0.00023   18.2   0.2     0.054   10.4   0.9   2.2   1   1   0   2   2   2   1 HEAT repeat-containing protein [Toxoplasma gondii GT1]
EPR59746.1           -          PTHR12848.orig.30.pir -            0.00035   17.6   0.2    0.0045   13.9   0.0   1.8   1   1   0   1   1   1   1 putative eukaryotic initiation factor-3, delta subunit [Toxoplasma gondii GT1]
EPR62348.1           -          PTHR12848.orig.30.pir -            0.00063   16.8   1.0    0.0015   15.5   0.0   2.0   2   0   0   2   2   2   1 hypothetical protein TGGT1_228100 [Toxoplasma gondii GT1]
EPR64313.1           -          PTHR12848.orig.30.pir -            0.00099   16.1   0.0       4.6    4.0   0.9   4.2   2   1   0   3   3   3   0 putative GCN1 [Toxoplasma gondii GT1]
EPR61806.1           -          PTHR12848.orig.30.pir -             0.0016   15.4   1.8     0.025   11.5   1.8   2.8   1   1   0   1   1   1   1 WD domain, G-beta repeat-containing protein [Toxoplasma gondii GT1]
EPR59163.1           -          PTHR12848.orig.30.pir -             0.0019   15.2   0.2    0.0039   14.2   0.0   1.6   2   1   0   2   2   1   1 WD domain, G-beta repeat-containing protein [Toxoplasma gondii GT1]
EPR57907.1           -          PTHR12848.orig.30.pir -             0.0019   15.2  18.7    0.0025   14.8  18.7   1.2   1   0   0   1   1   1   1 hypothetical protein TGGT1_209530 [Toxoplasma gondii GT1]
EPR61111.1           -          PTHR12848.orig.30.pir -             0.0023   14.9   0.1    0.0045   13.9   0.1   1.4   1   0   0   1   1   1   1 WD domain, G-beta repeat-containing protein [Toxoplasma gondii GT1]
EPR58682.1           -          PTHR12848.orig.30.pir -             0.0027   14.7   0.0     0.068   10.0   0.1   2.2   2   1   0   2   2   2   1 HEAT repeat-containing protein [Toxoplasma gondii GT1]
EPR59557.1           -          PTHR12848.orig.30.pir -             0.0038   14.2   0.2    0.0066   13.4   0.0   1.6   2   0   0   2   2   2   1 WD domain, G-beta repeat-containing protein [Toxoplasma gondii GT1]
EPR58753.1           -          PTHR12848.orig.30.pir -             0.0091   12.9  23.1     0.059   10.3  20.8   2.5   2   1   0   2   2   2   1 WD domain, G-beta repeat-containing protein [Toxoplasma gondii GT1]
EPR58063.1           -          PTHR12848.orig.30.pir -              0.011   12.7   0.0     0.019   11.9   0.0   1.5   1   1   0   1   1   1   0 peptidylprolyl isomerase domain-containing protein [Toxoplasma gondii GT1]
EPR59331.1           -          PTHR12848.orig.30.pir -              0.021   11.8   0.2     0.023   11.6   0.2   1.0   1   0   0   1   1   1   0 hypothetical protein TGGT1_284570 [Toxoplasma gondii GT1]
EPR57728.1           -          PTHR12848.orig.30.pir -              0.037   10.9   0.1     0.054   10.4   0.1   1.3   1   0   0   1   1   1   0 HEAT repeat-containing protein [Toxoplasma gondii GT1]
EPR57455.1           -          PTHR12848.orig.30.pir -              0.083    9.8   4.1      0.14    9.0   4.1   1.3   1   0   0   1   1   1   0 HEAT repeat-containing protein [Toxoplasma gondii GT1]
EPR64020.1           -          PTHR12848.orig.30.pir -              0.085    9.7  21.7    0.0027   14.7   2.8   3.6   2   1   1   3   3   2   0 hypothetical protein TGGT1_255240 [Toxoplasma gondii GT1]
EPR56930.1           -          PTHR12848.orig.30.pir -               0.18    8.6  26.3       0.2    8.5  26.3   1.1   1   0   0   1   1   1   0 hypothetical protein TGGT1_299980 [Toxoplasma gondii GT1]
EPR61022.1           -          PTHR12848.orig.30.pir -               0.31    7.9  11.8      0.33    7.8  11.8   1.1   1   0   0   1   1   1   0 hypothetical protein TGGT1_312490 [Toxoplasma gondii GT1]
EPR59960.1           -          PTHR12848.orig.30.pir -               0.46    7.3  14.7     0.019   11.9   8.6   1.6   2   0   0   2   2   2   0 tetratricopeptide repeat-containing protein [Toxoplasma gondii GT1]
EPR62196.1           -          PTHR12848.orig.30.pir -                1.4    5.7   6.8         2    5.2   6.8   1.1   1   0   0   1   1   1   0 hypothetical protein TGGT1_225830 [Toxoplasma gondii GT1]
EPR62514.1           -          PTHR12848.orig.30.pir -                1.6    5.5  11.3       2.1    5.1  11.3   1.1   1   0   0   1   1   1   0 putative pre-mRNA-processing protein 8 [Toxoplasma gondii GT1]
EPR62158.1           -          PTHR12848.orig.30.pir -                1.7    5.4  13.0         2    5.2  13.0   1.1   1   0   0   1   1   1   0 hypothetical protein TGGT1_225330 [Toxoplasma gondii GT1]
EPR57819.1           -          PTHR12848.orig.30.pir -                2.7    4.7  10.4       3.2    4.5  10.4   1.1   1   0   0   1   1   1   0 hypothetical protein TGGT1_321550 [Toxoplasma gondii GT1]
EPR62911.1           -          PTHR12848.orig.30.pir -                2.9    4.7  14.9       3.4    4.4  14.9   1.1   1   0   0   1   1   1   0 hypothetical protein TGGT1_258360 [Toxoplasma gondii GT1]
#
# Program:         hmmsearch
# Version:         3.4 (Aug 2023)
# Pipeline mode:   SEARCH
# Query file:      /share/korflab/project/torture/Analysis/HMMs/RAPTOR_FULL.hmm
# Target file:     /share/korflab/project/torture/Analysis/Proteomes/Alveolata/Alveolata-genome-proteins/ncbi_dataset/data/GCA_000149715.2/protein.faa
# Option settings: hmmsearch --tblout /share/korflab/project/torture/Analysis/HMMER_Output/Alveolata/RAPTOR/GCA_000149715.2_RAPTOR_FULL.out /share/korflab/project/torture/Analysis/HMMs/RAPTOR_FULL.hmm /share/korflab/project/torture/Analysis/Proteomes/Alveolata/Alveolata-genome-proteins/ncbi_dataset/data/GCA_000149715.2/protein.faa 
# Current dir:     /share/korflab/project/torture/Analysis
# Date:            Mon Oct  7 11:27:47 2024
# [ok]
