#                                                                --- full sequence ---- --- best 1 domain ---- --- domain number estimation ----
# target name        accession  query name            accession    E-value  score  bias   E-value  score  bias   exp reg clu  ov env dom rep inc description of target
#------------------- ----------  -------------------- ---------- --------- ------ ----- --------- ------ -----   --- --- --- --- --- --- --- --- ---------------------
KOB58634.1           -          PTHR12848.orig.30.pir -              6e-19   65.9   0.0   6.8e-19   65.7   0.0   1.0   1   0   0   1   1   1   1 hypothetical protein PFHG_00386 [Plasmodium falciparum HB3]
KOB59473.1           -          PTHR12848.orig.30.pir -            3.3e-14   50.2   9.3   2.8e-11   40.5   0.1   3.9   2   1   1   4   4   3   2 hypothetical protein PFHG_01234 [Plasmodium falciparum HB3]
KOB58369.1           -          PTHR12848.orig.30.pir -            3.7e-14   50.0   3.1   2.6e-07   27.4   0.0   2.6   2   1   1   3   3   3   2 hypothetical protein PFHG_00113 [Plasmodium falciparum HB3]
KOB58428.1           -          PTHR12848.orig.30.pir -            8.3e-14   48.9   4.5     1e-13   48.6   4.5   1.1   1   0   0   1   1   1   1 hypothetical protein PFHG_00170 [Plasmodium falciparum HB3]
KOB60583.1           -          PTHR12848.orig.30.pir -            2.7e-13   47.2   9.7   1.4e-09   34.9   5.7   2.4   1   1   1   2   2   2   2 pre-mRNA-splicing factor PRP46 [Plasmodium falciparum HB3]
KOB58781.1           -          PTHR12848.orig.30.pir -            3.6e-12   43.4   3.3   9.5e-12   42.1   3.3   1.6   1   1   0   1   1   1   1 hypothetical protein PFHG_00529 [Plasmodium falciparum HB3]
KOB60992.1           -          PTHR12848.orig.30.pir -            3.7e-12   43.4   2.9   1.9e-09   34.4   1.3   2.2   1   1   1   2   2   2   2 hypothetical protein PFHG_02777 [Plasmodium falciparum HB3]
KOB60653.1           -          PTHR12848.orig.30.pir -            1.3e-11   41.6   0.0   1.7e-08   31.3   0.0   2.0   1   1   1   2   2   2   2 hypothetical protein PFHG_02413 [Plasmodium falciparum HB3]
KOB60490.1           -          PTHR12848.orig.30.pir -            1.9e-11   41.0   0.7   6.3e-11   39.3   0.7   1.7   1   1   0   1   1   1   1 hypothetical protein PFHG_02278 [Plasmodium falciparum HB3]
KOB59857.1           -          PTHR12848.orig.30.pir -            5.1e-11   39.6   1.9   6.5e-11   39.3   1.9   1.1   1   0   0   1   1   1   1 hypothetical protein PFHG_01659 [Plasmodium falciparum HB3]
KOB60606.1           -          PTHR12848.orig.30.pir -            2.9e-10   37.1   0.1   2.9e-10   37.1   0.1   1.1   1   0   0   1   1   1   1 hypothetical protein PFHG_02341 [Plasmodium falciparum HB3]
KOB62037.1           -          PTHR12848.orig.30.pir -            4.9e-10   36.4   0.1   5.7e-10   36.2   0.1   1.1   1   0   0   1   1   1   1 hypothetical protein PFHG_03817 [Plasmodium falciparum HB3]
KOB62545.1           -          PTHR12848.orig.30.pir -            1.1e-09   35.2   0.1   1.3e-09   35.0   0.1   1.1   1   0   0   1   1   1   1 hypothetical protein PFHG_04309 [Plasmodium falciparum HB3]
KOB63843.1           -          PTHR12848.orig.30.pir -            1.6e-09   34.7  12.9   2.7e-06   24.0   0.0   3.0   1   1   1   2   2   2   2 hypothetical protein PFHG_04933 [Plasmodium falciparum HB3]
KOB59355.1           -          PTHR12848.orig.30.pir -            4.4e-09   33.2  10.3   1.1e-08   31.9  10.3   1.7   1   1   0   1   1   1   1 hypothetical protein PFHG_01111 [Plasmodium falciparum HB3]
KOB61125.1           -          PTHR12848.orig.30.pir -            9.5e-07   25.5   0.7   1.4e-06   25.0   0.7   1.2   1   0   0   1   1   1   1 hypothetical protein PFHG_02855 [Plasmodium falciparum HB3]
KOB61136.1           -          PTHR12848.orig.30.pir -            1.6e-06   24.7  27.1   1.7e-05   21.3  27.1   1.9   1   1   0   1   1   1   1 hypothetical protein PFHG_02914 [Plasmodium falciparum HB3]
KOB60736.1           -          PTHR12848.orig.30.pir -            2.7e-06   24.0   2.5   3.3e-06   23.7   1.8   1.3   1   1   0   1   1   1   1 importin subunit alpha [Plasmodium falciparum HB3]
KOB59915.1           -          PTHR12848.orig.30.pir -            6.7e-05   19.4   0.1   8.9e-05   19.0   0.1   1.3   1   0   0   1   1   1   1 hypothetical protein PFHG_01678 [Plasmodium falciparum HB3]
KOB61219.1           -          PTHR12848.orig.30.pir -            0.00021   17.7   1.5    0.0039   13.5   0.3   2.2   2   0   0   2   2   2   1 karyopherin beta [Plasmodium falciparum HB3]
KOB61296.1           -          PTHR12848.orig.30.pir -            0.00096   15.5   0.0    0.0012   15.2   0.0   1.1   1   0   0   1   1   1   1 hypothetical protein PFHG_03048 [Plasmodium falciparum HB3]
KOB62515.1           -          PTHR12848.orig.30.pir -             0.0026   14.1   0.0    0.0028   14.0   0.0   1.1   1   0   0   1   1   1   1 hypothetical protein PFHG_04281 [Plasmodium falciparum HB3]
KOB58366.1           -          PTHR12848.orig.30.pir -             0.0026   14.1  14.6    0.0016   14.8   8.7   2.5   2   1   0   2   2   2   1 hypothetical protein PFHG_00110 [Plasmodium falciparum HB3]
KOB63179.1           -          PTHR12848.orig.30.pir -             0.0063   12.8   8.5     0.097    8.9   8.4   2.3   1   1   0   1   1   1   1 hypothetical protein PFHG_04960 [Plasmodium falciparum HB3]
KOB61580.1           -          PTHR12848.orig.30.pir -             0.0063   12.8   0.2     0.008   12.5   0.2   1.0   1   0   0   1   1   1   1 hypothetical protein PFHG_03326 [Plasmodium falciparum HB3]
KOB61429.1           -          PTHR12848.orig.30.pir -             0.0072   12.6   0.2     0.011   12.1   0.2   1.2   1   1   0   1   1   1   1 hypothetical protein PFHG_03179 [Plasmodium falciparum HB3]
KOB59272.1           -          PTHR12848.orig.30.pir -               0.92    5.7   7.3       4.5    3.4   7.2   1.5   1   1   0   1   1   1   0 hypothetical protein PFHG_01028 [Plasmodium falciparum HB3]
KOB63659.1           -          PTHR12848.orig.30.pir -                1.1    5.5  11.9      0.29    7.3   1.1   2.0   1   1   1   2   2   2   0 hypothetical protein PFHG_05443 [Plasmodium falciparum HB3]
KOB59190.1           -          PTHR12848.orig.30.pir -                1.2    5.3   9.6       1.3    5.1   9.6   1.0   1   0   0   1   1   1   0 hypothetical protein PFHG_00947 [Plasmodium falciparum HB3]
KOB60387.1           -          PTHR12848.orig.30.pir -                1.5    5.0  22.9       1.9    4.6  22.9   1.1   1   0   0   1   1   1   0 hypothetical protein PFHG_02163 [Plasmodium falciparum HB3]
#
# Program:         hmmsearch
# Version:         3.4 (Aug 2023)
# Pipeline mode:   SEARCH
# Query file:      /share/korflab/project/torture/Analysis/HMMs/RAPTOR_FULL.hmm
# Target file:     /share/korflab/project/torture/Analysis/Proteomes/Alveolata/Alveolata-genome-proteins/ncbi_dataset/data/GCA_000149665.2/protein.faa
# Option settings: hmmsearch --tblout /share/korflab/project/torture/Analysis/HMMER_Output/Alveolata/RAPTOR/GCA_000149665.2_RAPTOR_FULL.out /share/korflab/project/torture/Analysis/HMMs/RAPTOR_FULL.hmm /share/korflab/project/torture/Analysis/Proteomes/Alveolata/Alveolata-genome-proteins/ncbi_dataset/data/GCA_000149665.2/protein.faa 
# Current dir:     /share/korflab/project/torture/Analysis
# Date:            Mon Oct  7 11:27:45 2024
# [ok]
