#                                                                --- full sequence ---- --- best 1 domain ---- --- domain number estimation ----
# target name        accession  query name            accession    E-value  score  bias   E-value  score  bias   exp reg clu  ov env dom rep inc description of target
#------------------- ----------  -------------------- ---------- --------- ------ ----- --------- ------ -----   --- --- --- --- --- --- --- --- ---------------------
CAK56890.1           -          PTHR12848.orig.30.pir -            1.8e-53  183.2  27.9     2e-15   57.1   1.1   4.9   2   1   3   5   5   5   5 unnamed protein product (macronuclear) [Paramecium tetraurelia]
CAK59953.1           -          PTHR12848.orig.30.pir -            6.5e-53  181.3  24.2   5.9e-21   75.4   4.0   5.0   1   1   4   5   5   5   5 unnamed protein product (macronuclear) [Paramecium tetraurelia]
CAK82620.1           -          PTHR12848.orig.30.pir -            2.7e-50  172.6  33.3   4.3e-15   56.0   3.0   5.2   1   1   4   5   5   5   5 unnamed protein product, partial (macronuclear) [Paramecium tetraurelia]
CAK90960.1           -          PTHR12848.orig.30.pir -              5e-49  168.4  19.8   1.4e-14   54.3   0.3   5.2   1   1   4   5   5   5   5 unnamed protein product (macronuclear) [Paramecium tetraurelia]
CAK85217.1           -          PTHR12848.orig.30.pir -            2.2e-47  163.0  22.5   5.2e-13   49.1   1.8   5.5   1   1   4   5   5   5   5 unnamed protein product (macronuclear) [Paramecium tetraurelia]
CAK74902.1           -          PTHR12848.orig.30.pir -            1.1e-46  160.7  32.9   5.2e-16   59.0   0.7   6.6   1   1   5   6   6   6   6 unnamed protein product (macronuclear) [Paramecium tetraurelia]
CAK94320.1           -          PTHR12848.orig.30.pir -              5e-45  155.2  42.3   1.5e-20   74.1   9.1   4.3   1   1   3   4   4   4   4 unnamed protein product, partial (macronuclear) [Paramecium tetraurelia]
CAK92468.1           -          PTHR12848.orig.30.pir -              6e-45  154.9  17.4   5.3e-20   72.2   7.6   4.1   1   1   2   3   3   3   3 unnamed protein product (macronuclear) [Paramecium tetraurelia]
CAK64890.1           -          PTHR12848.orig.30.pir -            1.5e-40  140.3  21.9   1.1e-15   58.0   2.0   3.2   2   1   1   3   3   3   3 unnamed protein product (macronuclear) [Paramecium tetraurelia]
CAK79896.1           -          PTHR12848.orig.30.pir -            6.8e-40  138.2  19.0   3.6e-19   69.5   1.3   6.0   2   2   1   4   4   3   3 unnamed protein product (macronuclear) [Paramecium tetraurelia]
CAK57071.1           -          PTHR12848.orig.30.pir -            9.7e-39  134.3  19.2   1.7e-13   50.7   0.1   4.7   1   1   3   4   4   4   4 unnamed protein product (macronuclear) [Paramecium tetraurelia]
CAK72875.1           -          PTHR12848.orig.30.pir -            1.4e-38  133.8  12.7   1.3e-13   51.1   0.1   4.2   1   1   2   4   4   4   4 unnamed protein product (macronuclear) [Paramecium tetraurelia]
CAK90344.1           -          PTHR12848.orig.30.pir -            4.7e-36  125.4  13.0   2.7e-18   66.6   1.6   3.1   1   1   2   3   3   3   3 unnamed protein product (macronuclear) [Paramecium tetraurelia]
CAK78299.1           -          PTHR12848.orig.30.pir -            2.8e-34  119.5  18.7   1.8e-11   44.0   0.4   5.0   2   1   3   5   5   5   4 unnamed protein product (macronuclear) [Paramecium tetraurelia]
CAK77382.1           -          PTHR12848.orig.30.pir -            4.1e-34  119.0  19.1   5.9e-14   52.2   6.6   3.7   1   1   2   3   3   3   3 unnamed protein product (macronuclear) [Paramecium tetraurelia]
CAK89665.1           -          PTHR12848.orig.30.pir -            1.4e-33  117.2  27.2   2.2e-12   47.0   1.3   4.3   1   1   4   5   5   5   5 unnamed protein product, partial (macronuclear) [Paramecium tetraurelia]
CAK87757.1           -          PTHR12848.orig.30.pir -            4.7e-33  115.5  20.3   5.2e-14   52.4   2.2   4.1   2   1   2   4   4   4   4 unnamed protein product (macronuclear) [Paramecium tetraurelia]
CAK80224.1           -          PTHR12848.orig.30.pir -            2.2e-32  113.3  20.5   6.5e-14   52.1   3.9   3.7   2   2   1   3   3   3   3 unnamed protein product, partial (macronuclear) [Paramecium tetraurelia]
CAK84800.1           -          PTHR12848.orig.30.pir -            7.2e-29  101.6  12.8   5.3e-14   52.4   3.3   3.1   1   1   2   3   3   3   3 unnamed protein product (macronuclear) [Paramecium tetraurelia]
CAK91194.1           -          PTHR12848.orig.30.pir -            3.8e-28   99.2  10.9   1.1e-15   57.9   1.1   2.7   1   1   1   2   2   2   2 unnamed protein product (macronuclear) [Paramecium tetraurelia]
CAK71757.1           -          PTHR12848.orig.30.pir -            8.4e-28   98.1  14.2   2.5e-12   46.8   1.2   3.0   1   1   2   3   3   3   3 unnamed protein product, partial (macronuclear) [Paramecium tetraurelia]
CAK83795.1           -          PTHR12848.orig.30.pir -              5e-27   95.5  29.6   4.9e-16   59.1   2.6   5.2   2   1   2   4   4   3   3 unnamed protein product (macronuclear) [Paramecium tetraurelia]
CAK70856.1           -          PTHR12848.orig.30.pir -            1.8e-26   93.6   4.8   8.9e-13   48.3   0.2   3.9   1   1   3   4   4   4   4 unnamed protein product (macronuclear) [Paramecium tetraurelia]
CAK64563.1           -          PTHR12848.orig.30.pir -            4.4e-26   92.4  16.9   7.9e-08   31.9   0.0   6.4   1   1   3   4   4   4   4 unnamed protein product (macronuclear) [Paramecium tetraurelia]
CAK65166.1           -          PTHR12848.orig.30.pir -            6.6e-26   91.8  19.7   8.3e-13   48.4   0.1   3.6   2   2   2   4   4   3   3 unnamed protein product (macronuclear) [Paramecium tetraurelia]
CAK57756.1           -          PTHR12848.orig.30.pir -              4e-25   89.2  16.8   3.4e-15   56.3   7.0   2.3   1   1   1   2   2   2   2 unnamed protein product (macronuclear) [Paramecium tetraurelia]
CAK71743.1           -          PTHR12848.orig.30.pir -              7e-25   88.4   7.4   2.5e-13   50.1   1.2   2.4   1   1   1   2   2   2   2 unnamed protein product, partial (macronuclear) [Paramecium tetraurelia]
CAK94262.1           -          PTHR12848.orig.30.pir -            1.5e-24   87.3   1.2   6.3e-13   48.8   0.4   3.7   1   1   2   4   4   4   4 unnamed protein product (macronuclear) [Paramecium tetraurelia]
CAK74232.1           -          PTHR12848.orig.30.pir -            1.6e-24   87.2   5.8     2e-17   63.7   2.4   3.1   1   1   2   3   3   3   3 unnamed protein product (macronuclear) [Paramecium tetraurelia]
CAK68192.1           -          PTHR12848.orig.30.pir -              4e-24   85.9  11.1   6.5e-14   52.1   1.3   2.3   1   1   1   2   2   2   2 unnamed protein product (macronuclear) [Paramecium tetraurelia]
CAK72038.1           -          PTHR12848.orig.30.pir -              5e-24   85.6   0.1     4e-09   36.2   0.0   5.1   3   2   1   5   5   5   3 unnamed protein product (macronuclear) [Paramecium tetraurelia]
CAK82742.1           -          PTHR12848.orig.30.pir -            1.8e-23   83.7   3.5   1.1e-08   34.8   0.0   5.8   1   1   3   4   4   4   3 unnamed protein product (macronuclear) [Paramecium tetraurelia]
CAK77043.1           -          PTHR12848.orig.30.pir -            2.9e-23   83.1  13.8   6.3e-18   65.4   6.1   2.2   1   1   1   2   2   2   2 unnamed protein product (macronuclear) [Paramecium tetraurelia]
CAK81923.1           -          PTHR12848.orig.30.pir -            2.9e-23   83.0   6.8   1.2e-13   51.2   0.2   2.0   1   1   1   2   2   2   2 unnamed protein product, partial (macronuclear) [Paramecium tetraurelia]
CAK74880.1           -          PTHR12848.orig.30.pir -            3.4e-23   82.8   4.8   4.1e-11   42.8   1.4   2.4   1   1   0   2   2   2   2 unnamed protein product (macronuclear) [Paramecium tetraurelia]
CAK94244.1           -          PTHR12848.orig.30.pir -            9.3e-23   81.4   4.8   8.4e-13   48.4   2.8   4.0   1   1   3   4   4   4   4 unnamed protein product (macronuclear) [Paramecium tetraurelia]
CAK80509.1           -          PTHR12848.orig.30.pir -            2.9e-22   79.7   3.5   8.7e-12   45.0   0.1   3.0   1   1   1   2   2   2   2 unnamed protein product, partial (macronuclear) [Paramecium tetraurelia]
CAK72848.1           -          PTHR12848.orig.30.pir -            5.7e-22   78.8  11.6   8.6e-07   28.5   0.0   5.3   2   1   1   5   5   5   3 unnamed protein product (macronuclear) [Paramecium tetraurelia]
CAK83120.1           -          PTHR12848.orig.30.pir -              8e-22   78.3   3.5   2.7e-11   43.4   0.5   2.1   1   1   1   2   2   2   2 unnamed protein product, partial (macronuclear) [Paramecium tetraurelia]
CAK91396.1           -          PTHR12848.orig.30.pir -            9.7e-22   78.0  13.5   6.8e-12   45.4   0.7   2.2   1   1   1   2   2   2   2 unnamed protein product (macronuclear) [Paramecium tetraurelia]
CAK85795.1           -          PTHR12848.orig.30.pir -            2.9e-21   76.4  17.1   1.8e-08   34.1   0.0   7.0   4   2   2   6   6   5   2 unnamed protein product (macronuclear) [Paramecium tetraurelia]
CAK87548.1           -          PTHR12848.orig.30.pir -            1.1e-20   74.6   7.3   3.5e-10   39.7   0.9   2.2   1   1   1   2   2   2   2 unnamed protein product, partial (macronuclear) [Paramecium tetraurelia]
CAK77868.1           -          PTHR12848.orig.30.pir -            2.5e-19   70.0   0.5     3e-19   69.7   0.5   1.0   1   0   0   1   1   1   1 unnamed protein product (macronuclear) [Paramecium tetraurelia]
CAK60845.1           -          PTHR12848.orig.30.pir -            6.6e-19   68.6  10.0   9.1e-11   41.7   2.1   3.2   1   1   2   4   4   3   3 unnamed protein product (macronuclear) [Paramecium tetraurelia]
CAK57240.1           -          PTHR12848.orig.30.pir -            8.3e-19   68.3   3.4   2.1e-16   60.3   0.7   1.9   1   1   1   2   2   2   2 unnamed protein product (macronuclear) [Paramecium tetraurelia]
CAK68063.1           -          PTHR12848.orig.30.pir -            2.1e-18   66.9  16.9   4.4e-13   49.3   6.2   2.5   1   1   1   2   2   2   2 unnamed protein product (macronuclear) [Paramecium tetraurelia]
CAK74528.1           -          PTHR12848.orig.30.pir -            2.9e-18   66.5  59.3   9.2e-09   35.0   1.4   7.7   5   1   1   6   6   5   3 unnamed protein product (macronuclear) [Paramecium tetraurelia]
CAK70857.1           -          PTHR12848.orig.30.pir -            4.6e-18   65.8   5.3   4.6e-18   65.8   5.3   1.9   2   1   0   2   2   1   1 unnamed protein product (macronuclear) [Paramecium tetraurelia]
CAK65864.1           -          PTHR12848.orig.30.pir -            5.8e-18   65.5   0.3   5.8e-18   65.5   0.3   2.7   1   1   0   2   2   1   1 unnamed protein product (macronuclear) [Paramecium tetraurelia]
CAK66197.1           -          PTHR12848.orig.30.pir -            5.9e-18   65.5   8.1   3.2e-10   39.9   2.5   2.1   1   1   1   2   2   2   2 unnamed protein product (macronuclear) [Paramecium tetraurelia]
CAK82095.1           -          PTHR12848.orig.30.pir -            1.3e-17   64.3   0.6   1.1e-08   34.7   0.1   2.0   1   1   1   2   2   2   2 unnamed protein product (macronuclear) [Paramecium tetraurelia]
CAK67379.1           -          PTHR12848.orig.30.pir -            5.6e-17   62.2   1.2     1e-08   34.9   0.1   2.0   1   1   1   2   2   2   2 unnamed protein product (macronuclear) [Paramecium tetraurelia]
CAK93586.1           -          PTHR12848.orig.30.pir -            6.4e-17   62.0   2.1   1.8e-13   50.6   2.3   4.1   1   1   0   1   1   1   1 unnamed protein product (macronuclear) [Paramecium tetraurelia]
CAK73219.1           -          PTHR12848.orig.30.pir -            6.9e-17   61.9  23.6   2.7e-11   43.4   0.5   3.8   2   2   2   4   4   3   3 unnamed protein product, partial (macronuclear) [Paramecium tetraurelia]
CAK58103.1           -          PTHR12848.orig.30.pir -            7.6e-17   61.8  12.9   9.4e-16   58.2  12.9   2.3   1   1   0   1   1   1   1 unnamed protein product (macronuclear) [Paramecium tetraurelia]
CAK74881.1           -          PTHR12848.orig.30.pir -            8.7e-17   61.6   2.0   3.9e-16   59.5   1.8   1.7   1   1   1   2   2   2   2 unnamed protein product (macronuclear) [Paramecium tetraurelia]
CAK85617.1           -          PTHR12848.orig.30.pir -            8.9e-17   61.6   0.2   1.2e-16   61.1   0.2   1.2   1   0   0   1   1   1   1 unnamed protein product (macronuclear) [Paramecium tetraurelia]
CAK86293.1           -          PTHR12848.orig.30.pir -            9.1e-17   61.5   0.5     2e-12   47.1   0.1   2.0   1   1   1   2   2   2   2 unnamed protein product, partial (macronuclear) [Paramecium tetraurelia]
CAK82892.1           -          PTHR12848.orig.30.pir -            1.1e-16   61.2   6.4   1.3e-16   61.0   6.4   1.0   1   0   0   1   1   1   1 unnamed protein product (macronuclear) [Paramecium tetraurelia]
CAK56129.1           -          PTHR12848.orig.30.pir -            1.4e-16   60.9   7.0   1.7e-11   44.1   0.6   2.1   1   1   1   2   2   2   2 unnamed protein product, partial (macronuclear) [Paramecium tetraurelia]
CAK60698.1           -          PTHR12848.orig.30.pir -            1.5e-16   60.8   0.1   1.8e-10   40.7   0.3   3.0   2   1   1   3   3   3   2 unnamed protein product (macronuclear) [Paramecium tetraurelia]
CAK85752.1           -          PTHR12848.orig.30.pir -            1.8e-16   60.5   6.4   2.3e-16   60.2   6.4   1.1   1   0   0   1   1   1   1 unnamed protein product (macronuclear) [Paramecium tetraurelia]
CAK75521.1           -          PTHR12848.orig.30.pir -            2.6e-16   60.0   1.3   2.6e-16   60.0   1.3   2.3   1   1   1   2   2   1   1 unnamed protein product (macronuclear) [Paramecium tetraurelia]
CAK94125.1           -          PTHR12848.orig.30.pir -            3.4e-16   59.7   4.0   9.7e-09   34.9   0.4   2.0   1   1   1   2   2   2   2 unnamed protein product (macronuclear) [Paramecium tetraurelia]
CAK93355.1           -          PTHR12848.orig.30.pir -            5.5e-16   58.9   7.1   2.2e-11   43.7   1.0   2.3   1   1   1   2   2   2   2 unnamed protein product (macronuclear) [Paramecium tetraurelia]
CAK59927.1           -          PTHR12848.orig.30.pir -            5.9e-16   58.9   0.0   7.8e-05   22.0   0.0   4.7   2   2   2   4   4   4   3 unnamed protein product (macronuclear) [Paramecium tetraurelia]
CAK81357.1           -          PTHR12848.orig.30.pir -              7e-16   58.6   2.3   2.8e-07   30.1   0.1   2.1   1   1   1   2   2   2   2 unnamed protein product (macronuclear) [Paramecium tetraurelia]
CAK72530.1           -          PTHR12848.orig.30.pir -            1.5e-15   57.5   2.9   1.2e-10   41.3   1.1   2.0   1   1   1   2   2   2   2 unnamed protein product, partial (macronuclear) [Paramecium tetraurelia]
CAK92961.1           -          PTHR12848.orig.30.pir -            2.1e-15   57.0   0.3   1.6e-09   37.5   0.1   2.3   1   1   1   2   2   2   2 unnamed protein product, partial (macronuclear) [Paramecium tetraurelia]
CAK74524.1           -          PTHR12848.orig.30.pir -            2.4e-15   56.9   4.9   2.3e-11   43.6   0.9   3.0   1   1   1   2   2   2   2 unnamed protein product (macronuclear) [Paramecium tetraurelia]
CAK83027.1           -          PTHR12848.orig.30.pir -            3.3e-15   56.4   0.2   4.8e-15   55.8   0.2   1.2   1   0   0   1   1   1   1 unnamed protein product (macronuclear) [Paramecium tetraurelia]
CAK93784.1           -          PTHR12848.orig.30.pir -            4.1e-15   56.1   0.3   3.6e-12   46.3   0.4   3.5   1   1   0   1   1   1   1 unnamed protein product (macronuclear) [Paramecium tetraurelia]
CAK70598.1           -          PTHR12848.orig.30.pir -            6.2e-15   55.5   1.8     1e-10   41.5   0.4   2.2   1   1   1   2   2   2   2 unnamed protein product (macronuclear) [Paramecium tetraurelia]
CAK64250.1           -          PTHR12848.orig.30.pir -            1.3e-14   54.4   8.9   7.5e-10   38.6   0.5   2.1   1   1   1   2   2   2   2 unnamed protein product (macronuclear) [Paramecium tetraurelia]
CAK95037.1           -          PTHR12848.orig.30.pir -            1.4e-14   54.3   7.4     4e-07   29.6   0.0   2.9   2   1   1   3   3   3   2 unnamed protein product (macronuclear) [Paramecium tetraurelia]
CAK85395.1           -          PTHR12848.orig.30.pir -            1.5e-14   54.2   0.4   2.3e-07   30.4   0.0   2.1   1   1   0   2   2   2   2 unnamed protein product (macronuclear) [Paramecium tetraurelia]
CAK79693.1           -          PTHR12848.orig.30.pir -            1.7e-14   54.0   9.6   5.6e-10   39.0   0.6   2.1   1   1   1   2   2   2   2 unnamed protein product (macronuclear) [Paramecium tetraurelia]
CAK73574.1           -          PTHR12848.orig.30.pir -            3.5e-14   53.0   0.9   1.6e-10   40.8   0.1   2.5   1   1   2   3   3   3   3 unnamed protein product (macronuclear) [Paramecium tetraurelia]
CAK81381.1           -          PTHR12848.orig.30.pir -            4.5e-14   52.6   0.0     6e-14   52.2   0.0   1.1   1   0   0   1   1   1   1 unnamed protein product (macronuclear) [Paramecium tetraurelia]
CAK75740.1           -          PTHR12848.orig.30.pir -            4.9e-14   52.5   1.5   1.3e-12   47.8   0.6   1.9   1   1   1   2   2   2   2 unnamed protein product (macronuclear) [Paramecium tetraurelia]
CAK85285.1           -          PTHR12848.orig.30.pir -              5e-14   52.4   7.9   4.4e-11   42.7   0.0   3.4   1   1   2   4   4   3   3 unnamed protein product (macronuclear) [Paramecium tetraurelia]
CAK86058.1           -          PTHR12848.orig.30.pir -            9.7e-14   51.5   8.5   1.3e-12   47.7   6.9   2.3   1   1   0   2   2   2   1 unnamed protein product (macronuclear) [Paramecium tetraurelia]
CAK86040.1           -          PTHR12848.orig.30.pir -            1.5e-13   50.9   4.4   2.9e-13   50.0   4.4   1.4   1   0   0   1   1   1   1 unnamed protein product (macronuclear) [Paramecium tetraurelia]
CAK77423.1           -          PTHR12848.orig.30.pir -            1.5e-13   50.9   0.0   1.1e-08   34.8   0.0   3.3   2   2   0   2   2   2   2 unnamed protein product (macronuclear) [Paramecium tetraurelia]
CAK87849.1           -          PTHR12848.orig.30.pir -            1.5e-13   50.8   1.3   1.6e-09   37.5   0.2   2.1   1   1   1   2   2   2   2 unnamed protein product (macronuclear) [Paramecium tetraurelia]
CAK91945.1           -          PTHR12848.orig.30.pir -            2.1e-13   50.4   0.0    0.0013   18.0   0.0   4.1   2   2   2   4   4   4   4 unnamed protein product (macronuclear) [Paramecium tetraurelia]
CAK73625.1           -          PTHR12848.orig.30.pir -            2.1e-13   50.4   5.5   1.2e-06   28.0   0.0   2.6   2   1   1   3   3   2   2 unnamed protein product (macronuclear) [Paramecium tetraurelia]
CAK86827.1           -          PTHR12848.orig.30.pir -            2.8e-13   50.0   8.0   1.3e-06   27.9   0.0   2.9   2   2   2   4   4   2   2 unnamed protein product (macronuclear) [Paramecium tetraurelia]
CAK57101.1           -          PTHR12848.orig.30.pir -            3.3e-13   49.8   1.0     3e-12   46.6   1.3   1.9   1   1   1   2   2   2   1 unnamed protein product (macronuclear) [Paramecium tetraurelia]
CAK58639.1           -          PTHR12848.orig.30.pir -            3.8e-13   49.6   0.8   7.5e-13   48.6   0.8   1.4   1   0   0   1   1   1   1 unnamed protein product (macronuclear) [Paramecium tetraurelia]
CAK72897.1           -          PTHR12848.orig.30.pir -            4.2e-13   49.4  10.5     1e-11   44.8  10.2   2.5   1   1   0   1   1   1   1 unnamed protein product (macronuclear) [Paramecium tetraurelia]
CAK94126.1           -          PTHR12848.orig.30.pir -            5.5e-13   49.0   6.0   1.6e-12   47.4   6.1   1.5   1   1   0   1   1   1   1 unnamed protein product (macronuclear) [Paramecium tetraurelia]
CAK75155.1           -          PTHR12848.orig.30.pir -              7e-13   48.7   8.3   8.9e-12   45.0   0.0   3.2   1   1   0   2   2   1   1 unnamed protein product (macronuclear) [Paramecium tetraurelia]
CAK82857.1           -          PTHR12848.orig.30.pir -            9.4e-13   48.2   0.8   1.1e-12   48.0   0.8   1.0   1   0   0   1   1   1   1 unnamed protein product, partial (macronuclear) [Paramecium tetraurelia]
CAK79904.1           -          PTHR12848.orig.30.pir -            1.7e-12   47.4   1.9     2e-12   47.1   1.9   1.0   1   0   0   1   1   1   1 unnamed protein product (macronuclear) [Paramecium tetraurelia]
CAK83360.1           -          PTHR12848.orig.30.pir -            1.9e-12   47.2   0.1   2.5e-12   46.8   0.1   1.0   1   0   0   1   1   1   1 unnamed protein product (macronuclear) [Paramecium tetraurelia]
CAK87025.1           -          PTHR12848.orig.30.pir -              2e-12   47.1   1.1     8e-06   25.3   0.4   2.2   1   1   1   2   2   2   2 unnamed protein product, partial (macronuclear) [Paramecium tetraurelia]
CAK69564.1           -          PTHR12848.orig.30.pir -            4.2e-12   46.1   0.4   5.6e-12   45.7   0.4   1.1   1   0   0   1   1   1   1 unnamed protein product (macronuclear) [Paramecium tetraurelia]
CAK57612.1           -          PTHR12848.orig.30.pir -            4.3e-12   46.0   5.8     7e-09   35.4   2.0   2.5   1   1   2   3   3   3   2 unnamed protein product (macronuclear) [Paramecium tetraurelia]
CAK91786.1           -          PTHR12848.orig.30.pir -            4.9e-12   45.9  18.5   1.6e-10   40.8  18.3   2.1   1   1   0   1   1   1   1 unnamed protein product (macronuclear) [Paramecium tetraurelia]
CAK79131.1           -          PTHR12848.orig.30.pir -            5.5e-12   45.7   0.9   8.2e-12   45.1   0.9   1.3   1   0   0   1   1   1   1 unnamed protein product (macronuclear) [Paramecium tetraurelia]
CAK78347.1           -          PTHR12848.orig.30.pir -            7.6e-12   45.2   0.7   1.1e-06   28.1   0.2   2.2   1   1   1   2   2   2   2 unnamed protein product (macronuclear) [Paramecium tetraurelia]
CAK76758.1           -          PTHR12848.orig.30.pir -              8e-12   45.1   4.6   4.6e-10   39.3   2.5   2.7   2   1   0   2   2   2   1 unnamed protein product (macronuclear) [Paramecium tetraurelia]
CAK72861.1           -          PTHR12848.orig.30.pir -              1e-11   44.8   1.3   1.3e-11   44.4   1.3   1.2   1   0   0   1   1   1   1 unnamed protein product (macronuclear) [Paramecium tetraurelia]
CAK66093.1           -          PTHR12848.orig.30.pir -            1.3e-11   44.4   1.1     5e-10   39.2   1.1   2.0   1   1   0   1   1   1   1 unnamed protein product (macronuclear) [Paramecium tetraurelia]
CAK80515.1           -          PTHR12848.orig.30.pir -            1.4e-11   44.4   4.6   1.8e-11   44.0   4.6   1.3   1   0   0   1   1   1   1 unnamed protein product (macronuclear) [Paramecium tetraurelia]
CAK67081.1           -          PTHR12848.orig.30.pir -              2e-11   43.8  12.3   5.9e-07   29.0  12.3   3.0   1   1   0   1   1   1   1 unnamed protein product (macronuclear) [Paramecium tetraurelia]
CAK60005.1           -          PTHR12848.orig.30.pir -            2.1e-11   43.8   0.0   2.4e-11   43.6   0.0   1.0   1   0   0   1   1   1   1 unnamed protein product (macronuclear) [Paramecium tetraurelia]
CAK95059.1           -          PTHR12848.orig.30.pir -            2.3e-11   43.6   2.8   2.3e-11   43.6   2.8   1.2   1   1   0   1   1   1   1 unnamed protein product (macronuclear) [Paramecium tetraurelia]
CAK67608.1           -          PTHR12848.orig.30.pir -            2.3e-11   43.6   2.0   6.8e-09   35.5   1.3   2.1   1   1   1   2   2   2   2 unnamed protein product (macronuclear) [Paramecium tetraurelia]
CAK90908.1           -          PTHR12848.orig.30.pir -            2.4e-11   43.6   0.4   3.1e-11   43.2   0.4   1.1   1   0   0   1   1   1   1 unnamed protein product (macronuclear) [Paramecium tetraurelia]
CAK84240.1           -          PTHR12848.orig.30.pir -            2.5e-11   43.5   0.3   1.8e-06   27.4   0.1   2.2   1   1   1   2   2   2   2 unnamed protein product (macronuclear) [Paramecium tetraurelia]
CAK56033.1           -          PTHR12848.orig.30.pir -            2.5e-11   43.5   0.2   4.2e-11   42.8   0.2   1.3   1   0   0   1   1   1   1 unnamed protein product (macronuclear) [Paramecium tetraurelia]
CAK73366.1           -          PTHR12848.orig.30.pir -            3.5e-11   43.0   3.5   1.1e-05   24.8   0.0   2.8   2   1   1   3   3   2   2 unnamed protein product (macronuclear) [Paramecium tetraurelia]
CAK77042.1           -          PTHR12848.orig.30.pir -            3.8e-11   42.9   0.0   4.8e-11   42.6   0.0   1.2   1   0   0   1   1   1   1 unnamed protein product (macronuclear) [Paramecium tetraurelia]
CAK82864.1           -          PTHR12848.orig.30.pir -            4.1e-11   42.8   1.0   5.3e-11   42.4   1.0   1.1   1   0   0   1   1   1   1 unnamed protein product (macronuclear) [Paramecium tetraurelia]
CAK61294.1           -          PTHR12848.orig.30.pir -              5e-11   42.5   5.5   1.2e-10   41.2   0.2   2.9   1   1   1   2   2   2   1 unnamed protein product (macronuclear) [Paramecium tetraurelia]
CAK79018.1           -          PTHR12848.orig.30.pir -            5.7e-11   42.3   0.1   5.7e-11   42.3   0.1   3.0   1   1   1   2   2   1   1 unnamed protein product (macronuclear) [Paramecium tetraurelia]
CAK83303.1           -          PTHR12848.orig.30.pir -            5.9e-11   42.3   1.3   0.00015   21.0   0.1   2.0   1   1   1   2   2   2   2 unnamed protein product (macronuclear) [Paramecium tetraurelia]
CAK73992.1           -          PTHR12848.orig.30.pir -            6.1e-11   42.2   4.2   7.4e-07   28.7   0.0   2.5   1   1   2   3   3   2   2 unnamed protein product (macronuclear) [Paramecium tetraurelia]
CAK94074.1           -          PTHR12848.orig.30.pir -            9.4e-11   41.6   0.0     1e-10   41.5   0.0   1.1   1   0   0   1   1   1   1 unnamed protein product (macronuclear) [Paramecium tetraurelia]
CAK77277.1           -          PTHR12848.orig.30.pir -              1e-10   41.5   0.0   2.2e-09   37.1   0.0   2.2   1   1   0   1   1   1   1 unnamed protein product (macronuclear) [Paramecium tetraurelia]
CAK69412.1           -          PTHR12848.orig.30.pir -            1.3e-10   41.1   0.5   2.8e-10   40.1   0.5   1.6   1   1   0   1   1   1   1 unnamed protein product (macronuclear) [Paramecium tetraurelia]
CAK79176.1           -          PTHR12848.orig.30.pir -            1.6e-10   40.9   2.1   2.2e-10   40.4   2.1   1.2   1   0   0   1   1   1   1 unnamed protein product (macronuclear) [Paramecium tetraurelia]
CAK60674.1           -          PTHR12848.orig.30.pir -            1.8e-10   40.7   0.9   4.2e-10   39.5   0.9   1.5   1   1   0   1   1   1   1 unnamed protein product (macronuclear) [Paramecium tetraurelia]
CAK74512.1           -          PTHR12848.orig.30.pir -            2.6e-10   40.1  15.7   3.8e-07   29.6   7.1   3.6   2   2   0   2   2   2   2 unnamed protein product (macronuclear) [Paramecium tetraurelia]
CAK80236.1           -          PTHR12848.orig.30.pir -            2.7e-10   40.1   6.8   8.3e-05   21.9   0.1   2.3   1   1   1   2   2   2   2 unnamed protein product (macronuclear) [Paramecium tetraurelia]
CAK68313.1           -          PTHR12848.orig.30.pir -            2.8e-10   40.0   4.6   1.4e-08   34.4   1.9   2.1   1   1   1   2   2   2   1 unnamed protein product (macronuclear) [Paramecium tetraurelia]
CAK63200.1           -          PTHR12848.orig.30.pir -            2.8e-10   40.0   0.2   1.6e-09   37.5   0.2   1.8   1   1   0   1   1   1   1 unnamed protein product (macronuclear) [Paramecium tetraurelia]
CAK79606.1           -          PTHR12848.orig.30.pir -            2.8e-10   40.0   0.3   3.2e-10   39.8   0.3   1.0   1   0   0   1   1   1   1 unnamed protein product (macronuclear) [Paramecium tetraurelia]
CAK84138.1           -          PTHR12848.orig.30.pir -            2.9e-10   40.0   0.1   3.8e-10   39.6   0.1   1.1   1   0   0   1   1   1   1 unnamed protein product (macronuclear) [Paramecium tetraurelia]
CAK59056.1           -          PTHR12848.orig.30.pir -              3e-10   39.9   0.7     1e-06   28.3   0.2   2.2   1   1   1   2   2   2   2 unnamed protein product (macronuclear) [Paramecium tetraurelia]
CAK92604.1           -          PTHR12848.orig.30.pir -              4e-10   39.5   0.2     4e-10   39.5   0.2   3.1   1   1   2   3   3   2   1 unnamed protein product (macronuclear) [Paramecium tetraurelia]
CAK78780.1           -          PTHR12848.orig.30.pir -            4.7e-10   39.3   0.1   5.9e-10   39.0   0.1   1.0   1   0   0   1   1   1   1 unnamed protein product (macronuclear) [Paramecium tetraurelia]
CAK57986.1           -          PTHR12848.orig.30.pir -            4.9e-10   39.2   5.3   6.4e-10   38.9   5.3   1.1   1   0   0   1   1   1   1 unnamed protein product (macronuclear) [Paramecium tetraurelia]
CAK70154.1           -          PTHR12848.orig.30.pir -            5.5e-10   39.1   6.9   0.00056   19.2   2.8   2.7   1   1   1   2   2   2   2 unnamed protein product (macronuclear) [Paramecium tetraurelia]
CAK70534.1           -          PTHR12848.orig.30.pir -            6.7e-10   38.8   0.0   5.4e-06   25.8   0.0   2.9   2   1   1   3   3   3   2 unnamed protein product (macronuclear) [Paramecium tetraurelia]
CAK68156.1           -          PTHR12848.orig.30.pir -            7.3e-10   38.7  12.6   6.5e-08   32.2  12.7   3.1   1   1   0   1   1   1   1 unnamed protein product (macronuclear) [Paramecium tetraurelia]
CAK79136.1           -          PTHR12848.orig.30.pir -            7.4e-10   38.6   0.1   0.00016   21.0   0.1   1.8   1   1   1   2   2   2   2 unnamed protein product (macronuclear) [Paramecium tetraurelia]
CAK83247.1           -          PTHR12848.orig.30.pir -            7.9e-10   38.5   0.0   1.7e-07   30.8   0.0   2.1   1   1   0   1   1   1   1 unnamed protein product (macronuclear) [Paramecium tetraurelia]
CAK68702.1           -          PTHR12848.orig.30.pir -            9.8e-10   38.2   0.0   4.5e-09   36.0   0.0   1.8   1   1   0   1   1   1   1 unnamed protein product (macronuclear) [Paramecium tetraurelia]
CAK64048.1           -          PTHR12848.orig.30.pir -            1.1e-09   38.1   0.0   4.6e-09   36.0   0.0   1.7   1   1   0   1   1   1   1 unnamed protein product (macronuclear) [Paramecium tetraurelia]
CAK79940.1           -          PTHR12848.orig.30.pir -            1.1e-09   38.1   0.3   4.5e-08   32.7   0.1   1.9   1   1   1   2   2   2   1 unnamed protein product (macronuclear) [Paramecium tetraurelia]
CAK63651.1           -          PTHR12848.orig.30.pir -            1.3e-09   37.8   9.3     6e-07   29.0   0.0   2.8   1   1   2   3   3   2   2 unnamed protein product (macronuclear) [Paramecium tetraurelia]
CAK56999.1           -          PTHR12848.orig.30.pir -            1.4e-09   37.8   0.0   0.00059   19.1   0.0   1.9   1   1   1   2   2   2   2 unnamed protein product (macronuclear) [Paramecium tetraurelia]
CAK68199.1           -          PTHR12848.orig.30.pir -            1.8e-09   37.4   2.6   2.1e-09   37.2   2.6   1.2   1   0   0   1   1   1   1 unnamed protein product (macronuclear) [Paramecium tetraurelia]
CAK77758.1           -          PTHR12848.orig.30.pir -            1.9e-09   37.3   0.1   9.6e-09   35.0   0.1   1.9   1   1   0   1   1   1   1 unnamed protein product (macronuclear) [Paramecium tetraurelia]
CAK90725.1           -          PTHR12848.orig.30.pir -              2e-09   37.2   6.1   1.1e-06   28.2   0.6   2.7   1   1   1   2   2   2   2 unnamed protein product (macronuclear) [Paramecium tetraurelia]
CAK89375.1           -          PTHR12848.orig.30.pir -            2.1e-09   37.2   1.5   2.5e-09   36.9   1.5   1.0   1   0   0   1   1   1   1 unnamed protein product (macronuclear) [Paramecium tetraurelia]
CAK92792.1           -          PTHR12848.orig.30.pir -            2.4e-09   37.0   1.6   3.2e-05   23.3   0.1   2.1   1   1   1   2   2   2   2 unnamed protein product (macronuclear) [Paramecium tetraurelia]
CAK72952.1           -          PTHR12848.orig.30.pir -            2.5e-09   36.9   4.9   9.4e-08   31.7   4.9   2.0   1   1   0   1   1   1   1 unnamed protein product (macronuclear) [Paramecium tetraurelia]
CAK78913.1           -          PTHR12848.orig.30.pir -            3.5e-09   36.4   0.0   0.00052   19.3   0.0   2.0   1   1   0   2   2   2   2 unnamed protein product (macronuclear) [Paramecium tetraurelia]
CAK64716.1           -          PTHR12848.orig.30.pir -            3.6e-09   36.4  14.8   4.9e-07   29.3  14.7   3.3   1   1   0   1   1   1   1 unnamed protein product (macronuclear) [Paramecium tetraurelia]
CAK55833.1           -          PTHR12848.orig.30.pir -              4e-09   36.2   7.9   8.4e-07   28.5   1.4   2.7   1   1   1   2   2   2   2 unnamed protein product (macronuclear) [Paramecium tetraurelia]
CAK77424.1           -          PTHR12848.orig.30.pir -            4.1e-09   36.2   1.4     9e-05   21.8   0.1   2.8   2   1   1   3   3   3   2 unnamed protein product (macronuclear) [Paramecium tetraurelia]
CAK65095.1           -          PTHR12848.orig.30.pir -              5e-09   35.9  11.4   1.2e-08   34.7  11.4   1.5   1   1   0   1   1   1   1 unnamed protein product (macronuclear) [Paramecium tetraurelia]
CAK83947.1           -          PTHR12848.orig.30.pir -            5.1e-09   35.9   0.0   1.9e-08   33.9   0.0   1.8   1   1   0   1   1   1   1 unnamed protein product (macronuclear) [Paramecium tetraurelia]
CAK75743.1           -          PTHR12848.orig.30.pir -            5.2e-09   35.8   1.0   6.4e-09   35.5   1.0   1.1   1   0   0   1   1   1   1 unnamed protein product (macronuclear) [Paramecium tetraurelia]
CAK89550.1           -          PTHR12848.orig.30.pir -            5.4e-09   35.8   0.1   1.6e-07   30.9   0.0   2.1   1   1   1   2   2   2   1 unnamed protein product (macronuclear) [Paramecium tetraurelia]
CAK59374.1           -          PTHR12848.orig.30.pir -            6.2e-09   35.6   0.1   5.4e-08   32.5   0.1   1.8   1   1   0   1   1   1   1 unnamed protein product (macronuclear) [Paramecium tetraurelia]
CAK87895.1           -          PTHR12848.orig.30.pir -            6.6e-09   35.5   8.3   1.4e-06   27.7   0.0   3.4   2   1   0   2   2   2   1 unnamed protein product (macronuclear) [Paramecium tetraurelia]
CAK89779.1           -          PTHR12848.orig.30.pir -              1e-08   34.8  12.5   0.00013   21.3  12.5   3.0   1   1   0   1   1   1   1 unnamed protein product (macronuclear) [Paramecium tetraurelia]
CAK89981.1           -          PTHR12848.orig.30.pir -            1.1e-08   34.7   0.1   6.4e-07   28.9   0.0   2.0   1   1   1   2   2   2   2 unnamed protein product (macronuclear) [Paramecium tetraurelia]
CAK84257.1           -          PTHR12848.orig.30.pir -            1.1e-08   34.7   2.6   1.5e-08   34.4   2.6   1.2   1   0   0   1   1   1   1 unnamed protein product (macronuclear) [Paramecium tetraurelia]
CAK89259.1           -          PTHR12848.orig.30.pir -            1.4e-08   34.5   2.0   2.6e-07   30.2   2.2   1.9   1   1   0   1   1   1   1 unnamed protein product, partial (macronuclear) [Paramecium tetraurelia]
CAK91333.1           -          PTHR12848.orig.30.pir -            1.4e-08   34.4   0.0   5.8e-08   32.4   0.0   1.8   1   1   0   1   1   1   1 unnamed protein product (macronuclear) [Paramecium tetraurelia]
CAK66986.1           -          PTHR12848.orig.30.pir -            1.5e-08   34.4   0.2   0.00015   21.1   0.1   2.0   1   1   1   2   2   2   2 unnamed protein product (macronuclear) [Paramecium tetraurelia]
CAK59994.1           -          PTHR12848.orig.30.pir -            1.5e-08   34.3   1.2   1.5e-08   34.3   1.2   1.9   2   1   0   2   2   1   1 unnamed protein product (macronuclear) [Paramecium tetraurelia]
CAK60312.1           -          PTHR12848.orig.30.pir -            1.6e-08   34.2   0.3     9e-06   25.1   0.0   1.9   1   1   1   2   2   2   1 unnamed protein product (macronuclear) [Paramecium tetraurelia]
CAK60348.1           -          PTHR12848.orig.30.pir -            1.7e-08   34.2   7.8   7.7e-07   28.6   1.5   2.3   1   1   1   2   2   2   1 unnamed protein product (macronuclear) [Paramecium tetraurelia]
CAK88293.1           -          PTHR12848.orig.30.pir -              2e-08   33.9   0.0   9.6e-07   28.3   0.0   2.1   1   1   1   2   2   2   1 unnamed protein product (macronuclear) [Paramecium tetraurelia]
CAK93456.1           -          PTHR12848.orig.30.pir -              2e-08   33.9   0.1   1.4e-06   27.8   0.0   2.0   1   1   1   2   2   2   2 unnamed protein product (macronuclear) [Paramecium tetraurelia]
CAK78215.1           -          PTHR12848.orig.30.pir -            2.2e-08   33.8   5.8   4.6e-08   32.7   5.8   1.6   1   1   0   1   1   1   1 unnamed protein product (macronuclear) [Paramecium tetraurelia]
CAK60129.1           -          PTHR12848.orig.30.pir -            2.3e-08   33.7   1.2   1.2e-05   24.7   0.2   2.0   1   1   1   2   2   2   2 unnamed protein product (macronuclear) [Paramecium tetraurelia]
CAK85651.1           -          PTHR12848.orig.30.pir -            2.4e-08   33.6   0.0   8.7e-07   28.5   0.0   2.0   1   1   1   2   2   2   1 unnamed protein product (macronuclear) [Paramecium tetraurelia]
CAK82940.1           -          PTHR12848.orig.30.pir -              3e-08   33.3   0.1     3e-08   33.3   0.1   2.0   2   0   0   2   2   2   1 unnamed protein product (macronuclear) [Paramecium tetraurelia]
CAK82996.1           -          PTHR12848.orig.30.pir -            3.2e-08   33.2   0.1   2.2e-07   30.4   0.0   2.0   1   1   1   2   2   2   1 unnamed protein product (macronuclear) [Paramecium tetraurelia]
CAK89115.1           -          PTHR12848.orig.30.pir -            3.9e-08   33.0   3.3   7.6e-08   32.0   3.3   1.3   1   1   0   1   1   1   1 unnamed protein product (macronuclear) [Paramecium tetraurelia]
CAK70308.1           -          PTHR12848.orig.30.pir -            4.7e-08   32.7   0.9   5.3e-08   32.5   0.9   1.0   1   0   0   1   1   1   1 unnamed protein product (macronuclear) [Paramecium tetraurelia]
CAK83483.1           -          PTHR12848.orig.30.pir -            5.7e-08   32.4   0.2   3.6e-07   29.8   0.2   1.9   1   1   0   1   1   1   1 unnamed protein product (macronuclear) [Paramecium tetraurelia]
CAK94084.1           -          PTHR12848.orig.30.pir -            5.8e-08   32.4   0.8   2.5e-07   30.3   0.6   1.8   1   1   0   1   1   1   1 unnamed protein product (macronuclear) [Paramecium tetraurelia]
CAK71008.1           -          PTHR12848.orig.30.pir -            5.9e-08   32.4   0.1   0.00071   18.8   0.2   3.3   1   1   2   3   3   3   1 unnamed protein product (macronuclear) [Paramecium tetraurelia]
CAK84983.1           -          PTHR12848.orig.30.pir -            6.6e-08   32.2   1.3     2e-06   27.3   0.1   2.0   1   1   1   2   2   2   1 unnamed protein product (macronuclear) [Paramecium tetraurelia]
CAK58564.1           -          PTHR12848.orig.30.pir -            6.6e-08   32.2   0.0   2.7e-06   26.8   0.0   2.1   1   1   1   2   2   2   1 unnamed protein product (macronuclear) [Paramecium tetraurelia]
CAK94192.1           -          PTHR12848.orig.30.pir -            9.1e-08   31.7   0.1   1.1e-07   31.4   0.1   1.3   1   0   0   1   1   1   1 unnamed protein product (macronuclear) [Paramecium tetraurelia]
CAK74169.1           -          PTHR12848.orig.30.pir -            9.2e-08   31.7   0.5   0.00039   19.7   0.1   3.1   1   1   1   2   2   2   2 unnamed protein product (macronuclear) [Paramecium tetraurelia]
CAK64636.1           -          PTHR12848.orig.30.pir -            1.1e-07   31.5   0.9   1.9e-07   30.6   0.9   1.3   1   0   0   1   1   1   1 unnamed protein product (macronuclear) [Paramecium tetraurelia]
CAK69176.1           -          PTHR12848.orig.30.pir -            1.2e-07   31.3   1.3   0.00042   19.6   0.5   3.2   1   1   1   2   2   2   2 unnamed protein product (macronuclear) [Paramecium tetraurelia]
CAK77379.1           -          PTHR12848.orig.30.pir -            1.3e-07   31.2   0.2     2e-07   30.6   0.2   1.2   1   0   0   1   1   1   1 unnamed protein product (macronuclear) [Paramecium tetraurelia]
CAK69139.1           -          PTHR12848.orig.30.pir -            1.4e-07   31.1  19.7   6.4e-07   28.9   0.0   3.1   2   1   0   3   3   2   2 unnamed protein product (macronuclear) [Paramecium tetraurelia]
CAK65141.1           -          PTHR12848.orig.30.pir -            1.4e-07   31.1   0.4   1.6e-07   30.9   0.4   1.0   1   0   0   1   1   1   1 unnamed protein product (macronuclear) [Paramecium tetraurelia]
CAK66439.1           -          PTHR12848.orig.30.pir -            1.7e-07   30.9   0.5   1.8e-07   30.7   0.5   1.0   1   0   0   1   1   1   1 unnamed protein product (macronuclear) [Paramecium tetraurelia]
CAK76523.1           -          PTHR12848.orig.30.pir -            1.8e-07   30.8   4.9     2e-07   30.6   4.9   1.1   1   0   0   1   1   1   1 unnamed protein product (macronuclear) [Paramecium tetraurelia]
CAK86691.1           -          PTHR12848.orig.30.pir -            2.4e-07   30.3  11.6    0.0011   18.3  11.6   3.0   1   1   0   1   1   1   1 unnamed protein product (macronuclear) [Paramecium tetraurelia]
CAK84530.1           -          PTHR12848.orig.30.pir -            2.4e-07   30.3   1.2     3e-07   30.0   1.2   1.0   1   0   0   1   1   1   1 unnamed protein product, partial (macronuclear) [Paramecium tetraurelia]
CAK78600.1           -          PTHR12848.orig.30.pir -            2.5e-07   30.3   6.9   3.2e-07   29.9   3.6   1.9   1   1   1   2   2   2   1 unnamed protein product (macronuclear) [Paramecium tetraurelia]
CAK80245.1           -          PTHR12848.orig.30.pir -            2.6e-07   30.2   1.5   9.4e-07   28.4   0.7   1.8   1   1   0   2   2   2   1 unnamed protein product (macronuclear) [Paramecium tetraurelia]
CAK73404.1           -          PTHR12848.orig.30.pir -            2.7e-07   30.2   0.3     1e-06   28.2   0.3   1.7   1   1   0   1   1   1   1 unnamed protein product (macronuclear) [Paramecium tetraurelia]
CAK62087.1           -          PTHR12848.orig.30.pir -            2.7e-07   30.1   0.1    0.0011   18.2   0.3   3.1   1   1   2   3   3   3   1 unnamed protein product (macronuclear) [Paramecium tetraurelia]
CAK63544.1           -          PTHR12848.orig.30.pir -            3.1e-07   30.0   0.0   0.00045   19.5   0.0   2.1   1   1   1   2   2   2   2 unnamed protein product (macronuclear) [Paramecium tetraurelia]
CAK70144.1           -          PTHR12848.orig.30.pir -            3.1e-07   30.0   1.0   4.4e-07   29.4   0.6   1.2   1   1   0   1   1   1   1 unnamed protein product (macronuclear) [Paramecium tetraurelia]
CAK82076.1           -          PTHR12848.orig.30.pir -            3.2e-07   29.9   0.3     8e-07   28.6   0.3   1.4   1   1   0   1   1   1   1 unnamed protein product (macronuclear) [Paramecium tetraurelia]
CAK65910.1           -          PTHR12848.orig.30.pir -            4.3e-07   29.5   0.4   1.6e-06   27.6   0.4   1.7   1   1   0   1   1   1   1 unnamed protein product (macronuclear) [Paramecium tetraurelia]
CAK60903.1           -          PTHR12848.orig.30.pir -            4.3e-07   29.5   0.0   3.9e-05   23.0   0.0   2.1   1   1   1   2   2   2   1 unnamed protein product (macronuclear) [Paramecium tetraurelia]
CAK65268.1           -          PTHR12848.orig.30.pir -            4.7e-07   29.4   0.0   4.7e-07   29.4   0.0   3.7   1   1   2   4   4   3   2 unnamed protein product (macronuclear) [Paramecium tetraurelia]
CAK66404.1           -          PTHR12848.orig.30.pir -            4.8e-07   29.3   8.4   7.4e-07   28.7   8.4   1.2   1   0   0   1   1   1   1 unnamed protein product (macronuclear) [Paramecium tetraurelia]
CAK81199.1           -          PTHR12848.orig.30.pir -            4.9e-07   29.3   2.9     7e-07   28.8   2.9   1.3   1   0   0   1   1   1   1 unnamed protein product (macronuclear) [Paramecium tetraurelia]
CAK74513.1           -          PTHR12848.orig.30.pir -              5e-07   29.3   0.7     5e-07   29.3   0.7   1.9   1   1   0   1   1   1   1 unnamed protein product (macronuclear) [Paramecium tetraurelia]
CAK91662.1           -          PTHR12848.orig.30.pir -            6.4e-07   28.9   0.6   8.4e-07   28.5   0.6   1.3   1   0   0   1   1   1   1 unnamed protein product (macronuclear) [Paramecium tetraurelia]
CAK72841.1           -          PTHR12848.orig.30.pir -            6.9e-07   28.8   1.2   7.5e-07   28.7   1.2   1.1   1   0   0   1   1   1   1 unnamed protein product (macronuclear) [Paramecium tetraurelia]
CAK61709.1           -          PTHR12848.orig.30.pir -            7.4e-07   28.7   5.0   3.9e-05   23.0   0.3   1.9   1   1   1   2   2   2   2 unnamed protein product (macronuclear) [Paramecium tetraurelia]
CAK61849.1           -          PTHR12848.orig.30.pir -            8.4e-07   28.5   2.1   9.3e-05   21.8   0.0   3.3   3   1   1   4   4   3   1 unnamed protein product (macronuclear) [Paramecium tetraurelia]
CAK76072.1           -          PTHR12848.orig.30.pir -            8.6e-07   28.5   3.9   1.4e-05   24.4   0.2   2.3   2   1   1   3   3   2   2 unnamed protein product, partial (macronuclear) [Paramecium tetraurelia]
CAK86850.1           -          PTHR12848.orig.30.pir -            8.7e-07   28.5   4.3   1.2e-06   28.0   4.3   1.2   1   0   0   1   1   1   1 unnamed protein product (macronuclear) [Paramecium tetraurelia]
CAK92197.1           -          PTHR12848.orig.30.pir -            9.2e-07   28.4   0.2   1.8e-06   27.4   0.1   1.4   1   1   1   2   2   1   1 unnamed protein product (macronuclear) [Paramecium tetraurelia]
CAK69826.1           -          PTHR12848.orig.30.pir -            9.6e-07   28.3   0.8   2.3e-06   27.1   0.8   1.5   1   1   0   1   1   1   1 unnamed protein product (macronuclear) [Paramecium tetraurelia]
CAK84185.1           -          PTHR12848.orig.30.pir -              1e-06   28.2   3.8   5.4e-06   25.8   3.8   1.9   1   1   1   2   2   2   1 unnamed protein product (macronuclear) [Paramecium tetraurelia]
CAK90277.1           -          PTHR12848.orig.30.pir -            1.1e-06   28.2   8.9     2e-06   27.3   8.9   1.4   1   1   0   1   1   1   1 unnamed protein product (macronuclear) [Paramecium tetraurelia]
CAK90925.1           -          PTHR12848.orig.30.pir -            1.1e-06   28.1   0.1   1.6e-06   27.6   0.1   1.3   1   0   0   1   1   1   1 unnamed protein product (macronuclear) [Paramecium tetraurelia]
CAK60629.1           -          PTHR12848.orig.30.pir -            1.3e-06   27.9   9.2   0.00054   19.2   0.7   2.5   1   1   1   2   2   2   2 unnamed protein product (macronuclear) [Paramecium tetraurelia]
CAK95018.1           -          PTHR12848.orig.30.pir -            1.3e-06   27.9   2.6   1.6e-06   27.6   2.6   1.2   1   0   0   1   1   1   1 unnamed protein product (macronuclear) [Paramecium tetraurelia]
CAK78658.1           -          PTHR12848.orig.30.pir -            1.4e-06   27.8   7.7   0.00055   19.2   0.6   2.6   1   1   1   2   2   2   2 unnamed protein product (macronuclear) [Paramecium tetraurelia]
CAK92578.1           -          PTHR12848.orig.30.pir -            1.4e-06   27.8   5.0   1.9e-05   24.1   4.8   1.8   1   1   0   1   1   1   1 unnamed protein product (macronuclear) [Paramecium tetraurelia]
CAK86363.1           -          PTHR12848.orig.30.pir -            1.5e-06   27.7   4.8   4.6e-06   26.1   4.8   1.6   1   1   0   1   1   1   1 unnamed protein product (macronuclear) [Paramecium tetraurelia]
CAK82618.1           -          PTHR12848.orig.30.pir -            1.7e-06   27.6   0.7   1.7e-06   27.6   0.7   1.6   2   0   0   2   2   1   1 unnamed protein product (macronuclear) [Paramecium tetraurelia]
CAK89037.1           -          PTHR12848.orig.30.pir -            1.7e-06   27.5   0.9   7.4e-05   22.1   0.0   1.8   1   1   0   2   2   2   1 unnamed protein product (macronuclear) [Paramecium tetraurelia]
CAK89040.1           -          PTHR12848.orig.30.pir -            1.7e-06   27.5   0.9   7.4e-05   22.1   0.0   1.8   1   1   0   2   2   2   1 unnamed protein product (macronuclear) [Paramecium tetraurelia]
CAK88588.1           -          PTHR12848.orig.30.pir -            1.8e-06   27.4   0.1    0.0045   16.2   0.1   2.0   1   1   1   2   2   2   2 unnamed protein product (macronuclear) [Paramecium tetraurelia]
CAK94834.1           -          PTHR12848.orig.30.pir -            1.9e-06   27.3   0.0   2.2e-06   27.2   0.0   1.2   1   0   0   1   1   1   1 unnamed protein product (macronuclear) [Paramecium tetraurelia]
CAK68523.1           -          PTHR12848.orig.30.pir -              2e-06   27.3   1.8   2.6e-06   26.9   1.8   1.3   1   0   0   1   1   1   1 unnamed protein product (macronuclear) [Paramecium tetraurelia]
CAK72550.1           -          PTHR12848.orig.30.pir -              2e-06   27.3   5.2   2.8e-05   23.5   5.0   1.9   1   1   0   1   1   1   1 unnamed protein product (macronuclear) [Paramecium tetraurelia]
CAK56057.1           -          PTHR12848.orig.30.pir -              2e-06   27.2   0.1   2.5e-06   27.0   0.1   1.2   1   0   0   1   1   1   1 unnamed protein product (macronuclear) [Paramecium tetraurelia]
CAK57022.1           -          PTHR12848.orig.30.pir -            2.3e-06   27.1   0.0   3.6e-06   26.4   0.0   1.5   1   1   0   1   1   1   1 unnamed protein product (macronuclear) [Paramecium tetraurelia]
CAK68573.1           -          PTHR12848.orig.30.pir -            2.7e-06   26.8   0.1   3.4e-06   26.5   0.1   1.1   1   0   0   1   1   1   1 unnamed protein product (macronuclear) [Paramecium tetraurelia]
CAK56399.1           -          PTHR12848.orig.30.pir -            2.8e-06   26.8   0.3   3.6e-06   26.4   0.3   1.2   1   0   0   1   1   1   1 unnamed protein product (macronuclear) [Paramecium tetraurelia]
CAK83624.1           -          PTHR12848.orig.30.pir -            2.9e-06   26.7   1.8   7.2e-05   22.1   0.0   1.9   1   1   0   2   2   2   1 unnamed protein product (macronuclear) [Paramecium tetraurelia]
CAK67314.1           -          PTHR12848.orig.30.pir -            3.3e-06   26.6   0.3   3.3e-06   26.6   0.3   1.5   1   1   0   1   1   1   1 unnamed protein product (macronuclear) [Paramecium tetraurelia]
CAK94499.1           -          PTHR12848.orig.30.pir -            3.5e-06   26.5   5.5   4.3e-06   26.2   5.5   1.1   1   0   0   1   1   1   1 unnamed protein product (macronuclear) [Paramecium tetraurelia]
CAK65000.1           -          PTHR12848.orig.30.pir -            4.4e-06   26.1   2.0   6.2e-06   25.6   2.0   1.3   1   0   0   1   1   1   1 unnamed protein product (macronuclear) [Paramecium tetraurelia]
CAK78100.1           -          PTHR12848.orig.30.pir -            4.6e-06   26.1   4.7     6e-06   25.7   4.7   1.2   1   0   0   1   1   1   1 unnamed protein product (macronuclear) [Paramecium tetraurelia]
CAK57453.1           -          PTHR12848.orig.30.pir -            4.7e-06   26.1   0.0   5.5e-05   22.5   0.0   2.0   1   1   0   1   1   1   1 unnamed protein product (macronuclear) [Paramecium tetraurelia]
CAK88381.1           -          PTHR12848.orig.30.pir -            5.1e-06   25.9   3.5   0.00074   18.8   0.3   2.1   1   1   1   2   2   2   1 unnamed protein product (macronuclear) [Paramecium tetraurelia]
CAK82035.1           -          PTHR12848.orig.30.pir -            5.3e-06   25.9   2.3   9.3e-06   25.1   2.3   1.4   1   1   0   1   1   1   1 unnamed protein product (macronuclear) [Paramecium tetraurelia]
CAK71511.1           -          PTHR12848.orig.30.pir -            6.6e-06   25.6   0.2   7.1e-06   25.5   0.2   1.2   1   0   0   1   1   1   1 unnamed protein product (macronuclear) [Paramecium tetraurelia]
CAK85921.1           -          PTHR12848.orig.30.pir -            7.3e-06   25.4   0.1   0.00041   19.6   0.1   2.2   2   0   0   2   2   2   1 unnamed protein product (macronuclear) [Paramecium tetraurelia]
CAK57782.1           -          PTHR12848.orig.30.pir -            7.3e-06   25.4   1.2     1e-05   24.9   1.2   1.2   1   0   0   1   1   1   1 unnamed protein product (macronuclear) [Paramecium tetraurelia]
CAK76749.1           -          PTHR12848.orig.30.pir -            7.3e-06   25.4   1.6   7.8e-06   25.3   1.6   1.0   1   0   0   1   1   1   1 unnamed protein product (macronuclear) [Paramecium tetraurelia]
CAK83593.1           -          PTHR12848.orig.30.pir -            8.5e-06   25.2   0.2   9.9e-06   25.0   0.2   1.1   1   0   0   1   1   1   1 unnamed protein product (macronuclear) [Paramecium tetraurelia]
CAK90255.1           -          PTHR12848.orig.30.pir -            8.5e-06   25.2   0.0     0.015   14.5   0.1   2.1   1   1   1   2   2   2   2 unnamed protein product (macronuclear) [Paramecium tetraurelia]
CAK69006.1           -          PTHR12848.orig.30.pir -              9e-06   25.1   5.2   1.1e-05   24.9   5.2   1.0   1   0   0   1   1   1   1 unnamed protein product (macronuclear) [Paramecium tetraurelia]
CAK82745.1           -          PTHR12848.orig.30.pir -            9.9e-06   25.0   0.4   2.8e-05   23.5   0.4   1.6   1   1   0   1   1   1   1 unnamed protein product (macronuclear) [Paramecium tetraurelia]
CAK86534.1           -          PTHR12848.orig.30.pir -            9.9e-06   25.0   3.3   1.1e-05   24.8   3.3   1.1   1   0   0   1   1   1   1 unnamed protein product (macronuclear) [Paramecium tetraurelia]
CAK66300.1           -          PTHR12848.orig.30.pir -            1.1e-05   24.8   1.3   1.3e-05   24.6   1.3   1.2   1   0   0   1   1   1   1 unnamed protein product (macronuclear) [Paramecium tetraurelia]
CAK80216.1           -          PTHR12848.orig.30.pir -            1.1e-05   24.8   0.7   1.2e-05   24.7   0.7   1.0   1   0   0   1   1   1   1 unnamed protein product (macronuclear) [Paramecium tetraurelia]
CAK63897.1           -          PTHR12848.orig.30.pir -            1.2e-05   24.7   1.4   4.2e-05   22.9   0.5   2.0   1   1   1   2   2   2   2 unnamed protein product (macronuclear) [Paramecium tetraurelia]
CAK57755.1           -          PTHR12848.orig.30.pir -            1.2e-05   24.7   0.1   1.2e-05   24.6   0.1   1.0   1   0   0   1   1   1   1 unnamed protein product (macronuclear) [Paramecium tetraurelia]
CAK66752.1           -          PTHR12848.orig.30.pir -            1.2e-05   24.7   0.0   2.8e-05   23.5   0.0   1.3   1   1   0   1   1   1   1 unnamed protein product (macronuclear) [Paramecium tetraurelia]
CAK81126.1           -          PTHR12848.orig.30.pir -            1.3e-05   24.6   0.1     0.015   14.4   0.0   2.0   1   1   1   2   2   2   2 unnamed protein product (macronuclear) [Paramecium tetraurelia]
CAK72999.1           -          PTHR12848.orig.30.pir -            1.6e-05   24.3   0.6   1.8e-05   24.1   0.6   1.1   1   0   0   1   1   1   1 unnamed protein product (macronuclear) [Paramecium tetraurelia]
CAK81537.1           -          PTHR12848.orig.30.pir -            1.9e-05   24.1   0.0     0.045   12.9   0.1   2.2   1   1   1   2   2   2   2 unnamed protein product (macronuclear) [Paramecium tetraurelia]
CAK69181.1           -          PTHR12848.orig.30.pir -            1.9e-05   24.0   0.7   0.00055   19.2   0.2   1.9   1   1   1   2   2   2   1 unnamed protein product (macronuclear) [Paramecium tetraurelia]
CAK61375.1           -          PTHR12848.orig.30.pir -            1.9e-05   24.0   0.2   2.2e-05   23.8   0.2   1.0   1   0   0   1   1   1   1 unnamed protein product (macronuclear) [Paramecium tetraurelia]
CAK56367.1           -          PTHR12848.orig.30.pir -              2e-05   24.0   3.6   8.1e-05   22.0   2.8   1.9   1   1   0   1   1   1   1 unnamed protein product (macronuclear) [Paramecium tetraurelia]
CAK69753.1           -          PTHR12848.orig.30.pir -            2.3e-05   23.8   0.1   2.3e-05   23.7   0.1   1.1   1   0   0   1   1   1   1 unnamed protein product (macronuclear) [Paramecium tetraurelia]
CAK74393.1           -          PTHR12848.orig.30.pir -            2.4e-05   23.7   0.2    0.0058   15.8   0.1   2.2   2   0   0   2   2   2   1 unnamed protein product (macronuclear) [Paramecium tetraurelia]
CAK67181.1           -          PTHR12848.orig.30.pir -            2.6e-05   23.6   6.1   3.6e-05   23.1   6.1   1.1   1   0   0   1   1   1   1 unnamed protein product (macronuclear) [Paramecium tetraurelia]
CAK67180.1           -          PTHR12848.orig.30.pir -            2.9e-05   23.5   7.2   0.00038   19.7   0.0   3.2   2   1   1   3   3   2   1 unnamed protein product (macronuclear) [Paramecium tetraurelia]
CAK84097.1           -          PTHR12848.orig.30.pir -            3.3e-05   23.2   0.0     4e-05   23.0   0.0   1.1   1   0   0   1   1   1   1 unnamed protein product (macronuclear) [Paramecium tetraurelia]
CAK90780.1           -          PTHR12848.orig.30.pir -            3.5e-05   23.2   1.6   3.5e-05   23.2   1.6   1.9   2   1   0   2   2   1   1 unnamed protein product (macronuclear) [Paramecium tetraurelia]
CAK55616.1           -          PTHR12848.orig.30.pir -            3.8e-05   23.0   1.4   0.00011   21.6   1.4   1.6   1   1   0   1   1   1   1 unnamed protein product (macronuclear) [Paramecium tetraurelia]
CAK89275.1           -          PTHR12848.orig.30.pir -            3.9e-05   23.0   0.0   0.00011   21.5   0.1   1.5   1   1   1   2   2   2   1 unnamed protein product (macronuclear) [Paramecium tetraurelia]
CAK92615.1           -          PTHR12848.orig.30.pir -            4.3e-05   22.9   0.7   4.3e-05   22.9   0.7   1.3   1   1   0   1   1   1   1 unnamed protein product (macronuclear) [Paramecium tetraurelia]
CAK66877.1           -          PTHR12848.orig.30.pir -            4.5e-05   22.8   6.9    0.0087   15.2   0.3   2.9   1   1   1   3   3   3   1 unnamed protein product (macronuclear) [Paramecium tetraurelia]
CAK77512.1           -          PTHR12848.orig.30.pir -            4.6e-05   22.8   0.1   0.00012   21.4   0.1   1.5   1   1   1   2   2   2   1 unnamed protein product (macronuclear) [Paramecium tetraurelia]
CAK67168.1           -          PTHR12848.orig.30.pir -            4.8e-05   22.7   0.1   0.00012   21.4   0.1   1.4   1   1   1   2   2   2   1 unnamed protein product (macronuclear) [Paramecium tetraurelia]
CAK61909.1           -          PTHR12848.orig.30.pir -            7.1e-05   22.1   1.3   0.00034   19.9   1.2   2.0   1   1   0   1   1   1   1 unnamed protein product (macronuclear) [Paramecium tetraurelia]
CAK85783.1           -          PTHR12848.orig.30.pir -            7.5e-05   22.1   0.1   7.5e-05   22.1   0.1   1.1   1   0   0   1   1   1   1 unnamed protein product (macronuclear) [Paramecium tetraurelia]
CAK70920.1           -          PTHR12848.orig.30.pir -            8.9e-05   21.8   0.1   0.00022   20.5   0.1   1.5   1   1   0   1   1   1   1 unnamed protein product (macronuclear) [Paramecium tetraurelia]
CAK64752.1           -          PTHR12848.orig.30.pir -            9.3e-05   21.8   0.9     0.027   13.6   0.1   2.0   1   1   1   2   2   2   1 unnamed protein product (macronuclear) [Paramecium tetraurelia]
CAK90975.1           -          PTHR12848.orig.30.pir -            9.7e-05   21.7   5.8   0.00021   20.6   5.7   1.6   1   1   0   1   1   1   1 unnamed protein product (macronuclear) [Paramecium tetraurelia]
CAK76753.1           -          PTHR12848.orig.30.pir -            0.00011   21.5   0.1   0.00011   21.5   0.1   1.0   1   0   0   1   1   1   1 unnamed protein product (macronuclear) [Paramecium tetraurelia]
CAK91888.1           -          PTHR12848.orig.30.pir -            0.00011   21.5   0.5   0.00012   21.4   0.5   1.0   1   0   0   1   1   1   1 unnamed protein product (macronuclear) [Paramecium tetraurelia]
CAK59059.1           -          PTHR12848.orig.30.pir -            0.00014   21.2   6.2   0.00033   19.9   6.2   1.7   1   1   0   1   1   1   1 unnamed protein product (macronuclear) [Paramecium tetraurelia]
CAK89249.1           -          PTHR12848.orig.30.pir -            0.00014   21.1   1.2   0.00016   21.0   1.2   1.1   1   0   0   1   1   1   1 unnamed protein product (macronuclear) [Paramecium tetraurelia]
CAK58654.1           -          PTHR12848.orig.30.pir -            0.00015   21.0   0.0      0.25   10.4   0.0   2.0   1   1   1   2   2   2   2 unnamed protein product (macronuclear) [Paramecium tetraurelia]
CAK79972.1           -          PTHR12848.orig.30.pir -            0.00016   21.0   0.2   0.00021   20.6   0.2   1.1   1   0   0   1   1   1   1 unnamed protein product (macronuclear) [Paramecium tetraurelia]
CAK64540.1           -          PTHR12848.orig.30.pir -            0.00016   21.0  25.9   0.00021   20.6   1.4   3.0   1   1   2   3   3   2   2 unnamed protein product (macronuclear) [Paramecium tetraurelia]
CAK62169.1           -          PTHR12848.orig.30.pir -            0.00016   21.0   0.0   0.00034   19.9   0.0   1.4   1   1   0   1   1   1   1 unnamed protein product (macronuclear) [Paramecium tetraurelia]
CAK75213.1           -          PTHR12848.orig.30.pir -            0.00018   20.8  11.7   0.00024   20.4  11.7   1.1   1   0   0   1   1   1   1 unnamed protein product (macronuclear) [Paramecium tetraurelia]
CAK57899.1           -          PTHR12848.orig.30.pir -            0.00021   20.6   0.0   0.00021   20.6   0.0   2.6   1   1   1   3   3   2   1 unnamed protein product (macronuclear) [Paramecium tetraurelia]
CAK88816.1           -          PTHR12848.orig.30.pir -            0.00022   20.5   0.1    0.0003   20.1   0.1   1.1   1   0   0   1   1   1   1 unnamed protein product (macronuclear) [Paramecium tetraurelia]
CAK65100.1           -          PTHR12848.orig.30.pir -            0.00024   20.4   0.0   0.00024   20.4   0.0   1.1   1   0   0   1   1   1   1 unnamed protein product (macronuclear) [Paramecium tetraurelia]
CAK74166.1           -          PTHR12848.orig.30.pir -            0.00025   20.4   0.3   0.00032   20.0   0.3   1.2   1   0   0   1   1   1   1 unnamed protein product (macronuclear) [Paramecium tetraurelia]
CAK89741.1           -          PTHR12848.orig.30.pir -            0.00029   20.1   0.8    0.0058   15.8   0.8   2.1   1   1   0   1   1   1   1 unnamed protein product (macronuclear) [Paramecium tetraurelia]
CAK74498.1           -          PTHR12848.orig.30.pir -             0.0003   20.0  28.5    0.0003   20.0  28.5   1.9   2   0   0   2   2   2   1 unnamed protein product (macronuclear) [Paramecium tetraurelia]
CAK77297.1           -          PTHR12848.orig.30.pir -            0.00034   19.9   5.0   0.00039   19.7   5.0   1.1   1   0   0   1   1   1   1 unnamed protein product (macronuclear) [Paramecium tetraurelia]
CAK58022.1           -          PTHR12848.orig.30.pir -            0.00036   19.8   0.0    0.0004   19.7   0.0   1.0   1   0   0   1   1   1   1 unnamed protein product (macronuclear) [Paramecium tetraurelia]
CAK70157.1           -          PTHR12848.orig.30.pir -            0.00049   19.4   4.8   0.00064   19.0   4.6   1.3   1   1   0   1   1   1   1 unnamed protein product (macronuclear) [Paramecium tetraurelia]
CAK93926.1           -          PTHR12848.orig.30.pir -            0.00056   19.2   0.1   0.00057   19.1   0.1   1.2   1   0   0   1   1   1   1 unnamed protein product (macronuclear) [Paramecium tetraurelia]
CAK94737.1           -          PTHR12848.orig.30.pir -            0.00064   19.0   0.6    0.0021   17.3   0.6   1.6   1   1   1   2   2   2   1 unnamed protein product (macronuclear) [Paramecium tetraurelia]
CAK81526.1           -          PTHR12848.orig.30.pir -            0.00066   18.9   0.0    0.0012   18.0   0.0   1.4   1   1   0   1   1   1   1 unnamed protein product (macronuclear) [Paramecium tetraurelia]
CAK86090.1           -          PTHR12848.orig.30.pir -            0.00066   18.9   0.1   0.00069   18.9   0.1   1.1   1   0   0   1   1   1   1 unnamed protein product (macronuclear) [Paramecium tetraurelia]
CAK58301.1           -          PTHR12848.orig.30.pir -            0.00068   18.9   0.4   0.00078   18.7   0.4   1.1   1   0   0   1   1   1   1 unnamed protein product (macronuclear) [Paramecium tetraurelia]
CAK67475.1           -          PTHR12848.orig.30.pir -            0.00069   18.9   0.0    0.0025   17.0   0.0   1.8   1   1   0   1   1   1   1 unnamed protein product (macronuclear) [Paramecium tetraurelia]
CAK70310.1           -          PTHR12848.orig.30.pir -            0.00092   18.5   0.3   0.00094   18.4   0.3   1.1   1   0   0   1   1   1   1 unnamed protein product (macronuclear) [Paramecium tetraurelia]
CAK61135.1           -          PTHR12848.orig.30.pir -             0.0011   18.2   0.0    0.0013   17.9   0.0   1.1   1   0   0   1   1   1   1 unnamed protein product (macronuclear) [Paramecium tetraurelia]
CAK74879.1           -          PTHR12848.orig.30.pir -             0.0011   18.2   0.3     0.002   17.4   0.2   1.3   1   1   0   1   1   1   1 unnamed protein product (macronuclear) [Paramecium tetraurelia]
CAK71718.1           -          PTHR12848.orig.30.pir -             0.0012   18.1   4.8    0.0014   17.8   4.8   1.1   1   0   0   1   1   1   1 unnamed protein product (macronuclear) [Paramecium tetraurelia]
CAK94385.1           -          PTHR12848.orig.30.pir -             0.0013   17.9   0.5    0.0036   16.5   0.1   1.8   2   0   0   2   2   1   1 unnamed protein product (macronuclear) [Paramecium tetraurelia]
CAK93747.1           -          PTHR12848.orig.30.pir -             0.0014   17.8   0.0    0.0015   17.8   0.0   1.2   1   1   0   1   1   1   1 unnamed protein product (macronuclear) [Paramecium tetraurelia]
CAK65592.1           -          PTHR12848.orig.30.pir -             0.0015   17.7   0.5    0.0068   15.6   0.6   2.0   1   1   0   1   1   1   1 unnamed protein product (macronuclear) [Paramecium tetraurelia]
CAK82619.1           -          PTHR12848.orig.30.pir -             0.0016   17.6   0.1    0.0016   17.6   0.1   1.0   1   0   0   1   1   1   1 unnamed protein product, partial (macronuclear) [Paramecium tetraurelia]
CAK93071.1           -          PTHR12848.orig.30.pir -             0.0017   17.6   0.0       1.1    8.2   0.0   2.1   1   1   1   2   2   2   0 unnamed protein product (macronuclear) [Paramecium tetraurelia]
CAK87046.1           -          PTHR12848.orig.30.pir -             0.0017   17.6   0.0    0.0021   17.3   0.0   1.1   1   0   0   1   1   1   1 unnamed protein product (macronuclear) [Paramecium tetraurelia]
CAK68565.1           -          PTHR12848.orig.30.pir -             0.0017   17.5   0.1    0.0018   17.5   0.1   1.1   1   0   0   1   1   1   1 unnamed protein product (macronuclear) [Paramecium tetraurelia]
CAK60285.1           -          PTHR12848.orig.30.pir -              0.002   17.4   0.1     0.002   17.4   0.1   2.9   4   0   0   4   4   2   1 unnamed protein product (macronuclear) [Paramecium tetraurelia]
CAK87756.1           -          PTHR12848.orig.30.pir -              0.002   17.3   2.1    0.0025   17.0   2.1   1.1   1   0   0   1   1   1   1 unnamed protein product (macronuclear) [Paramecium tetraurelia]
CAK66247.1           -          PTHR12848.orig.30.pir -             0.0021   17.2   0.1     0.073   12.2   0.0   1.9   1   1   1   2   2   2   2 unnamed protein product (macronuclear) [Paramecium tetraurelia]
CAK59405.1           -          PTHR12848.orig.30.pir -             0.0023   17.1   0.0    0.0023   17.1   0.0   1.1   1   0   0   1   1   1   1 unnamed protein product (macronuclear) [Paramecium tetraurelia]
CAK62978.1           -          PTHR12848.orig.30.pir -             0.0025   17.0   0.0    0.0046   16.1   0.0   1.3   1   1   0   1   1   1   1 unnamed protein product (macronuclear) [Paramecium tetraurelia]
CAK74234.1           -          PTHR12848.orig.30.pir -             0.0026   16.9   0.1    0.0027   16.9   0.1   1.0   1   0   0   1   1   1   1 unnamed protein product (macronuclear) [Paramecium tetraurelia]
CAK59789.1           -          PTHR12848.orig.30.pir -             0.0027   16.9   3.3     0.011   14.9   3.4   1.6   1   1   0   1   1   1   1 unnamed protein product (macronuclear) [Paramecium tetraurelia]
CAK95040.1           -          PTHR12848.orig.30.pir -              0.003   16.8   0.0     0.012   14.8   0.0   1.9   1   1   1   2   2   1   1 unnamed protein product (macronuclear) [Paramecium tetraurelia]
CAK59473.1           -          PTHR12848.orig.30.pir -              0.003   16.7   0.0    0.0035   16.5   0.0   1.0   1   0   0   1   1   1   1 unnamed protein product (macronuclear) [Paramecium tetraurelia]
CAK88401.1           -          PTHR12848.orig.30.pir -             0.0031   16.7   0.0     0.042   13.0   0.0   1.9   1   1   0   1   1   1   1 unnamed protein product (macronuclear) [Paramecium tetraurelia]
CAK64523.1           -          PTHR12848.orig.30.pir -             0.0034   16.6   0.0    0.0041   16.3   0.0   1.0   1   0   0   1   1   1   1 unnamed protein product (macronuclear) [Paramecium tetraurelia]
CAK56561.1           -          PTHR12848.orig.30.pir -             0.0035   16.5   0.0    0.0076   15.4   0.0   1.5   1   1   0   1   1   1   1 unnamed protein product (macronuclear) [Paramecium tetraurelia]
CAK70482.1           -          PTHR12848.orig.30.pir -             0.0042   16.3   0.0    0.0047   16.1   0.0   1.1   1   0   0   1   1   1   1 unnamed protein product (macronuclear) [Paramecium tetraurelia]
CAK76891.1           -          PTHR12848.orig.30.pir -             0.0042   16.3   0.0    0.0086   15.2   0.0   1.5   1   1   0   1   1   1   1 unnamed protein product (macronuclear) [Paramecium tetraurelia]
CAK92957.1           -          PTHR12848.orig.30.pir -             0.0042   16.3   0.2    0.0042   16.3   0.2   2.8   4   0   0   4   4   2   1 unnamed protein product (macronuclear) [Paramecium tetraurelia]
CAK60443.1           -          PTHR12848.orig.30.pir -             0.0047   16.1   0.2    0.0052   15.9   0.2   1.0   1   0   0   1   1   1   1 unnamed protein product (macronuclear) [Paramecium tetraurelia]
CAK73840.1           -          PTHR12848.orig.30.pir -             0.0051   16.0   7.1    0.0061   15.7   7.1   1.1   1   0   0   1   1   1   1 unnamed protein product (macronuclear) [Paramecium tetraurelia]
CAK79179.1           -          PTHR12848.orig.30.pir -             0.0055   15.9   0.0    0.0061   15.7   0.0   1.1   1   0   0   1   1   1   1 unnamed protein product (macronuclear) [Paramecium tetraurelia]
CAK95135.1           -          PTHR12848.orig.30.pir -             0.0056   15.9   0.3    0.0064   15.7   0.3   1.2   1   0   0   1   1   1   1 unnamed protein product (macronuclear) [Paramecium tetraurelia]
CAK57041.1           -          PTHR12848.orig.30.pir -             0.0057   15.8   0.0    0.0057   15.8   0.0   1.1   1   0   0   1   1   1   1 unnamed protein product (macronuclear) [Paramecium tetraurelia]
CAK65087.1           -          PTHR12848.orig.30.pir -             0.0058   15.8   3.0    0.0097   15.1   3.0   1.2   1   1   0   1   1   1   1 unnamed protein product (macronuclear) [Paramecium tetraurelia]
CAK67769.1           -          PTHR12848.orig.30.pir -             0.0074   15.5   0.0     0.093   11.8   0.0   1.9   1   1   0   1   1   1   1 unnamed protein product (macronuclear) [Paramecium tetraurelia]
CAK89554.1           -          PTHR12848.orig.30.pir -             0.0078   15.4   8.9     0.017   14.3   8.9   1.7   1   1   0   1   1   1   1 unnamed protein product (macronuclear) [Paramecium tetraurelia]
CAK56135.1           -          PTHR12848.orig.30.pir -             0.0089   15.2   6.7      0.83    8.7   6.6   2.4   1   1   0   1   1   1   1 unnamed protein product (macronuclear) [Paramecium tetraurelia]
CAK84698.1           -          PTHR12848.orig.30.pir -             0.0096   15.1  14.0     0.015   14.4  14.0   1.4   1   1   0   1   1   1   1 unnamed protein product (macronuclear) [Paramecium tetraurelia]
CAK67868.1           -          PTHR12848.orig.30.pir -             0.0098   15.0   0.1    0.0098   15.0   0.1   1.7   1   1   1   2   2   1   1 unnamed protein product (macronuclear) [Paramecium tetraurelia]
CAK79903.1           -          PTHR12848.orig.30.pir -              0.011   14.9   0.0     0.013   14.7   0.0   1.1   1   0   0   1   1   1   0 unnamed protein product (macronuclear) [Paramecium tetraurelia]
CAK60396.1           -          PTHR12848.orig.30.pir -              0.012   14.8   0.4     0.052   12.7   0.0   1.7   1   1   1   2   2   2   0 unnamed protein product (macronuclear) [Paramecium tetraurelia]
CAK56892.1           -          PTHR12848.orig.30.pir -              0.013   14.6   0.0     0.014   14.5   0.0   1.0   1   0   0   1   1   1   0 unnamed protein product (macronuclear) [Paramecium tetraurelia]
CAK75676.1           -          PTHR12848.orig.30.pir -              0.013   14.6   0.0      0.61    9.1   0.0   2.6   1   1   0   1   1   1   0 unnamed protein product (macronuclear) [Paramecium tetraurelia]
CAK59636.1           -          PTHR12848.orig.30.pir -              0.014   14.5   3.7     0.016   14.4   3.7   1.2   1   0   0   1   1   1   0 unnamed protein product (macronuclear) [Paramecium tetraurelia]
CAK76025.1           -          PTHR12848.orig.30.pir -              0.016   14.3   0.1     0.025   13.7   0.1   1.4   1   1   0   1   1   1   0 unnamed protein product (macronuclear) [Paramecium tetraurelia]
CAK72935.1           -          PTHR12848.orig.30.pir -              0.017   14.2   0.0     0.018   14.2   0.0   1.2   1   0   0   1   1   1   0 unnamed protein product (macronuclear) [Paramecium tetraurelia]
CAK57283.1           -          PTHR12848.orig.30.pir -              0.022   13.9   0.8      0.37    9.8   0.1   2.2   1   1   1   2   2   2   0 unnamed protein product (macronuclear) [Paramecium tetraurelia]
CAK67588.1           -          PTHR12848.orig.30.pir -              0.024   13.7   0.1     0.025   13.7   0.1   1.0   1   0   0   1   1   1   0 unnamed protein product (macronuclear) [Paramecium tetraurelia]
CAK61925.1           -          PTHR12848.orig.30.pir -              0.025   13.7   0.0     0.025   13.7   0.0   1.1   1   0   0   1   1   1   0 unnamed protein product (macronuclear) [Paramecium tetraurelia]
CAK87922.1           -          PTHR12848.orig.30.pir -              0.026   13.6   0.1     0.033   13.3   0.1   1.1   1   0   0   1   1   1   0 unnamed protein product (macronuclear) [Paramecium tetraurelia]
CAK77738.1           -          PTHR12848.orig.30.pir -              0.029   13.5   2.7      0.04   13.0   2.7   1.3   1   1   0   1   1   1   0 unnamed protein product (macronuclear) [Paramecium tetraurelia]
CAK85039.1           -          PTHR12848.orig.30.pir -               0.03   13.4   0.1     0.033   13.3   0.1   1.2   1   0   0   1   1   1   0 unnamed protein product (macronuclear) [Paramecium tetraurelia]
CAK70269.1           -          PTHR12848.orig.30.pir -               0.03   13.4   0.0       0.3   10.1   0.0   2.4   1   1   0   1   1   1   0 unnamed protein product (macronuclear) [Paramecium tetraurelia]
CAK63690.1           -          PTHR12848.orig.30.pir -              0.034   13.3   0.0     0.037   13.2   0.0   1.0   1   0   0   1   1   1   0 unnamed protein product (macronuclear) [Paramecium tetraurelia]
CAK91037.1           -          PTHR12848.orig.30.pir -              0.036   13.2   0.0      0.42    9.6   0.0   1.9   1   1   1   2   2   2   0 unnamed protein product (macronuclear) [Paramecium tetraurelia]
CAK62993.1           -          PTHR12848.orig.30.pir -              0.055   12.6  22.2     0.067   12.3  22.2   1.2   1   0   0   1   1   1   0 unnamed protein product (macronuclear) [Paramecium tetraurelia]
CAK64356.1           -          PTHR12848.orig.30.pir -              0.057   12.5   0.0     0.057   12.5   0.0   1.0   1   0   0   1   1   1   0 unnamed protein product (macronuclear) [Paramecium tetraurelia]
CAK90550.1           -          PTHR12848.orig.30.pir -              0.059   12.5   0.1      0.21   10.6   0.0   1.6   1   1   0   2   2   1   0 unnamed protein product (macronuclear) [Paramecium tetraurelia]
CAK74159.1           -          PTHR12848.orig.30.pir -               0.06   12.4   0.5      0.33   10.0   0.3   1.9   1   1   0   2   2   2   0 unnamed protein product (macronuclear) [Paramecium tetraurelia]
CAK80021.1           -          PTHR12848.orig.30.pir -              0.066   12.3   0.1     0.073   12.2   0.1   1.1   1   0   0   1   1   1   0 unnamed protein product (macronuclear) [Paramecium tetraurelia]
CAK85691.1           -          PTHR12848.orig.30.pir -              0.066   12.3   0.0     0.066   12.3   0.0   2.0   1   1   0   2   2   1   0 unnamed protein product (macronuclear) [Paramecium tetraurelia]
CAK60122.1           -          PTHR12848.orig.30.pir -              0.082   12.0   2.7      0.11   11.6   2.7   1.1   1   0   0   1   1   1   0 unnamed protein product (macronuclear) [Paramecium tetraurelia]
CAK72360.1           -          PTHR12848.orig.30.pir -              0.093   11.8   0.4      0.69    8.9   0.4   2.0   1   1   0   1   1   1   0 unnamed protein product (macronuclear) [Paramecium tetraurelia]
CAK79589.1           -          PTHR12848.orig.30.pir -               0.11   11.5   1.1      0.12   11.4   1.1   1.1   1   0   0   1   1   1   0 unnamed protein product (macronuclear) [Paramecium tetraurelia]
CAK83384.1           -          PTHR12848.orig.30.pir -               0.11   11.5   0.6      0.18   10.8   0.6   1.5   1   1   0   1   1   1   0 unnamed protein product (macronuclear) [Paramecium tetraurelia]
CAK69294.1           -          PTHR12848.orig.30.pir -               0.12   11.4   0.2      0.38    9.8   0.2   2.0   1   1   0   1   1   1   0 unnamed protein product (macronuclear) [Paramecium tetraurelia]
CAK56543.1           -          PTHR12848.orig.30.pir -               0.13   11.3   1.1      0.25   10.4   1.1   1.5   1   1   0   1   1   1   0 unnamed protein product (macronuclear) [Paramecium tetraurelia]
CAK95226.1           -          PTHR12848.orig.30.pir -               0.15   11.2   0.6      0.46    9.5   0.0   1.8   2   0   0   2   2   2   0 unnamed protein product (macronuclear) [Paramecium tetraurelia]
CAK79604.1           -          PTHR12848.orig.30.pir -               0.17   10.9   0.0      0.42    9.7   0.0   1.4   1   1   0   1   1   1   0 unnamed protein product, partial (macronuclear) [Paramecium tetraurelia]
CAK67869.1           -          PTHR12848.orig.30.pir -               0.19   10.8   0.0      0.19   10.7   0.0   1.0   1   0   0   1   1   1   0 unnamed protein product (macronuclear) [Paramecium tetraurelia]
CAK67140.1           -          PTHR12848.orig.30.pir -               0.19   10.8  19.0       0.2   10.7  19.0   1.0   1   0   0   1   1   1   0 unnamed protein product (macronuclear) [Paramecium tetraurelia]
CAK61205.1           -          PTHR12848.orig.30.pir -                0.2   10.7   2.1       0.3   10.1   2.1   1.3   1   0   0   1   1   1   0 unnamed protein product (macronuclear) [Paramecium tetraurelia]
CAK64989.1           -          PTHR12848.orig.30.pir -               0.24   10.4   1.7      0.35    9.9   1.7   1.2   1   0   0   1   1   1   0 unnamed protein product (macronuclear) [Paramecium tetraurelia]
CAK79335.1           -          PTHR12848.orig.30.pir -               0.29   10.2  13.9       1.1    8.3   0.0   2.1   1   1   0   2   2   2   0 unnamed protein product (macronuclear) [Paramecium tetraurelia]
CAK66661.1           -          PTHR12848.orig.30.pir -               0.53    9.3   9.9      0.54    9.3   5.8   2.4   2   1   0   2   2   1   0 unnamed protein product (macronuclear) [Paramecium tetraurelia]
CAK66417.1           -          PTHR12848.orig.30.pir -               0.58    9.2  13.9      0.96    8.4  13.9   1.2   1   0   0   1   1   1   0 unnamed protein product (macronuclear) [Paramecium tetraurelia]
CAK72120.1           -          PTHR12848.orig.30.pir -               0.81    8.7  13.9       1.3    8.0  13.9   1.2   1   0   0   1   1   1   0 unnamed protein product (macronuclear) [Paramecium tetraurelia]
CAK80526.1           -          PTHR12848.orig.30.pir -               0.88    8.6  19.2         1    8.3  19.2   1.2   1   0   0   1   1   1   0 unnamed protein product (macronuclear) [Paramecium tetraurelia]
CAK64506.1           -          PTHR12848.orig.30.pir -                1.4    7.9  26.5       1.6    7.7  26.5   1.0   1   0   0   1   1   1   0 unnamed protein product (macronuclear) [Paramecium tetraurelia]
CAK85143.1           -          PTHR12848.orig.30.pir -                1.8    7.5  19.0         2    7.4  19.0   1.0   1   0   0   1   1   1   0 unnamed protein product (macronuclear) [Paramecium tetraurelia]
CAK56115.1           -          PTHR12848.orig.30.pir -                2.3    7.2  29.6       2.9    6.9  29.6   1.2   1   0   0   1   1   1   0 unnamed protein product (macronuclear) [Paramecium tetraurelia]
CAK71268.1           -          PTHR12848.orig.30.pir -                2.9    6.9  12.8      0.43    9.6   4.0   2.9   1   1   1   2   2   2   0 unnamed protein product (macronuclear) [Paramecium tetraurelia]
CAK65107.1           -          PTHR12848.orig.30.pir -                  3    6.8  12.6         5    6.1  12.6   1.2   1   0   0   1   1   1   0 unnamed protein product (macronuclear) [Paramecium tetraurelia]
CAK61244.1           -          PTHR12848.orig.30.pir -                3.6    6.6  17.9         4    6.4  17.9   1.0   1   0   0   1   1   1   0 unnamed protein product (macronuclear) [Paramecium tetraurelia]
CAK56316.1           -          PTHR12848.orig.30.pir -                9.3    5.2  26.4       9.6    5.1  26.4   1.1   1   0   0   1   1   1   0 unnamed protein product (macronuclear) [Paramecium tetraurelia]
#
# Program:         hmmsearch
# Version:         3.4 (Aug 2023)
# Pipeline mode:   SEARCH
# Query file:      /share/korflab/project/torture/Analysis/HMMs/RAPTOR_FULL.hmm
# Target file:     /share/korflab/project/torture/Analysis/Proteomes/Alveolata/Alveolata-genome-proteins/ncbi_dataset/data/GCA_000165425.1/protein.faa
# Option settings: hmmsearch --tblout /share/korflab/project/torture/Analysis/HMMER_Output/Alveolata/RAPTOR/GCA_000165425.1_RAPTOR_FULL.out /share/korflab/project/torture/Analysis/HMMs/RAPTOR_FULL.hmm /share/korflab/project/torture/Analysis/Proteomes/Alveolata/Alveolata-genome-proteins/ncbi_dataset/data/GCA_000165425.1/protein.faa 
# Current dir:     /share/korflab/project/torture/Analysis
# Date:            Mon Oct  7 11:27:58 2024
# [ok]
