#                                                                --- full sequence ---- --- best 1 domain ---- --- domain number estimation ----
# target name        accession  query name            accession    E-value  score  bias   E-value  score  bias   exp reg clu  ov env dom rep inc description of target
#------------------- ----------  -------------------- ---------- --------- ------ ----- --------- ------ -----   --- --- --- --- --- --- --- --- ---------------------
ESS28837.1           -          PTHR12848.orig.30.pir -            1.9e-19   68.2   0.7   9.8e-13   45.9   0.1   2.5   1   1   1   2   2   2   2 WD domain, G-beta repeat-containing protein [Toxoplasma gondii VEG]
ESS35827.1           -          PTHR12848.orig.30.pir -            6.9e-17   59.7   0.0   5.9e-10   36.7   0.0   3.8   2   2   1   3   3   3   3 WD domain, G-beta repeat-containing protein [Toxoplasma gondii VEG]
ESS29843.1           -          PTHR12848.orig.30.pir -              1e-16   59.1   0.1   3.1e-10   37.7   0.0   2.3   1   1   1   2   2   2   2 WD domain, G-beta repeat domain containing protein [Toxoplasma gondii VEG]
ESS34939.1           -          PTHR12848.orig.30.pir -            1.6e-15   55.2   0.1   1.3e-14   52.2   0.1   1.9   1   1   0   1   1   1   1 U5 snRNP-specific protein [Toxoplasma gondii VEG]
ESS31430.1           -          PTHR12848.orig.30.pir -            1.1e-14   52.4   0.0   5.3e-09   33.6   0.0   2.5   1   1   2   3   3   3   2 putative coatomer protein complex, subunit alpha [Toxoplasma gondii VEG]
ESS35918.1           -          PTHR12848.orig.30.pir -            3.1e-14   50.9   0.3     4e-14   50.5   0.3   1.1   1   0   0   1   1   1   1 mRNA export protein [Toxoplasma gondii VEG]
ESS34980.1           -          PTHR12848.orig.30.pir -            3.7e-14   50.7   0.0   5.1e-14   50.2   0.0   1.1   1   0   0   1   1   1   1 WD domain, G-beta repeat-containing protein [Toxoplasma gondii VEG]
ESS34653.1           -          PTHR12848.orig.30.pir -            2.3e-12   44.7   0.1   1.5e-05   22.1   0.0   2.1   1   1   1   2   2   2   2 WD domain, G-beta repeat-containing protein [Toxoplasma gondii VEG]
ESS31660.1           -          PTHR12848.orig.30.pir -            4.4e-12   43.8  17.2     6e-12   43.3  17.2   1.1   1   0   0   1   1   1   1 WD domain, G-beta repeat-containing protein [Toxoplasma gondii VEG]
ESS34634.1           -          PTHR12848.orig.30.pir -            5.9e-12   43.4   0.0   8.1e-12   42.9   0.0   1.3   1   0   0   1   1   1   1 putative guanine nucleotide-binding protein [Toxoplasma gondii VEG]
ESS33036.1           -          PTHR12848.orig.30.pir -            9.6e-12   42.7   0.1   1.2e-11   42.4   0.1   1.1   1   0   0   1   1   1   1 WD domain, G-beta repeat-containing protein [Toxoplasma gondii VEG]
ESS28769.1           -          PTHR12848.orig.30.pir -            1.6e-11   41.9   3.5   4.2e-09   33.9   2.0   2.3   1   1   1   2   2   2   2 guanine nucleotide-binding protein [Toxoplasma gondii VEG]
ESS34050.1           -          PTHR12848.orig.30.pir -            2.4e-11   41.4   0.0   5.5e-11   40.2   0.0   1.5   1   1   0   1   1   1   1 mitotic checkpoint protein, BUB3 family protein [Toxoplasma gondii VEG]
ESS28528.1           -          PTHR12848.orig.30.pir -              4e-11   40.6   7.2   1.7e-06   25.3   0.0   3.3   3   0   0   3   3   3   2 putative ribosome biogenesis protein BOP1 [Toxoplasma gondii VEG]
ESS30305.1           -          PTHR12848.orig.30.pir -            1.1e-10   39.2   0.6   7.4e-09   33.1   0.2   2.2   1   1   1   2   2   2   1 putative dynein intermediate chain [Toxoplasma gondii VEG]
ESS30349.1           -          PTHR12848.orig.30.pir -            1.3e-10   38.9   0.0   3.1e-08   31.0   0.2   2.0   1   1   1   2   2   2   1 putative WD repeat-containing protein 92 [Toxoplasma gondii VEG]
ESS32204.1           -          PTHR12848.orig.30.pir -            1.7e-10   38.6   0.0   4.7e-09   33.8   0.0   2.5   1   1   0   1   1   1   1 flagellar associated protein [Toxoplasma gondii VEG]
ESS31591.1           -          PTHR12848.orig.30.pir -            2.5e-10   37.9   0.2   3.6e-10   37.5   0.2   1.2   1   0   0   1   1   1   1 WD domain, G-beta repeat-containing protein [Toxoplasma gondii VEG]
ESS33666.1           -          PTHR12848.orig.30.pir -              8e-10   36.3   0.8   2.6e-09   34.6   0.0   1.7   1   1   0   2   2   2   1 G-protein beta WD-40 repeat containing protein [Toxoplasma gondii VEG]
ESS34151.1           -          PTHR12848.orig.30.pir -            2.8e-09   34.5   7.7   8.6e-09   32.9   7.7   1.9   1   1   0   1   1   1   1 RbAp46 [Toxoplasma gondii VEG]
ESS31679.1           -          PTHR12848.orig.30.pir -            3.6e-09   34.1   0.1   8.2e-09   32.9   0.0   1.4   1   1   0   1   1   1   1 WD domain, G-beta repeat-containing protein [Toxoplasma gondii VEG]
ESS31894.1           -          PTHR12848.orig.30.pir -            8.9e-09   32.8   0.1   1.7e-08   31.9   0.1   1.4   1   0   0   1   1   1   1 WD domain, G-beta repeat-containing protein [Toxoplasma gondii VEG]
ESS31188.1           -          PTHR12848.orig.30.pir -            9.5e-09   32.7   0.0   5.6e-08   30.2   0.0   1.9   1   1   0   1   1   1   1 putative notchless [Toxoplasma gondii VEG]
ESS30845.1           -          PTHR12848.orig.30.pir -            9.7e-09   32.7   0.1   1.6e-08   32.0   0.1   1.3   1   0   0   1   1   1   1 putative COPI protein [Toxoplasma gondii VEG]
ESS35842.1           -          PTHR12848.orig.30.pir -            1.3e-08   32.3   0.5   0.00037   17.5   0.0   2.2   1   1   1   2   2   2   2 Sof1 family domain-containing protein [Toxoplasma gondii VEG]
ESS33052.1           -          PTHR12848.orig.30.pir -              2e-08   31.7   0.0   3.1e-08   31.0   0.0   1.3   1   0   0   1   1   1   1 WD domain, G-beta repeat-containing protein [Toxoplasma gondii VEG]
ESS31366.1           -          PTHR12848.orig.30.pir -            2.3e-08   31.5   8.4     4e-08   30.7   8.1   1.5   1   1   0   1   1   1   1 WD domain, G-beta repeat-containing protein [Toxoplasma gondii VEG]
ESS35718.1           -          PTHR12848.orig.30.pir -            3.2e-08   31.0   9.0   1.4e-05   22.2   0.1   3.0   3   0   0   3   3   3   2 HEAT repeat-containing protein [Toxoplasma gondii VEG]
ESS36434.1           -          PTHR12848.orig.30.pir -            3.6e-08   30.8   0.0   3.2e-05   21.1   0.0   2.1   1   1   1   2   2   2   2 hypothetical protein TGVEG_268350 [Toxoplasma gondii VEG]
ESS31534.1           -          PTHR12848.orig.30.pir -            3.9e-08   30.7   0.1   4.9e-08   30.4   0.1   1.3   1   0   0   1   1   1   1 WD domain, G-beta repeat-containing protein [Toxoplasma gondii VEG]
ESS33925.1           -          PTHR12848.orig.30.pir -            4.5e-08   30.5   0.0   5.4e-08   30.2   0.0   1.1   1   0   0   1   1   1   1 WD-40 repeat protein [Toxoplasma gondii VEG]
ESS33839.1           -          PTHR12848.orig.30.pir -            1.7e-07   28.6   0.2   2.7e-07   27.9   0.2   1.2   1   0   0   1   1   1   1 putative intraflagellar transport protein 172 [Toxoplasma gondii VEG]
ESS32773.1           -          PTHR12848.orig.30.pir -            1.8e-07   28.5   0.0   8.1e-06   23.0   0.0   2.4   1   1   0   1   1   1   1 WD domain, G-beta repeat-containing protein [Toxoplasma gondii VEG]
ESS30234.1           -          PTHR12848.orig.30.pir -            4.6e-07   27.2   0.1   2.5e-06   24.7   0.1   1.9   1   1   0   1   1   1   1 putative importin alpha [Toxoplasma gondii VEG]
ESS36296.1           -          PTHR12848.orig.30.pir -            7.5e-07   26.5   0.0   0.00073   16.6   0.0   2.3   1   1   1   2   2   2   2 WD domain, G-beta repeat-containing protein [Toxoplasma gondii VEG]
ESS30052.1           -          PTHR12848.orig.30.pir -              9e-07   26.2   0.0   2.4e-06   24.8   0.0   1.7   1   1   0   1   1   1   1 WD domain, G-beta repeat-containing protein [Toxoplasma gondii VEG]
ESS36424.1           -          PTHR12848.orig.30.pir -            9.4e-07   26.1   0.0   1.2e-06   25.7   0.0   1.2   1   0   0   1   1   1   1 WD domain, G-beta repeat-containing protein [Toxoplasma gondii VEG]
ESS33002.1           -          PTHR12848.orig.30.pir -            1.4e-06   25.6   0.0   7.1e-05   19.9   0.0   2.6   3   0   0   3   3   3   1 WD domain, G-beta repeat-containing protein [Toxoplasma gondii VEG]
ESS28064.1           -          PTHR12848.orig.30.pir -            8.3e-06   23.0   1.1   0.00033   17.7   0.0   2.7   2   1   1   3   3   3   1 cytoplasmic dynein intermediate chain [Toxoplasma gondii VEG]
ESS31177.1           -          PTHR12848.orig.30.pir -            9.9e-06   22.7   4.4   0.00047   17.2   0.3   2.2   2   0   0   2   2   2   2 HEAT repeat-containing protein [Toxoplasma gondii VEG]
ESS32415.1           -          PTHR12848.orig.30.pir -            1.5e-05   22.1   0.0   1.9e-05   21.8   0.0   1.1   1   0   0   1   1   1   1 WD domain, G-beta repeat-containing protein [Toxoplasma gondii VEG]
ESS34702.1           -          PTHR12848.orig.30.pir -            1.9e-05   21.8   0.0   0.00013   19.0   0.2   1.9   1   1   1   2   2   2   1 transducin beta-like protein TBL1 [Toxoplasma gondii VEG]
ESS33710.1           -          PTHR12848.orig.30.pir -            3.2e-05   21.1   2.5   0.00014   19.0   1.4   1.9   1   1   0   1   1   1   1 WD domain, G-beta repeat-containing protein [Toxoplasma gondii VEG]
ESS36258.1           -          PTHR12848.orig.30.pir -            4.4e-05   20.6   0.1   9.8e-05   19.4   0.1   1.6   1   0   0   1   1   1   1 WD domain, G-beta repeat-containing protein [Toxoplasma gondii VEG]
ESS29919.1           -          PTHR12848.orig.30.pir -            6.5e-05   20.0   5.0    0.0001   19.4   5.0   1.3   1   0   0   1   1   1   1 putative sperm associated antigen 6 [Toxoplasma gondii VEG]
ESS35244.1           -          PTHR12848.orig.30.pir -            8.1e-05   19.7   0.0   8.1e-05   19.7   0.0   2.5   2   1   1   3   3   2   1 WD domain, G-beta repeat-containing protein [Toxoplasma gondii VEG]
ESS29777.1           -          PTHR12848.orig.30.pir -            8.1e-05   19.7   0.0   8.3e-05   19.7   0.0   1.2   1   0   0   1   1   1   1 WD domain, G-beta repeat-containing protein [Toxoplasma gondii VEG]
ESS35527.1           -          PTHR12848.orig.30.pir -            9.2e-05   19.5   1.4   0.00014   18.9   0.1   1.8   2   1   0   2   2   2   1 HEAT repeat-containing protein [Toxoplasma gondii VEG]
ESS31061.1           -          PTHR12848.orig.30.pir -            9.5e-05   19.5  13.4     0.019   11.9   0.0   3.5   2   2   1   3   3   2   2 WD domain, G-beta repeat-containing protein [Toxoplasma gondii VEG]
ESS36470.1           -          PTHR12848.orig.30.pir -            0.00013   19.0  12.7   0.00033   17.7  12.6   1.7   1   1   0   1   1   1   1 WD domain, G-beta repeat-containing protein [Toxoplasma gondii VEG]
ESS33751.1           -          PTHR12848.orig.30.pir -            0.00016   18.8   1.0     0.055   10.3   1.2   2.2   1   1   0   2   2   2   1 HEAT repeat-containing protein [Toxoplasma gondii VEG]
ESS33134.1           -          PTHR12848.orig.30.pir -            0.00023   18.2   0.0   0.00056   16.9   0.0   1.5   1   1   0   1   1   1   1 WD domain, G-beta repeat-containing protein [Toxoplasma gondii VEG]
ESS31489.1           -          PTHR12848.orig.30.pir -             0.0003   17.9   0.6   0.00094   16.2   0.0   1.8   1   1   0   2   2   2   1 WD domain, G-beta repeat-containing protein [Toxoplasma gondii VEG]
ESS33884.1           -          PTHR12848.orig.30.pir -            0.00035   17.6   0.2    0.0045   13.9   0.0   1.8   1   1   0   1   1   1   1 putative eukaryotic initiation factor-3, delta subunit [Toxoplasma gondii VEG]
ESS32726.1           -          PTHR12848.orig.30.pir -            0.00095   16.2   1.5    0.0015   15.5   0.0   2.0   2   0   0   2   2   2   1 hypothetical protein TGVEG_228100 [Toxoplasma gondii VEG]
ESS35479.1           -          PTHR12848.orig.30.pir -            0.00096   16.2   1.3   0.00096   16.2   1.3   3.4   2   1   1   3   3   2   2 condensin complex subunit 1 [Toxoplasma gondii VEG]
ESS35720.1           -          PTHR12848.orig.30.pir -             0.0011   16.0   0.0       4.3    4.1   0.8   4.2   2   1   0   3   3   3   0 putative GCN1 [Toxoplasma gondii VEG]
ESS32855.1           -          PTHR12848.orig.30.pir -             0.0012   15.9   0.8      0.02   11.8   0.8   2.8   1   1   0   1   1   1   1 WD domain, G-beta repeat-containing protein [Toxoplasma gondii VEG]
ESS30262.1           -          PTHR12848.orig.30.pir -             0.0016   15.5   0.0    0.0033   14.4   0.0   1.5   1   1   0   1   1   1   1 WD domain, G-beta repeat-containing protein [Toxoplasma gondii VEG]
ESS34890.1           -          PTHR12848.orig.30.pir -             0.0024   14.8   0.1    0.0045   13.9   0.1   1.4   1   0   0   1   1   1   1 WD domain, G-beta repeat-containing protein [Toxoplasma gondii VEG]
ESS30792.1           -          PTHR12848.orig.30.pir -             0.0051   13.8   0.1    0.0097   12.8   0.1   1.5   1   0   0   1   1   1   1 WD domain, G-beta repeat-containing protein [Toxoplasma gondii VEG]
ESS28691.1           -          PTHR12848.orig.30.pir -             0.0061   13.5   1.1     0.068   10.0   0.1   2.2   2   0   0   2   2   2   1 HEAT repeat-containing protein [Toxoplasma gondii VEG]
ESS29874.1           -          PTHR12848.orig.30.pir -              0.007   13.3   0.0     0.018   12.0   0.0   1.5   1   1   0   1   1   1   1 peptidylprolyl isomerase domain-containing protein [Toxoplasma gondii VEG]
ESS31163.1           -          PTHR12848.orig.30.pir -              0.018   11.9   0.0     0.062   10.2   0.0   1.6   1   1   0   1   1   1   0 hypothetical protein TGVEG_215180 [Toxoplasma gondii VEG]
ESS30549.1           -          PTHR12848.orig.30.pir -              0.033   11.1   0.2     0.035   11.0   0.2   1.0   1   0   0   1   1   1   0 hypothetical protein TGVEG_284570 [Toxoplasma gondii VEG]
ESS29181.1           -          PTHR12848.orig.30.pir -              0.036   10.9   0.1     0.054   10.4   0.1   1.3   1   0   0   1   1   1   0 HEAT repeat-containing protein [Toxoplasma gondii VEG]
ESS29027.1           -          PTHR12848.orig.30.pir -              0.082    9.8   4.1      0.14    9.0   4.1   1.3   1   0   0   1   1   1   0 HEAT repeat-containing protein [Toxoplasma gondii VEG]
ESS28403.1           -          PTHR12848.orig.30.pir -               0.18    8.6  26.3       0.2    8.5  26.3   1.1   1   0   0   1   1   1   0 hypothetical protein TGVEG_299980 [Toxoplasma gondii VEG]
ESS30467.1           -          PTHR12848.orig.30.pir -               0.24    8.2   0.0      0.24    8.2   0.0   2.1   1   1   1   2   2   1   0 WD domain, G-beta repeat protein [Toxoplasma gondii VEG]
ESS35029.1           -          PTHR12848.orig.30.pir -               0.36    7.7  11.9      0.38    7.6  11.9   1.1   1   0   0   1   1   1   0 hypothetical protein TGVEG_312490 [Toxoplasma gondii VEG]
ESS33739.1           -          PTHR12848.orig.30.pir -               0.39    7.5  15.7     0.017   12.1   9.7   1.6   2   0   0   2   2   2   0 tetratricopeptide repeat-containing protein [Toxoplasma gondii VEG]
ESS32510.1           -          PTHR12848.orig.30.pir -                1.1    6.0   6.3       1.5    5.6   6.3   1.1   1   0   0   1   1   1   0 hypothetical protein TGVEG_225830 [Toxoplasma gondii VEG]
ESS34341.1           -          PTHR12848.orig.30.pir -                1.3    5.8  10.1       2.5    4.9   4.2   2.0   2   0   0   2   2   2   0 Pex2/Pex12 amino terminal region protein [Toxoplasma gondii VEG]
ESS32551.1           -          PTHR12848.orig.30.pir -                1.7    5.4  13.4       2.1    5.1  13.4   1.1   1   0   0   1   1   1   0 hypothetical protein TGVEG_225330 [Toxoplasma gondii VEG]
ESS35407.1           -          PTHR12848.orig.30.pir -                  2    5.2  28.3       2.1    5.1  28.3   1.0   1   0   0   1   1   1   0 hypothetical protein TGVEG_314760 [Toxoplasma gondii VEG]
ESS31800.1           -          PTHR12848.orig.30.pir -                2.1    5.1  11.4       2.8    4.7  11.4   1.1   1   0   0   1   1   1   0 putative pre-mRNA-processing protein 8 [Toxoplasma gondii VEG]
ESS30159.1           -          PTHR12848.orig.30.pir -                3.1    4.5   5.8       3.6    4.3   5.8   1.0   1   0   0   1   1   1   0 acetyltransferase, GNAT family protein [Toxoplasma gondii VEG]
ESS30065.1           -          PTHR12848.orig.30.pir -                6.3    3.5   7.1       7.6    3.3   7.1   1.0   1   0   0   1   1   1   0 brix domain-containing protein [Toxoplasma gondii VEG]
ESS29591.1           -          PTHR12848.orig.30.pir -                6.4    3.5  10.6       7.4    3.3  10.6   1.0   1   0   0   1   1   1   0 hypothetical protein TGVEG_321550 [Toxoplasma gondii VEG]
#
# Program:         hmmsearch
# Version:         3.4 (Aug 2023)
# Pipeline mode:   SEARCH
# Query file:      /share/korflab/project/torture/Analysis/HMMs/RAPTOR_FULL.hmm
# Target file:     /share/korflab/project/torture/Analysis/Proteomes/Alveolata/Alveolata-genome-proteins/ncbi_dataset/data/GCA_000150015.2/protein.faa
# Option settings: hmmsearch --tblout /share/korflab/project/torture/Analysis/HMMER_Output/Alveolata/RAPTOR/GCA_000150015.2_RAPTOR_FULL.out /share/korflab/project/torture/Analysis/HMMs/RAPTOR_FULL.hmm /share/korflab/project/torture/Analysis/Proteomes/Alveolata/Alveolata-genome-proteins/ncbi_dataset/data/GCA_000150015.2/protein.faa 
# Current dir:     /share/korflab/project/torture/Analysis
# Date:            Mon Oct  7 11:27:50 2024
# [ok]
