#                                                                --- full sequence ---- --- best 1 domain ---- --- domain number estimation ----
# target name        accession  query name            accession    E-value  score  bias   E-value  score  bias   exp reg clu  ov env dom rep inc description of target
#------------------- ----------  -------------------- ---------- --------- ------ ----- --------- ------ -----   --- --- --- --- --- --- --- --- ---------------------
EAZ51462.1           -          PTHR12848.orig.30.pir -            1.5e-18   64.1   1.3   7.7e-09   31.9   0.8   3.9   1   1   2   4   4   4   3 coatomer protein complex subunit alpha, putative, partial [Cryptosporidium parvum Iowa II]
EAK87924.1           -          PTHR12848.orig.30.pir -              5e-18   62.3   0.4   6.2e-18   62.0   0.4   1.0   1   0   0   1   1   1   1 WD repeat protein, partial [Cryptosporidium parvum Iowa II]
EAZ51283.1           -          PTHR12848.orig.30.pir -            3.4e-15   53.0   1.6   4.1e-15   52.7   1.6   1.1   1   0   0   1   1   1   1 WD-40 repeat protein family / small nuclear ribonucleoprotein Prp4p-related [Cryptosporidium parvum Iowa II]
EAZ51533.1           -          PTHR12848.orig.30.pir -            4.5e-15   52.6   0.0   5.6e-07   25.7   0.0   2.2   1   1   1   2   2   2   2 putative WD-40 repeat protein [Cryptosporidium parvum Iowa II]
EAZ51591.1           -          PTHR12848.orig.30.pir -            5.1e-15   52.4   0.3     3e-09   33.3   0.1   2.7   1   1   2   3   3   3   2 pleiotropic regulator 1 [Cryptosporidium parvum Iowa II]
EAK90650.1           -          PTHR12848.orig.30.pir -            9.6e-15   51.5   4.1     1e-14   51.4   0.2   2.1   2   0   0   2   2   2   1 coatomer complex beta, partial [Cryptosporidium parvum Iowa II]
EAZ51333.1           -          PTHR12848.orig.30.pir -            2.1e-14   50.3   5.0   1.3e-13   47.7   3.5   1.9   1   1   1   2   2   2   1 transducin / WD-40 repeat protein family [Cryptosporidium parvum Iowa II]
EAK88601.1           -          PTHR12848.orig.30.pir -            5.9e-14   48.8   0.2   5.5e-13   45.6   0.2   1.9   1   1   0   1   1   1   1 WD40 repeat protein, predicted histone deacetylase subunit [Cryptosporidium parvum Iowa II]
EAK88719.1           -          PTHR12848.orig.30.pir -            1.8e-13   47.2   2.0     2e-10   37.2   0.1   3.2   1   1   2   3   3   3   2 large WD repeat protein [Cryptosporidium parvum Iowa II]
EAK87830.1           -          PTHR12848.orig.30.pir -            4.9e-13   45.8   0.1   4.4e-08   29.4   0.0   2.1   1   1   1   2   2   2   2 PWP1 family protein with WD40 repeats [Cryptosporidium parvum Iowa II]
EAK89680.1           -          PTHR12848.orig.30.pir -            9.2e-13   44.9   0.0   5.1e-06   22.6   0.0   3.2   1   1   2   3   3   3   3 11x WD40 repeats containing protein of plant origin, partial [Cryptosporidium parvum Iowa II]
EAK87643.1           -          PTHR12848.orig.30.pir -            2.5e-12   43.4   0.0   4.7e-08   29.3   0.0   2.7   1   1   1   2   2   2   2 WD repeat protein [Cryptosporidium parvum Iowa II]
EAK88290.1           -          PTHR12848.orig.30.pir -            5.6e-12   42.3   0.6   6.9e-12   42.0   0.6   1.1   1   0   0   1   1   1   1 conserved hypothetical protein [Cryptosporidium parvum Iowa II]
EAK87920.1           -          PTHR12848.orig.30.pir -              6e-12   42.2   0.8   6.8e-12   42.0   0.8   1.2   1   0   0   1   1   1   1 WD repeat protein, partial [Cryptosporidium parvum Iowa II]
EAK90489.1           -          PTHR12848.orig.30.pir -              1e-11   41.5   2.7   3.5e-11   39.7   1.9   2.0   1   1   1   2   2   2   1 WD40 protein [Cryptosporidium parvum Iowa II]
EAZ51411.1           -          PTHR12848.orig.30.pir -            2.3e-11   40.3   3.2   1.9e-08   30.6   1.8   2.3   1   1   0   2   2   2   2 eukaryotic ribosome biogenesis; Erb1p, putative, partial [Cryptosporidium parvum Iowa II]
EAK89621.1           -          PTHR12848.orig.30.pir -            5.9e-11   38.9   0.4   2.4e-10   36.9   0.4   1.7   1   1   0   1   1   1   1 WD repeats containing protein [Cryptosporidium parvum Iowa II]
EAK87655.1           -          PTHR12848.orig.30.pir -            9.2e-11   38.3   0.3   6.9e-10   35.4   0.0   1.6   1   1   0   1   1   1   1 WD repeat protein [Cryptosporidium parvum Iowa II]
EAZ51399.1           -          PTHR12848.orig.30.pir -            9.9e-11   38.2   0.1   1.8e-05   20.8   0.0   2.1   1   1   1   2   2   2   2 WD-40 repeat protein, putative [Cryptosporidium parvum Iowa II]
EAZ51383.1           -          PTHR12848.orig.30.pir -            1.9e-10   37.2   2.3   3.5e-09   33.0   2.9   2.0   1   1   1   2   2   2   2 guanine nucleotide-binding protein, putative [Cryptosporidium parvum Iowa II]
EAK88156.1           -          PTHR12848.orig.30.pir -            2.7e-10   36.7   0.1   3.5e-10   36.4   0.1   1.1   1   0   0   1   1   1   1 WD repeat protein [Cryptosporidium parvum Iowa II]
EAK89287.1           -          PTHR12848.orig.30.pir -            1.2e-09   34.6   4.3   1.5e-09   34.2   4.3   1.0   1   0   0   1   1   1   1 Rrp9p/U3-55K-family snoRNP-associated protein with several WD40 repeats, partial [Cryptosporidium parvum Iowa II]
EAZ51479.1           -          PTHR12848.orig.30.pir -            4.1e-09   32.8   0.7   5.3e-09   32.5   0.7   1.0   1   0   0   1   1   1   1 RIKEN cDNA 9430077D24 gene, putative [Cryptosporidium parvum Iowa II]
EAK87574.1           -          PTHR12848.orig.30.pir -            1.7e-08   30.8   0.9   9.3e-08   28.3   0.8   1.9   1   1   0   1   1   1   1 WD40 repeat protein [Cryptosporidium parvum Iowa II]
EAZ51212.1           -          PTHR12848.orig.30.pir -            2.6e-08   30.2   0.3   6.5e-07   25.5   0.3   2.2   1   1   0   1   1   1   1 notchless [Cryptosporidium parvum Iowa II]
EAZ51485.1           -          PTHR12848.orig.30.pir -            4.6e-08   29.3   0.1   5.9e-08   29.0   0.1   1.1   1   0   0   1   1   1   1 ribosomal processing protein, putative [Cryptosporidium parvum Iowa II]
EAK90396.1           -          PTHR12848.orig.30.pir -            5.6e-08   29.1   0.0   0.00026   16.9   0.0   2.0   1   1   1   2   2   2   2 WD40 domain protein [Cryptosporidium parvum Iowa II]
EAK88349.1           -          PTHR12848.orig.30.pir -            1.8e-07   27.4   7.3   1.9e-07   27.3   1.5   2.7   1   1   1   2   2   2   1 beta transducin ortholog with WD40 repeats [Cryptosporidium parvum Iowa II]
EAZ51544.1           -          PTHR12848.orig.30.pir -            8.6e-07   25.1   0.0   3.1e-06   23.3   0.0   1.7   1   1   0   1   1   1   1 mRNA export protein, putative, partial [Cryptosporidium parvum Iowa II]
EAK89085.1           -          PTHR12848.orig.30.pir -            3.6e-06   23.1   0.3   4.8e-06   22.7   0.3   1.3   1   0   0   1   1   1   1 WD repeat protein [Cryptosporidium parvum Iowa II]
EAZ51339.1           -          PTHR12848.orig.30.pir -            6.5e-06   22.2   0.1   0.00017   17.5   0.0   2.0   1   1   1   2   2   2   2 WD40 protein Ciao1 [Cryptosporidium parvum Iowa II]
EAZ51278.1           -          PTHR12848.orig.30.pir -            6.5e-06   22.2   0.0   6.5e-06   22.2   0.0   1.0   1   0   0   1   1   1   1 eukaryotic translation initiation factor 3 37.28 kDa subunit, putative [Cryptosporidium parvum Iowa II]
EAK88343.1           -          PTHR12848.orig.30.pir -            8.8e-06   21.8   0.7   1.1e-05   21.5   0.7   1.1   1   0   0   1   1   1   1 hypothetical protein containing WD40 repeats fused to a RING finger [Cryptosporidium parvum Iowa II]
EAK89961.1           -          PTHR12848.orig.30.pir -            2.1e-05   20.5   3.1     0.014   11.1   0.6   2.0   1   1   1   2   2   2   2 microtubule-associated protein [Cryptosporidium parvum Iowa II]
EAK89707.1           -          PTHR12848.orig.30.pir -            4.6e-05   19.4   0.0   0.00012   18.1   0.0   1.4   1   1   0   1   1   1   1 importin alpha subunit, partial [Cryptosporidium parvum Iowa II]
EAZ51356.1           -          PTHR12848.orig.30.pir -            6.9e-05   18.8   1.3   8.7e-05   18.5   0.0   1.6   2   0   0   2   2   2   1 hypothetical protein cgd1_3270 [Cryptosporidium parvum Iowa II]
EAK90175.1           -          PTHR12848.orig.30.pir -            0.00021   17.2   0.1   0.00024   17.0   0.1   1.0   1   0   0   1   1   1   1 protein with WD40 repeats, partial [Cryptosporidium parvum Iowa II]
EAK90537.1           -          PTHR12848.orig.30.pir -            0.00072   15.4   0.1    0.0015   14.4   0.0   1.4   1   1   0   1   1   1   1 cyclin'cyclophilin like peptidyl-prolyl cis-trans isomerase fused to WD40 repeats at the N-terminus' [Cryptosporidium parvum Iowa II]
EAK89711.1           -          PTHR12848.orig.30.pir -              0.026   10.3   0.1     0.042    9.6   0.1   1.2   1   0   0   1   1   1   0 importin beta like ARM repeat alpha superhelix, partial [Cryptosporidium parvum Iowa II]
EAK90625.1           -          PTHR12848.orig.30.pir -              0.029   10.1   0.0     0.033    9.9   0.0   1.1   1   0   0   1   1   1   0 WD40 protein, partial [Cryptosporidium parvum Iowa II]
EAK88201.1           -          PTHR12848.orig.30.pir -              0.082    8.6  14.7     0.087    8.5  14.7   1.1   1   0   0   1   1   1   0 signal peptide containing protein [Cryptosporidium parvum Iowa II]
EAK89152.1           -          PTHR12848.orig.30.pir -                0.1    8.3  10.6      0.14    7.9  10.6   1.2   1   0   0   1   1   1   0 hypothetical protein having a signal peptide [Cryptosporidium parvum Iowa II]
EAK87955.1           -          PTHR12848.orig.30.pir -               0.12    8.1   6.1      0.15    7.7   6.1   1.2   1   0   0   1   1   1   0 membrane associated thioredoxin [Cryptosporidium parvum Iowa II]
#
# Program:         hmmsearch
# Version:         3.4 (Aug 2023)
# Pipeline mode:   SEARCH
# Query file:      /share/korflab/project/torture/Analysis/HMMs/RAPTOR_FULL.hmm
# Target file:     /share/korflab/project/torture/Analysis/Proteomes/Alveolata/Alveolata-genome-proteins/ncbi_dataset/data/GCA_000165345.1/protein.faa
# Option settings: hmmsearch --tblout /share/korflab/project/torture/Analysis/HMMER_Output/Alveolata/RAPTOR/GCA_000165345.1_RAPTOR_FULL.out /share/korflab/project/torture/Analysis/HMMs/RAPTOR_FULL.hmm /share/korflab/project/torture/Analysis/Proteomes/Alveolata/Alveolata-genome-proteins/ncbi_dataset/data/GCA_000165345.1/protein.faa 
# Current dir:     /share/korflab/project/torture/Analysis
# Date:            Mon Oct  7 11:27:52 2024
# [ok]
