#                                                                --- full sequence ---- --- best 1 domain ---- --- domain number estimation ----
# target name        accession  query name            accession    E-value  score  bias   E-value  score  bias   exp reg clu  ov env dom rep inc description of target
#------------------- ----------  -------------------- ---------- --------- ------ ----- --------- ------ -----   --- --- --- --- --- --- --- --- ---------------------
EDO06647.2           -          PTHR12848.orig.30.pir -            1.4e-19   67.6   1.8   2.9e-19   66.5   1.7   1.4   1   1   0   1   1   1   1 Histone-binding protein RBBP4 or subunit C of CAF1 complex family protein [Babesia bovis T2Bo]
EDO08325.1           -          PTHR12848.orig.30.pir -            4.7e-15   52.6   2.5   9.9e-13   44.8   1.0   2.4   1   1   1   2   2   2   2 WD domain G-beta repeat family protein [Babesia bovis T2Bo]
EDO07048.1           -          PTHR12848.orig.30.pir -            1.1e-13   48.0   0.4   1.4e-08   31.1   0.1   2.1   1   1   1   2   2   2   2 WD domain G-beta repeat family protein [Babesia bovis T2Bo]
EDO06344.1           -          PTHR12848.orig.30.pir -            1.8e-13   47.3   0.0   3.9e-13   46.2   0.0   1.5   1   1   0   1   1   1   1 putative U5 small nuclear ribonucleoprotein 40 kDa protein [Babesia bovis T2Bo]
EDO06895.1           -          PTHR12848.orig.30.pir -              3e-13   46.6   0.0   1.8e-12   44.0   0.0   1.8   1   1   0   1   1   1   1 WD domain G-beta repeat containing protein [Babesia bovis T2Bo]
EDO06260.1           -          PTHR12848.orig.30.pir -              1e-12   44.8   0.6   8.4e-12   41.8   0.6   1.9   1   1   0   1   1   1   1 Receptor of activated protein C kinase (RACK) 1 family protein [Babesia bovis T2Bo]
EDO05712.1           -          PTHR12848.orig.30.pir -            1.2e-12   44.6   0.1   3.3e-12   43.1   0.1   1.6   1   1   0   1   1   1   1 WD domain G-beta repeat family protein [Babesia bovis T2Bo]
EDO06263.2           -          PTHR12848.orig.30.pir -            2.8e-12   43.4   0.3   4.8e-10   36.0   0.2   2.1   1   1   1   2   2   2   1 WD domain G-beta repeat family protein [Babesia bovis T2Bo]
EDO05443.1           -          PTHR12848.orig.30.pir -            4.4e-12   42.7   0.2   8.6e-10   35.1   0.0   2.1   1   1   1   2   2   2   2 WD domain G-beta repeat family protein [Babesia bovis T2Bo]
EDO08551.1           -          PTHR12848.orig.30.pir -            4.7e-12   42.6   2.9   1.3e-08   31.2   0.0   3.2   2   1   2   4   4   4   2 Coatomer WD associated region family protein [Babesia bovis T2Bo]
EDO06336.2           -          PTHR12848.orig.30.pir -            1.9e-11   40.6   0.1   4.3e-06   22.9   0.2   2.8   1   1   1   3   3   3   2 WD domain G-beta repeat family protein [Babesia bovis T2Bo]
EDO06950.1           -          PTHR12848.orig.30.pir -            5.8e-11   39.0   0.8     1e-10   38.2   0.8   1.4   1   1   0   1   1   1   1 Coatomer WD associated region family protein [Babesia bovis T2Bo]
KAG6440084.1         -          PTHR12848.orig.30.pir -            2.3e-10   37.0   0.0   6.3e-09   32.2   0.0   2.0   1   1   1   2   2   2   1 guanine nucleotide-binding protein subunit beta-like protein 1 [Babesia bovis T2Bo]
EDO07770.2           -          PTHR12848.orig.30.pir -            6.1e-10   35.6   0.1   1.4e-07   27.8   0.0   2.1   1   1   0   2   2   2   2 WD domain G-beta repeat family protein [Babesia bovis T2Bo]
EDO07457.1           -          PTHR12848.orig.30.pir -            9.3e-10   35.0   0.1   1.2e-09   34.7   0.1   1.1   1   0   0   1   1   1   1 Histone-binding protein RBBP4/subunit C of CAF1 complex family protein [Babesia bovis T2Bo]
EDO06863.1           -          PTHR12848.orig.30.pir -            1.2e-09   34.7   1.0     1e-06   24.9   0.3   2.3   1   1   1   2   2   2   2 WD domain G-beta repeat containing protein [Babesia bovis T2Bo]
EDO08101.1           -          PTHR12848.orig.30.pir -            1.3e-09   34.6   0.1   3.9e-08   29.6   0.0   2.0   1   1   1   2   2   2   1 WD domain G-beta repeat family protein [Babesia bovis T2Bo]
EDO07541.2           -          PTHR12848.orig.30.pir -            1.6e-09   34.2   0.0   2.1e-09   33.8   0.0   1.1   1   0   0   1   1   1   1 WD domain G-beta repeat family protein [Babesia bovis T2Bo]
EDO08670.2           -          PTHR12848.orig.30.pir -            1.8e-09   34.1   5.3    0.0051   12.7   0.8   4.1   1   1   2   3   3   3   3 WD domain G-beta repeat family protein [Babesia bovis T2Bo]
EDO08463.2           -          PTHR12848.orig.30.pir -              5e-09   32.6   0.3   9.8e-07   25.0   0.1   2.1   1   1   1   2   2   2   2 WD domain G-beta repeat family protein [Babesia bovis T2Bo]
EDO07103.2           -          PTHR12848.orig.30.pir -            8.3e-09   31.9   0.0   1.5e-08   31.0   0.0   1.3   1   1   0   1   1   1   1 hypothetical protein BBOV_IV007470 [Babesia bovis T2Bo]
EDO06636.2           -          PTHR12848.orig.30.pir -              1e-08   31.5   0.1     3e-06   23.4   0.1   2.3   1   1   1   2   2   2   1 WD domain G-beta repeat family protein [Babesia bovis T2Bo]
EDO05375.2           -          PTHR12848.orig.30.pir -            2.1e-08   30.5   0.0   5.8e-08   29.1   0.0   1.5   1   1   0   1   1   1   1 WD domain G-beta repeat domain containing protein [Babesia bovis T2Bo]
EDO05713.1           -          PTHR12848.orig.30.pir -            2.5e-08   30.3   0.0   2.8e-08   30.1   0.0   1.0   1   0   0   1   1   1   1 WD domain G-beta repeat family protein [Babesia bovis T2Bo]
EDO06874.1           -          PTHR12848.orig.30.pir -            2.7e-08   30.1   0.0     9e-06   21.8   0.0   2.0   1   1   1   2   2   2   2 Sof1-like domain family protein [Babesia bovis T2Bo]
EDO06060.1           -          PTHR12848.orig.30.pir -            5.7e-08   29.1   0.0   9.6e-07   25.0   0.0   2.5   1   1   1   2   2   2   1 periodic tryptophan protein 2 family protein [Babesia bovis T2Bo]
EDO07887.2           -          PTHR12848.orig.30.pir -            8.4e-07   25.2   0.8   6.1e-05   19.1   1.6   1.8   1   1   1   2   2   2   1 WD domain G-beta repeat family protein [Babesia bovis T2Bo]
EDO07767.1           -          PTHR12848.orig.30.pir -            2.3e-06   23.8   0.0    0.0018   14.2   0.0   2.6   2   1   1   3   3   3   2 BOP1NT (NUC169) domain family protein [Babesia bovis T2Bo]
EDO07919.1           -          PTHR12848.orig.30.pir -            2.9e-06   23.4   0.0   3.9e-06   23.0   0.0   1.1   1   0   0   1   1   1   1 hypothetical protein BBOV_III003550 [Babesia bovis T2Bo]
EDO06826.1           -          PTHR12848.orig.30.pir -            4.7e-06   22.7   3.6   0.00034   16.6   0.1   2.5   3   0   0   3   3   3   2 hypothetical protein BBOV_IV004650 [Babesia bovis T2Bo]
EDO08488.2           -          PTHR12848.orig.30.pir -            4.8e-06   22.7   0.5   0.00091   15.2   0.1   2.0   1   1   1   2   2   2   2 WD domain G-beta repeat family protein [Babesia bovis T2Bo]
EDO06193.1           -          PTHR12848.orig.30.pir -            6.1e-06   22.4   0.0   1.3e-05   21.3   0.0   1.4   1   1   0   1   1   1   1 WD domain G-beta repeat family protein [Babesia bovis T2Bo]
EDO07837.2           -          PTHR12848.orig.30.pir -            6.1e-06   22.4   0.3   1.7e-05   20.9   0.3   1.6   1   1   0   1   1   1   1 WD domain G-beta repeat family protein [Babesia bovis T2Bo]
EDO06294.1           -          PTHR12848.orig.30.pir -            9.4e-06   21.7   0.0   1.3e-05   21.3   0.0   1.3   1   0   0   1   1   1   1 ribosome biogenesis family protein [Babesia bovis T2Bo]
EDO06435.2           -          PTHR12848.orig.30.pir -            1.1e-05   21.5   0.4   2.2e-05   20.5   0.4   1.5   1   0   0   1   1   1   1 WD domain G-beta repeat family protein [Babesia bovis T2Bo]
EDO08666.2           -          PTHR12848.orig.30.pir -            1.6e-05   20.9   0.7   2.1e-05   20.6   0.7   1.3   1   0   0   1   1   1   1 WD domain G-beta repeat family protein [Babesia bovis T2Bo]
EDO08718.2           -          PTHR12848.orig.30.pir -            1.8e-05   20.8   0.0   1.8e-05   20.8   0.0   1.2   1   0   0   1   1   1   1 WD domain G-beta repeat family protein [Babesia bovis T2Bo]
EDO06678.2           -          PTHR12848.orig.30.pir -            4.5e-05   19.5   0.2   4.7e-05   19.4   0.2   1.1   1   0   0   1   1   1   1 WD domain G-beta repeat family protein [Babesia bovis T2Bo]
EDO08544.1           -          PTHR12848.orig.30.pir -            0.00059   15.8   0.0     0.011   11.5   0.0   2.0   1   1   0   1   1   1   1 armadillo/beta-catenin-like repeat domain containing protein [Babesia bovis T2Bo]
EDO07206.2           -          PTHR12848.orig.30.pir -            0.00061   15.7   0.0    0.0009   15.2   0.0   1.2   1   0   0   1   1   1   1 protein kinase catalytic domain family protein [Babesia bovis T2Bo]
EDO07458.1           -          PTHR12848.orig.30.pir -            0.00098   15.1   5.9    0.0078   12.1   5.9   2.5   1   1   0   1   1   1   1 WD40 repeat myosin-like family protein [Babesia bovis T2Bo]
EDO07784.1           -          PTHR12848.orig.30.pir -             0.0021   14.0   0.0     0.033   10.0   0.0   2.1   1   1   0   1   1   1   1 hypothetical protein BBOV_III002170 [Babesia bovis T2Bo]
EDO05929.1           -          PTHR12848.orig.30.pir -             0.0029   13.5   0.0      0.02   10.7   0.0   2.0   1   1   0   1   1   1   1 WD domain G-beta repeat family protein [Babesia bovis T2Bo]
EDO06119.2           -          PTHR12848.orig.30.pir -              0.016   11.1   0.3     0.038    9.8   0.0   1.8   2   1   0   2   2   2   0 putative rpn2_yeast 26S proteasome regulatory subunit rpn2 [Babesia bovis T2Bo]
EDO07939.1           -          PTHR12848.orig.30.pir -              0.037    9.8   0.0      0.04    9.7   0.0   1.1   1   0   0   1   1   1   0 WD domain G-beta repeat family protein [Babesia bovis T2Bo]
EDO05982.1           -          PTHR12848.orig.30.pir -                0.5    6.1  12.6        42   -0.3  12.6   2.7   1   1   0   1   1   1   0 WD domain G-beta repeat family protein [Babesia bovis T2Bo]
EDO08535.1           -          PTHR12848.orig.30.pir -                8.8    2.0  16.7        11    1.7  16.7   1.1   1   0   0   1   1   1   0 hypothetical protein BBOV_III009790 [Babesia bovis T2Bo]
#
# Program:         hmmsearch
# Version:         3.4 (Aug 2023)
# Pipeline mode:   SEARCH
# Query file:      /share/korflab/project/torture/Analysis/HMMs/RAPTOR_FULL.hmm
# Target file:     /share/korflab/project/torture/Analysis/Proteomes/Alveolata/Alveolata-genome-proteins/ncbi_dataset/data/GCA_000165395.2/protein.faa
# Option settings: hmmsearch --tblout /share/korflab/project/torture/Analysis/HMMER_Output/Alveolata/RAPTOR/GCA_000165395.2_RAPTOR_FULL.out /share/korflab/project/torture/Analysis/HMMs/RAPTOR_FULL.hmm /share/korflab/project/torture/Analysis/Proteomes/Alveolata/Alveolata-genome-proteins/ncbi_dataset/data/GCA_000165395.2/protein.faa 
# Current dir:     /share/korflab/project/torture/Analysis
# Date:            Mon Oct  7 11:27:53 2024
# [ok]
