#                                                                --- full sequence ---- --- best 1 domain ---- --- domain number estimation ----
# target name        accession  query name            accession    E-value  score  bias   E-value  score  bias   exp reg clu  ov env dom rep inc description of target
#------------------- ----------  -------------------- ---------- --------- ------ ----- --------- ------ -----   --- --- --- --- --- --- --- --- ---------------------
KNC36948.1           -          PTHR12848.orig.30.pir -            3.5e-12   42.7   0.0   5.8e-09   32.1   0.0   2.0   1   1   1   2   2   2   2 G-beta repeat protein [Plasmodium falciparum RAJ116]
KNC36898.1           -          PTHR12848.orig.30.pir -              6e-12   41.9   0.4   1.7e-10   37.1   0.1   2.4   2   1   1   3   3   3   2 COPI protein [Plasmodium falciparum RAJ116]
KNC35765.1           -          PTHR12848.orig.30.pir -            2.1e-11   40.2   1.3   2.5e-11   39.9   1.3   1.2   1   0   0   1   1   1   1 RNA binding protein [Plasmodium falciparum RAJ116]
KNC37763.1           -          PTHR12848.orig.30.pir -            9.2e-10   34.7  11.1   9.6e-07   24.7   0.0   2.9   1   1   2   3   3   3   2 WD domain-containing protein [Plasmodium falciparum RAJ116]
KNC35982.1           -          PTHR12848.orig.30.pir -            2.1e-08   30.2   0.3     4e-07   26.0   0.1   3.2   1   1   1   3   3   2   2 coatomer alpha subunit [Plasmodium falciparum RAJ116]
KNC35826.1           -          PTHR12848.orig.30.pir -              3e-06   23.1   0.4   3.6e-06   22.8   0.4   1.0   1   0   0   1   1   1   1 guanine nucleotide-binding protein, partial [Plasmodium falciparum RAJ116]
KNC37258.1           -          PTHR12848.orig.30.pir -            7.7e-05   18.4   0.0   8.1e-05   18.3   0.0   1.1   1   0   0   1   1   1   1 coronin [Plasmodium falciparum RAJ116]
KNC37831.1           -          PTHR12848.orig.30.pir -            0.00038   16.1   0.0   0.00044   15.9   0.0   1.0   1   0   0   1   1   1   1 RNA binding protein [Plasmodium falciparum RAJ116]
KNC36759.1           -          PTHR12848.orig.30.pir -             0.0027   13.3   5.0    0.0043   12.6   4.9   1.5   1   1   0   1   1   1   1 hypothetical protein PFLG_02121, partial [Plasmodium falciparum RAJ116]
KNC37723.1           -          PTHR12848.orig.30.pir -             0.0028   13.2   0.0    0.0028   13.2   0.0   1.1   1   0   0   1   1   1   1 eukaryotic translation initiation factor 3 kDa subunit, partial [Plasmodium falciparum RAJ116]
KNC37621.1           -          PTHR12848.orig.30.pir -             0.0029   13.2   0.0    0.0031   13.1   0.0   1.2   1   0   0   1   1   1   1 hypothetical protein PFLG_01803 [Plasmodium falciparum RAJ116]
KNC37919.1           -          PTHR12848.orig.30.pir -             0.0032   13.0   0.2    0.0042   12.6   0.2   1.0   1   0   0   1   1   1   1 hypothetical protein PFLG_03068 [Plasmodium falciparum RAJ116]
KNC37729.1           -          PTHR12848.orig.30.pir -              0.004   12.7   0.2    0.0049   12.4   0.2   1.2   1   1   0   1   1   1   1 eukaryotic translation initiation factor 3 kDa subunit [Plasmodium falciparum RAJ116]
KNC35990.1           -          PTHR12848.orig.30.pir -             0.0047   12.5   0.0    0.0058   12.2   0.0   1.2   1   0   0   1   1   1   1 adapter protein complex 3 subunit beta 2 [Plasmodium falciparum RAJ116]
KNC37988.1           -          PTHR12848.orig.30.pir -              0.008   11.7   1.7     0.012   11.1   1.1   1.3   1   1   0   1   1   1   1 hypothetical protein PFLG_03031 [Plasmodium falciparum RAJ116]
KNC37262.1           -          PTHR12848.orig.30.pir -              0.024   10.1   2.3      0.73    5.2   0.1   2.2   1   1   0   2   2   2   0 karyopherin beta [Plasmodium falciparum RAJ116]
KNC35617.1           -          PTHR12848.orig.30.pir -               0.46    5.9   5.6      0.64    5.4   5.6   1.2   1   0   0   1   1   1   0 hypothetical protein PFLG_00629 [Plasmodium falciparum RAJ116]
KNC37290.1           -          PTHR12848.orig.30.pir -                2.7    3.4  27.6       2.6    3.4  27.6   1.0   1   0   0   1   1   1   0 QF122 antigen [Plasmodium falciparum RAJ116]
KNC36164.1           -          PTHR12848.orig.30.pir -                2.9    3.3  21.7       6.7    2.0  21.7   1.6   1   0   0   1   1   1   0 DNA polymerase zeta catalytic subunit [Plasmodium falciparum RAJ116]
#
# Program:         hmmsearch
# Version:         3.4 (Aug 2023)
# Pipeline mode:   SEARCH
# Query file:      /share/korflab/project/torture/Analysis/HMMs/RAPTOR_FULL.hmm
# Target file:     /share/korflab/project/torture/Analysis/Proteomes/Alveolata/Alveolata-genome-proteins/ncbi_dataset/data/GCA_000186025.2/protein.faa
# Option settings: hmmsearch --tblout /share/korflab/project/torture/Analysis/HMMER_Output/Alveolata/RAPTOR/GCA_000186025.2_RAPTOR_FULL.out /share/korflab/project/torture/Analysis/HMMs/RAPTOR_FULL.hmm /share/korflab/project/torture/Analysis/Proteomes/Alveolata/Alveolata-genome-proteins/ncbi_dataset/data/GCA_000186025.2/protein.faa 
# Current dir:     /share/korflab/project/torture/Analysis
# Date:            Mon Oct  7 11:27:58 2024
# [ok]
