# hmmsearch :: search profile(s) against a sequence database
# HMMER 3.3.2 (Nov 2020); http://hmmer.org/
# Copyright (C) 2020 Howard Hughes Medical Institute.
# Freely distributed under the BSD open source license.
# - - - - - - - - - - - - - - - - - - - - - - - - - - - - - - - - - - - -
# query HMM file:                  /home/kyle/Desktop/HMMER_WORK/HMMs/Full/SIN1_FULL.hmm
# target sequence database:        /home/kyle/Desktop/HMMER_WORK/Stramenopiles/Proteins/Aureococcus_anophagefferens_protein.faa
# - - - - - - - - - - - - - - - - - - - - - - - - - - - - - - - - - - - -

Query:       PTHR13335.orig.30.pir  [M=672]
Scores for complete sequences (score includes all domains):
   --- full sequence ---   --- best 1 domain ---    -#dom-
    E-value  score  bias    E-value  score  bias    exp  N  Sequence Description
    ------- ------ -----    ------- ------ -----   ---- --  -------- -----------

   [No hits detected that satisfy reporting thresholds]


Domain annotation for each sequence (and alignments):

   [No targets detected that satisfy reporting thresholds]


Internal pipeline statistics summary:
-------------------------------------
Query model(s):                            1  (672 nodes)
Target sequences:                      11520  (6025584 residues searched)
Passed MSV filter:                       499  (0.043316); expected 230.4 (0.02)
Passed bias filter:                      277  (0.0240451); expected 230.4 (0.02)
Passed Vit filter:                        38  (0.00329861); expected 11.5 (0.001)
Passed Fwd filter:                         1  (8.68056e-05); expected 0.1 (1e-05)
Initial search space (Z):              11520  [actual number of targets]
Domain search space  (domZ):               0  [number of targets reported over threshold]
# CPU time: 0.18u 0.01s 00:00:00.19 Elapsed: 00:00:00.08
# Mc/sec: 45237.06
//
[ok]
