# hmmsearch :: search profile(s) against a sequence database
# HMMER 3.3.2 (Nov 2020); http://hmmer.org/
# Copyright (C) 2020 Howard Hughes Medical Institute.
# Freely distributed under the BSD open source license.
# - - - - - - - - - - - - - - - - - - - - - - - - - - - - - - - - - - - -
# query HMM file:                  /home/kyle/Desktop/HMMER_WORK/HMMs/Full/MTOR_FULL.hmm
# target sequence database:        /home/kyle/Desktop/HMMER_WORK/Stramenopiles/Proteins/Nannochloropsis_gaditana_protein.faa
# - - - - - - - - - - - - - - - - - - - - - - - - - - - - - - - - - - - -

Query:       mTOR_dom  [M=160]
Accession:   PF11865.13
Description: Serine/threonine-protein kinase mTOR domain
Scores for complete sequences (score includes all domains):
   --- full sequence ---   --- best 1 domain ---    -#dom-
    E-value  score  bias    E-value  score  bias    exp  N  Sequence Description
    ------- ------ -----    ------- ------ -----   ---- --  -------- -----------

   [No hits detected that satisfy reporting thresholds]


Domain annotation for each sequence (and alignments):

   [No targets detected that satisfy reporting thresholds]


Internal pipeline statistics summary:
-------------------------------------
Query model(s):                            1  (160 nodes)
Target sequences:                       3554  (1055556 residues searched)
Passed MSV filter:                        91  (0.025605); expected 71.1 (0.02)
Passed bias filter:                       85  (0.0239167); expected 71.1 (0.02)
Passed Vit filter:                        11  (0.0030951); expected 3.6 (0.001)
Passed Fwd filter:                         0  (0); expected 0.0 (1e-05)
Initial search space (Z):               3554  [actual number of targets]
Domain search space  (domZ):               0  [number of targets reported over threshold]
# CPU time: 0.01u 0.05s 00:00:00.06 Elapsed: 00:00:00.10
# Mc/sec: 1684.14
//
[ok]
