# hmmsearch :: search profile(s) against a sequence database
# HMMER 3.3.2 (Nov 2020); http://hmmer.org/
# Copyright (C) 2020 Howard Hughes Medical Institute.
# Freely distributed under the BSD open source license.
# - - - - - - - - - - - - - - - - - - - - - - - - - - - - - - - - - - - -
# query HMM file:                  /home/kyle/Desktop/HMMER_WORK/HMMs/Full/SIN1_FULL.hmm
# target sequence database:        /home/kyle/Desktop/HMMER_WORK/Chlorophyta/Proteins/Ostreococcus_lucimarinus.faa
# - - - - - - - - - - - - - - - - - - - - - - - - - - - - - - - - - - - -

Query:       PTHR13335.orig.30.pir  [M=672]
Scores for complete sequences (score includes all domains):
   --- full sequence ---   --- best 1 domain ---    -#dom-
    E-value  score  bias    E-value  score  bias    exp  N  Sequence   Description
    ------- ------ -----    ------- ------ -----   ---- --  --------   -----------
  ------ inclusion threshold ------
        3.3    5.3  35.4        1.5    6.4  33.3    1.3  1  ABO95821.1  predicted protein [Ostreococcus lucimarinus CCE99


Domain annotation for each sequence (and alignments):
>> ABO95821.1  predicted protein [Ostreococcus lucimarinus CCE9901]
   #    score  bias  c-Evalue  i-Evalue hmmfrom  hmm to    alifrom  ali to    envfrom  env to     acc
 ---   ------ ----- --------- --------- ------- -------    ------- -------    ------- -------    ----
   1 ?    6.4  33.3   0.00019       1.5     117     302 ..     411     604 ..     392     615 .. 0.55

  Alignments for each domain:
  == domain 1  score: 6.4 bits;  conditional E-value: 0.00019
  PTHR13335.orig.30.pir 117 psyeeelqsvdissssldegsrrrrantavkleklrkerrsksasiassee.rdqsscksiqwktessvkedsvqrassesslssers 203
                            ++  + +   d++ s  ++  ++++++ ++++++++k+ +s +++i s ++ + +ss+ + +++   s+++ds++++ss+ss+ss++s
             ABO95821.1 411 DDEASLSGKADLT-SLPEKDANNEKDSAKADEATQPKNVESNTGAIKSRSSgS-SSSSSNSSSS---SSSSDSSDSSSSSSSSSSSSS 493
                            4444445555666.666778888888999999999999999988888877755.4444444443...444444444444444444444 PP

  PTHR13335.orig.30.pir 204 sdssssssapsr.rq..snkldseq.................lsaeesdslfekkskssstktqkskkpssaakqsisslssaLekkp 271
                            s+ssss+++++r +   s+ l++++                      ++s+++++++s+  + ++s++ +++       ++sa +++ 
             ABO95821.1 494 SSSSSSQKTAERvTAtsSKALTPRDmttandkvlekvirapgGLSRILSSINVAAQSSGGDSSKQSTPGKDV-------VASAAKQTT 574
                            444444444444333653333333344444455555565555222333344777777777777777777777.......344444444 PP

  PTHR13335.orig.30.pir 272 sqlnnpfneyakfdgkgvgttaslkidiylp 302
                              +     + a+++g++ ++ta  ki i  p
             ABO95821.1 575 E-PAEDTIQVAAVKGESKKGTAKVKITIKRP 604
                            3.33333333333333323666666666555 PP



Internal pipeline statistics summary:
-------------------------------------
Query model(s):                            1  (672 nodes)
Target sequences:                       7603  (3069386 residues searched)
Passed MSV filter:                       619  (0.0814152); expected 152.1 (0.02)
Passed bias filter:                      247  (0.0324872); expected 152.1 (0.02)
Passed Vit filter:                        33  (0.00434039); expected 7.6 (0.001)
Passed Fwd filter:                         4  (0.000526108); expected 0.1 (1e-05)
Initial search space (Z):               7603  [actual number of targets]
Domain search space  (domZ):               1  [number of targets reported over threshold]
# CPU time: 0.17u 0.09s 00:00:00.26 Elapsed: 00:00:00.15
# Mc/sec: 13689.78
//
[ok]
