# hmmsearch :: search profile(s) against a sequence database
# HMMER 3.3.2 (Nov 2020); http://hmmer.org/
# Copyright (C) 2020 Howard Hughes Medical Institute.
# Freely distributed under the BSD open source license.
# - - - - - - - - - - - - - - - - - - - - - - - - - - - - - - - - - - - -
# query HMM file:                  /home/kyle/Desktop/HMMER_WORK/HMMs/Full/TOR_FULL.hmm
# target sequence database:        /home/kyle/Desktop/HMMER_WORK/Fungi/Proteins/Batrachochytrium_dendrobatidis_jel423_gca_000149865.BD_JEL423.pep.all.fa
# - - - - - - - - - - - - - - - - - - - - - - - - - - - - - - - - - - - -

Query:       PTHR11139.orig.30.pir  [M=2684]
Scores for complete sequences (score includes all domains):
   --- full sequence ---   --- best 1 domain ---    -#dom-
    E-value  score  bias    E-value  score  bias    exp  N  Sequence Description
    ------- ------ -----    ------- ------ -----   ---- --  -------- -----------

   [No hits detected that satisfy reporting thresholds]


Domain annotation for each sequence (and alignments):

   [No targets detected that satisfy reporting thresholds]


Internal pipeline statistics summary:
-------------------------------------
Query model(s):                            1  (2684 nodes)
Target sequences:                        155  (48810 residues searched)
Passed MSV filter:                         5  (0.0322581); expected 3.1 (0.02)
Passed bias filter:                        3  (0.0193548); expected 3.1 (0.02)
Passed Vit filter:                         0  (0); expected 0.2 (0.001)
Passed Fwd filter:                         0  (0); expected 0.0 (1e-05)
Initial search space (Z):                155  [actual number of targets]
Domain search space  (domZ):               0  [number of targets reported over threshold]
# CPU time: 0.01u 0.00s 00:00:00.01 Elapsed: 00:00:00.02
# Mc/sec: 5571.97
//
[ok]
