# hmmsearch :: search profile(s) against a sequence database
# HMMER 3.3.2 (Nov 2020); http://hmmer.org/
# Copyright (C) 2020 Howard Hughes Medical Institute.
# Freely distributed under the BSD open source license.
# - - - - - - - - - - - - - - - - - - - - - - - - - - - - - - - - - - - -
# query HMM file:                  /home/kyle/Desktop/HMMER_WORK/HMMs/Full/SIN1_FULL.hmm
# target sequence database:        /home/kyle/Desktop/HMMER_WORK/Excavata/Proteins/Spironucleus_salmonicida.faa
# - - - - - - - - - - - - - - - - - - - - - - - - - - - - - - - - - - - -

Query:       PTHR13335.orig.30.pir  [M=672]
Scores for complete sequences (score includes all domains):
   --- full sequence ---   --- best 1 domain ---    -#dom-
    E-value  score  bias    E-value  score  bias    exp  N  Sequence Description
    ------- ------ -----    ------- ------ -----   ---- --  -------- -----------

   [No hits detected that satisfy reporting thresholds]


Domain annotation for each sequence (and alignments):

   [No targets detected that satisfy reporting thresholds]


Internal pipeline statistics summary:
-------------------------------------
Query model(s):                            1  (672 nodes)
Target sequences:                       8667  (3325212 residues searched)
Passed MSV filter:                      1273  (0.146879); expected 173.3 (0.02)
Passed bias filter:                      218  (0.0251529); expected 173.3 (0.02)
Passed Vit filter:                        41  (0.00473059); expected 8.7 (0.001)
Passed Fwd filter:                         0  (0); expected 0.1 (1e-05)
Initial search space (Z):               8667  [actual number of targets]
Domain search space  (domZ):               0  [number of targets reported over threshold]
# CPU time: 0.10u 0.05s 00:00:00.15 Elapsed: 00:00:00.07
# Mc/sec: 30948.81
//
[ok]
