# hmmsearch :: search profile(s) against a sequence database
# HMMER 3.3.2 (Nov 2020); http://hmmer.org/
# Copyright (C) 2020 Howard Hughes Medical Institute.
# Freely distributed under the BSD open source license.
# - - - - - - - - - - - - - - - - - - - - - - - - - - - - - - - - - - - -
# query HMM file:                  /home/kyle/Desktop/HMMER_WORK/HMMs/Full/Pianissimo_FULL.hmm
# target sequence database:        /home/kyle/Desktop/HMMER_WORK/Rhodophyta/Proteins/Chondrus_crispus_protein.faa
# - - - - - - - - - - - - - - - - - - - - - - - - - - - - - - - - - - - -

Query:       PTHR13298.orig.30.pir  [M=1175]
Scores for complete sequences (score includes all domains):
   --- full sequence ---   --- best 1 domain ---    -#dom-
    E-value  score  bias    E-value  score  bias    exp  N  Sequence   Description
    ------- ------ -----    ------- ------ -----   ---- --  --------   -----------
  ------ inclusion threshold ------
      0.082    9.3   0.1        4.2    3.6   0.1    2.4  2  CDF39856.1  Predicted protein [Chondrus crispus]


Domain annotation for each sequence (and alignments):
>> CDF39856.1  Predicted protein [Chondrus crispus]
   #    score  bias  c-Evalue  i-Evalue hmmfrom  hmm to    alifrom  ali to    envfrom  env to     acc
 ---   ------ ----- --------- --------- ------- -------    ------- -------    ------- -------    ----
   1 ?    3.0   0.0   0.00066       6.5     909     999 ..     120     203 ..      30     242 .. 0.79
   2 ?    3.6   0.1   0.00043       4.2     182     235 ..     294     348 ..     251     363 .. 0.84

  Alignments for each domain:
  == domain 1  score: 3.0 bits;  conditional E-value: 0.00066
  PTHR13298.orig.30.pir 909 ekkghleelaetirshgledseeilklkaalWAlghigsselGlelleeenedliediiklaeesevlsvrGtcfyvlgliarteqga 996
                            ++++++++++e++ +    ds   l+   a W+l +i+s     + +   +++ ++ ++ l ++ +   vr  ++++lg ia  ++ +
             CDF39856.1 120 IAQNVVPRFVEFLSD----DSNPQLQFE-AAWSLTNIASGTSSHTRVVI-DNGAVPVFVYLLNS-PNDDVREQAVWALGNIAGDSSKC 200
                            556888888888888....555566654.55899999888887777777.57888888888886.88888888888888888777766 PP

  PTHR13298.orig.30.pir 997 eiL 999
                            + L
             CDF39856.1 201 RDL 203
                            665 PP

  == domain 2  score: 3.6 bits;  conditional E-value: 0.00043
  PTHR13298.orig.30.pir 182 latlcelallnpelvaeagglrvlldalle..cqlperiaesllavllyllnrpst 235
                            +  l+el+l++  ++ +++ lr++ + ++    q++  i+ s+l +ll+lln+p+ 
             CDF39856.1 294 VKRLVELLLHQ-NVSVQTPSLRTVGNIVTGndVQTQFVINVSALPCLLNLLNSPKK 348
                            67799999999.999**************998999999***************985 PP



Internal pipeline statistics summary:
-------------------------------------
Query model(s):                            1  (1175 nodes)
Target sequences:                       9807  (3430526 residues searched)
Passed MSV filter:                       330  (0.0336494); expected 196.1 (0.02)
Passed bias filter:                      191  (0.0194759); expected 196.1 (0.02)
Passed Vit filter:                        12  (0.00122362); expected 9.8 (0.001)
Passed Fwd filter:                         1  (0.000101968); expected 0.1 (1e-05)
Initial search space (Z):               9807  [actual number of targets]
Domain search space  (domZ):               1  [number of targets reported over threshold]
# CPU time: 0.17u 0.06s 00:00:00.23 Elapsed: 00:00:00.11
# Mc/sec: 34006.15
//
[ok]
