# hmmsearch :: search profile(s) against a sequence database
# HMMER 3.3.2 (Nov 2020); http://hmmer.org/
# Copyright (C) 2020 Howard Hughes Medical Institute.
# Freely distributed under the BSD open source license.
# - - - - - - - - - - - - - - - - - - - - - - - - - - - - - - - - - - - -
# query HMM file:                  /home/kyle/Desktop/HMMER_WORK/HMMs/Full/Pianissimo_FULL.hmm
# target sequence database:        /home/kyle/Desktop/HMMER_WORK/Rhodophyta/Proteins/Galderia_sulphuraria_protein.faa
# - - - - - - - - - - - - - - - - - - - - - - - - - - - - - - - - - - - -

Query:       PTHR13298.orig.30.pir  [M=1175]
Scores for complete sequences (score includes all domains):
   --- full sequence ---   --- best 1 domain ---    -#dom-
    E-value  score  bias    E-value  score  bias    exp  N  Sequence Description
    ------- ------ -----    ------- ------ -----   ---- --  -------- -----------

   [No hits detected that satisfy reporting thresholds]


Domain annotation for each sequence (and alignments):

   [No targets detected that satisfy reporting thresholds]


Internal pipeline statistics summary:
-------------------------------------
Query model(s):                            1  (1175 nodes)
Target sequences:                       7174  (3008406 residues searched)
Passed MSV filter:                       489  (0.0681628); expected 143.5 (0.02)
Passed bias filter:                      145  (0.0202119); expected 143.5 (0.02)
Passed Vit filter:                        14  (0.00195149); expected 7.2 (0.001)
Passed Fwd filter:                         0  (0); expected 0.1 (1e-05)
Initial search space (Z):               7174  [actual number of targets]
Domain search space  (domZ):               0  [number of targets reported over threshold]
# CPU time: 0.11u 0.01s 00:00:00.12 Elapsed: 00:00:00.06
# Mc/sec: 58110.39
//
[ok]
