# hmmsearch :: search profile(s) against a sequence database
# HMMER 3.3.2 (Nov 2020); http://hmmer.org/
# Copyright (C) 2020 Howard Hughes Medical Institute.
# Freely distributed under the BSD open source license.
# - - - - - - - - - - - - - - - - - - - - - - - - - - - - - - - - - - - -
# query HMM file:                  /home/kyle/Desktop/HMMER_WORK/HMMs/Full/Pianissimo_FULL.hmm
# target sequence database:        /home/kyle/Desktop/HMMER_WORK/Ciliates/Proteins/S_pyriformis_protein.faa
# - - - - - - - - - - - - - - - - - - - - - - - - - - - - - - - - - - - -

Query:       PTHR13298.orig.30.pir  [M=1175]
Scores for complete sequences (score includes all domains):
   --- full sequence ---   --- best 1 domain ---    -#dom-
    E-value  score  bias    E-value  score  bias    exp  N  Sequence     Description
    ------- ------ -----    ------- ------ -----   ---- --  --------     -----------
    7.4e-05   18.3   0.2       0.55    5.5   0.1    3.3  3  StePyr_11812  
    0.00015   17.3   2.0      0.067    8.5   0.2    2.5  2  StePyr_13284  


Domain annotation for each sequence (and alignments):
>> StePyr_11812  
   #    score  bias  c-Evalue  i-Evalue hmmfrom  hmm to    alifrom  ali to    envfrom  env to     acc
 ---   ------ ----- --------- --------- ------- -------    ------- -------    ------- -------    ----
   1 !    3.6   0.0   0.00086       2.1     906     969 ..      95     152 ..      90     160 .. 0.79
   2 !    5.5   0.1   0.00023      0.55     907     972 ..     181     239 ..     174     270 .. 0.78
   3 !    4.8   0.0   0.00038      0.91     935     971 ..     329     364 ..     314     369 .. 0.82

  Alignments for each domain:
  == domain 1  score: 3.6 bits;  conditional E-value: 0.00086
  PTHR13298.orig.30.pir 906 elLekkghleelaetirshgledseeilklkaalWAlghigsselGlelleeenedliediikl 969
                            + ++++g+++ l+e+i++     +   l++  a WAl++i+s e+  + ++ e ++ ++ i+ l
           StePyr_11812  95 QQIIDSGIIPALIEFIKR----FDYPDLQYE-AAWALSNIASGEQEHTKIIVE-KGAVPFIVTL 152
                            678999999999999999....555567776.56*********9988777664.4677777766 PP

  == domain 2  score: 5.5 bits;  conditional E-value: 0.00023
  PTHR13298.orig.30.pir 907 lLekkghleelaetirshgledseeilklkaalWAlghigsselGlelleeenedliediiklaee 972
                            l+ + g +++l+++i++    +s+e   ++ a WAlg+i++ e + e+ +   +d ++ ++kl+ +
           StePyr_11812 181 LICQFGAVPRLIHIIEN----SSAE-YLIQPATWALGNICKGEKAPEFKII--KDAVRIFCKLVLN 239
                            67777888888888888....3333.44789******************99..6799999998866 PP

  == domain 3  score: 4.8 bits;  conditional E-value: 0.00038
  PTHR13298.orig.30.pir 935 lkaalWAlghigsselGlelleeenedliediiklae 971
                             k +lW+l++i++ ++        ne+++++ii++ +
           StePyr_11812 329 RKESLWCLSNISAGNEDHIASVI-NEGIYPKIIRILY 364
                            699********998877666655.588******9976 PP

>> StePyr_13284  
   #    score  bias  c-Evalue  i-Evalue hmmfrom  hmm to    alifrom  ali to    envfrom  env to     acc
 ---   ------ ----- --------- --------- ------- -------    ------- -------    ------- -------    ----
   1 !    8.5   0.2   2.8e-05     0.067     905     950 ..     142     181 ..     137     200 .. 0.83
   2 !    7.9   0.1   4.3e-05       0.1     930     987 ..     328     383 ..     305     390 .. 0.85

  Alignments for each domain:
  == domain 1  score: 8.5 bits;  conditional E-value: 2.8e-05
  PTHR13298.orig.30.pir 905 celLekkghleelaetirshgledseeilklkaalWAlghigssel 950
                            c  L++ g+++ ++++++        +i  +k ++WA+g+i+s+++
           StePyr_13284 142 CSALKDLGIIPLIVNFLTA------NNIELKKQSIWAIGNIASNSA 181
                            7788888888888877777......677789************975 PP

  == domain 2  score: 7.9 bits;  conditional E-value: 4.3e-05
  PTHR13298.orig.30.pir 930 eeilklkaalWAlghigs.selGlelleeenedliediiklaeesevlsvrGtcfyvlg 987
                            +  +  k a WAl++i+s +++ l+++ +   +l  ++i la++ ++  v   c++vl+
           StePyr_13284 328 RHRKIRKEAAWALANICSeTPQQLDFVFN--ANLFDRVICLAQT-DSSAVKSECVWVLC 383
                            4445589*********9857899999999..55**********8.7999********98 PP



Internal pipeline statistics summary:
-------------------------------------
Query model(s):                            1  (1175 nodes)
Target sequences:                       4783  (2027660 residues searched)
Passed MSV filter:                       549  (0.114782); expected 95.7 (0.02)
Passed bias filter:                       95  (0.019862); expected 95.7 (0.02)
Passed Vit filter:                        10  (0.00209074); expected 4.8 (0.001)
Passed Fwd filter:                         2  (0.000418148); expected 0.0 (1e-05)
Initial search space (Z):               4783  [actual number of targets]
Domain search space  (domZ):               2  [number of targets reported over threshold]
# CPU time: 0.10u 0.01s 00:00:00.11 Elapsed: 00:00:00.05
# Mc/sec: 40157.81
//
[ok]
