# hmmsearch :: search profile(s) against a sequence database
# HMMER 3.3.2 (Nov 2020); http://hmmer.org/
# Copyright (C) 2020 Howard Hughes Medical Institute.
# Freely distributed under the BSD open source license.
# - - - - - - - - - - - - - - - - - - - - - - - - - - - - - - - - - - - -
# query HMM file:                  /home/kyle/Desktop/HMMER_WORK/HMMs/Full/TOR_FAT.hmm
# target sequence database:        /home/kyle/Desktop/HMMER_WORK/Alveolata/Proteins/Cyclospora_cayetanensis.faa
# - - - - - - - - - - - - - - - - - - - - - - - - - - - - - - - - - - - -

Query:       FAT  [M=343]
Accession:   PF02259.28
Description: FAT domain
Scores for complete sequences (score includes all domains):
   --- full sequence ---   --- best 1 domain ---    -#dom-
    E-value  score  bias    E-value  score  bias    exp  N  Sequence Description
    ------- ------ -----    ------- ------ -----   ---- --  -------- -----------

   [No hits detected that satisfy reporting thresholds]


Domain annotation for each sequence (and alignments):

   [No targets detected that satisfy reporting thresholds]


Internal pipeline statistics summary:
-------------------------------------
Query model(s):                            1  (343 nodes)
Target sequences:                       5793  (3698712 residues searched)
Passed MSV filter:                       701  (0.121008); expected 115.9 (0.02)
Passed bias filter:                      111  (0.0191611); expected 115.9 (0.02)
Passed Vit filter:                        17  (0.00293458); expected 5.8 (0.001)
Passed Fwd filter:                         0  (0); expected 0.1 (1e-05)
Initial search space (Z):               5793  [actual number of targets]
Domain search space  (domZ):               0  [number of targets reported over threshold]
# CPU time: 0.03u 0.03s 00:00:00.06 Elapsed: 00:00:00.03
# Mc/sec: 36464.57
//
[ok]
