# hmmsearch :: search profile(s) against a sequence database
# HMMER 3.3.2 (Nov 2020); http://hmmer.org/
# Copyright (C) 2020 Howard Hughes Medical Institute.
# Freely distributed under the BSD open source license.
# - - - - - - - - - - - - - - - - - - - - - - - - - - - - - - - - - - - -
# query HMM file:                  /home/kyle/Desktop/HMMER_WORK/HMMs/Full/TOR_FAT.hmm
# target sequence database:        /home/kyle/Desktop/HMMER_WORK/Alveolata/Proteins/Plasmodium_falciparum.faa
# - - - - - - - - - - - - - - - - - - - - - - - - - - - - - - - - - - - -

Query:       FAT  [M=343]
Accession:   PF02259.28
Description: FAT domain
Scores for complete sequences (score includes all domains):
   --- full sequence ---   --- best 1 domain ---    -#dom-
    E-value  score  bias    E-value  score  bias    exp  N  Sequence Description
    ------- ------ -----    ------- ------ -----   ---- --  -------- -----------

   [No hits detected that satisfy reporting thresholds]


Domain annotation for each sequence (and alignments):

   [No targets detected that satisfy reporting thresholds]


Internal pipeline statistics summary:
-------------------------------------
Query model(s):                            1  (343 nodes)
Target sequences:                       5387  (4103467 residues searched)
Passed MSV filter:                      1276  (0.236867); expected 107.7 (0.02)
Passed bias filter:                       88  (0.0163356); expected 107.7 (0.02)
Passed Vit filter:                         5  (0.00092816); expected 5.4 (0.001)
Passed Fwd filter:                         0  (0); expected 0.1 (1e-05)
Initial search space (Z):               5387  [actual number of targets]
Domain search space  (domZ):               0  [number of targets reported over threshold]
# CPU time: 0.08u 0.00s 00:00:00.08 Elapsed: 00:00:00.04
# Mc/sec: 35142.89
//
[ok]
